=> creating model 'sew18'
=> created model 'sew18'
load_weight_success
/opt/conda/lib/python3.8/site-packages/torch/nn/functional.py:718: UserWarning: Named tensors and all their associated APIs are an experimental feature and subject to change. Please do not use them for anything important until they are released as stable. (Triggered internally at  ../c10/core/TensorImpl.h:1153.)
  return torch.max_pool2d(input, kernel_size, stride, padding, dilation, ceil_mode)
Epoch: [0][   0/2503]	Time 18.724 (18.724)	Data  9.462 ( 9.462)	Loss 3.0058e+02 (3.0058e+02)	Acc@1   0.39 (  0.39)	Acc@5   2.93 (  2.93)
* loss@1 16.888 Acc@1 41.919 Acc@5 65.189
Test: [ 0/98]	Time 11.766 (11.766)	Loss 2.0662e+00 (2.0662e+00)	Acc@1  52.73 ( 52.73)	Acc@5  78.12 ( 78.12)
* loss@1 2.056 Acc@1 53.426 Acc@5 77.402
Epoch: [1][   0/2503]	Time 10.575 (10.575)	Data 10.143 (10.143)	Loss 2.0465e+02 (2.0465e+02)	Acc@1  48.83 ( 48.83)	Acc@5  72.27 ( 72.27)
* loss@1 11.081 Acc@1 50.858 Acc@5 73.719
Test: [ 0/98]	Time 10.436 (10.436)	Loss 1.9105e+00 (1.9105e+00)	Acc@1  58.20 ( 58.20)	Acc@5  78.71 ( 78.71)
* loss@1 1.894 Acc@1 56.594 Acc@5 79.996
Epoch: [2][   0/2503]	Time 12.493 (12.493)	Data  9.489 ( 9.489)	Loss 1.7005e+02 (1.7005e+02)	Acc@1  57.03 ( 57.03)	Acc@5  73.63 ( 73.63)
* loss@1 9.923 Acc@1 52.888 Acc@5 75.300
Test: [ 0/98]	Time 11.521 (11.521)	Loss 1.8229e+00 (1.8229e+00)	Acc@1  58.59 ( 58.59)	Acc@5  80.47 ( 80.47)
* loss@1 1.817 Acc@1 58.162 Acc@5 81.130
Epoch: [3][   0/2503]	Time  8.721 ( 8.721)	Data  8.418 ( 8.418)	Loss 1.5037e+02 (1.5037e+02)	Acc@1  52.54 ( 52.54)	Acc@5  75.20 ( 75.20)
* loss@1 9.290 Acc@1 53.979 Acc@5 76.183
Test: [ 0/98]	Time 11.584 (11.584)	Loss 1.5978e+00 (1.5978e+00)	Acc@1  61.91 ( 61.91)	Acc@5  85.74 ( 85.74)
* loss@1 1.777 Acc@1 59.002 Acc@5 81.662
Epoch: [4][   0/2503]	Time  8.676 ( 8.676)	Data  7.081 ( 7.081)	Loss 1.3437e+02 (1.3437e+02)	Acc@1  49.80 ( 49.80)	Acc@5  75.00 ( 75.00)
* loss@1 8.841 Acc@1 54.776 Acc@5 76.760
Test: [ 0/98]	Time 12.470 (12.470)	Loss 1.7314e+00 (1.7314e+00)	Acc@1  59.38 ( 59.38)	Acc@5  82.23 ( 82.23)
* loss@1 1.739 Acc@1 59.788 Acc@5 82.432
Epoch: [5][   0/2503]	Time 10.926 (10.926)	Data  9.683 ( 9.683)	Loss 1.2015e+02 (1.2015e+02)	Acc@1  59.57 ( 59.57)	Acc@5  80.47 ( 80.47)
* loss@1 8.523 Acc@1 55.400 Acc@5 77.202
Test: [ 0/98]	Time 13.902 (13.902)	Loss 1.6875e+00 (1.6875e+00)	Acc@1  60.16 ( 60.16)	Acc@5  81.45 ( 81.45)
* loss@1 1.724 Acc@1 60.078 Acc@5 82.530
Epoch: [6][   0/2503]	Time  9.370 ( 9.370)	Data  8.179 ( 8.179)	Loss 1.1289e+02 (1.1289e+02)	Acc@1  58.59 ( 58.59)	Acc@5  80.86 ( 80.86)
* loss@1 8.290 Acc@1 55.834 Acc@5 77.488
Test: [ 0/98]	Time 10.708 (10.708)	Loss 1.5833e+00 (1.5833e+00)	Acc@1  62.50 ( 62.50)	Acc@5  83.98 ( 83.98)
* loss@1 1.703 Acc@1 60.416 Acc@5 82.824
Epoch: [7][   0/2503]	Time  9.443 ( 9.443)	Data  8.528 ( 8.528)	Loss 1.0580e+02 (1.0580e+02)	Acc@1  53.71 ( 53.71)	Acc@5  77.93 ( 77.93)
* loss@1 8.084 Acc@1 56.266 Acc@5 77.814
Test: [ 0/98]	Time  9.819 ( 9.819)	Loss 1.8420e+00 (1.8420e+00)	Acc@1  60.55 ( 60.55)	Acc@5  79.49 ( 79.49)
* loss@1 1.721 Acc@1 60.226 Acc@5 82.620
Epoch: [8][   0/2503]	Time  9.991 ( 9.991)	Data  9.680 ( 9.680)	Loss 9.9927e+01 (9.9927e+01)	Acc@1  55.86 ( 55.86)	Acc@5  78.32 ( 78.32)
* loss@1 7.908 Acc@1 56.579 Acc@5 78.076
Test: [ 0/98]	Time  9.761 ( 9.761)	Loss 1.7186e+00 (1.7186e+00)	Acc@1  59.77 ( 59.77)	Acc@5  81.64 ( 81.64)
* loss@1 1.701 Acc@1 60.432 Acc@5 82.810
Epoch: [9][   0/2503]	Time  9.531 ( 9.531)	Data  9.210 ( 9.210)	Loss 9.4238e+01 (9.4238e+01)	Acc@1  58.59 ( 58.59)	Acc@5  78.71 ( 78.71)
* loss@1 7.758 Acc@1 56.917 Acc@5 78.249
Test: [ 0/98]	Time 10.039 (10.039)	Loss 1.7113e+00 (1.7113e+00)	Acc@1  60.74 ( 60.74)	Acc@5  82.03 ( 82.03)
* loss@1 1.667 Acc@1 61.250 Acc@5 83.294
Epoch: [10][   0/2503]	Time  9.740 ( 9.740)	Data  9.429 ( 9.429)	Loss 8.9359e+01 (8.9359e+01)	Acc@1  59.57 ( 59.57)	Acc@5  80.08 ( 80.08)
* loss@1 7.648 Acc@1 57.117 Acc@5 78.458
Test: [ 0/98]	Time 10.676 (10.676)	Loss 1.5441e+00 (1.5441e+00)	Acc@1  64.26 ( 64.26)	Acc@5  84.18 ( 84.18)
* loss@1 1.663 Acc@1 61.444 Acc@5 83.278
Epoch: [11][   0/2503]	Time  9.696 ( 9.696)	Data  9.390 ( 9.390)	Loss 8.6114e+01 (8.6114e+01)	Acc@1  58.79 ( 58.79)	Acc@5  79.10 ( 79.10)
* loss@1 7.538 Acc@1 57.353 Acc@5 78.611
Test: [ 0/98]	Time 11.774 (11.774)	Loss 1.6434e+00 (1.6434e+00)	Acc@1  61.52 ( 61.52)	Acc@5  82.62 ( 82.62)
* loss@1 1.657 Acc@1 61.572 Acc@5 83.454
Epoch: [12][   0/2503]	Time 11.494 (11.494)	Data 10.367 (10.367)	Loss 8.1985e+01 (8.1985e+01)	Acc@1  59.57 ( 59.57)	Acc@5  79.10 ( 79.10)
* loss@1 7.444 Acc@1 57.524 Acc@5 78.694
Test: [ 0/98]	Time  9.231 ( 9.231)	Loss 1.6667e+00 (1.6667e+00)	Acc@1  61.13 ( 61.13)	Acc@5  81.45 ( 81.45)
* loss@1 1.631 Acc@1 61.982 Acc@5 83.688
Epoch: [13][   0/2503]	Time  9.799 ( 9.799)	Data  8.435 ( 8.435)	Loss 7.8848e+01 (7.8848e+01)	Acc@1  58.01 ( 58.01)	Acc@5  78.12 ( 78.12)
* loss@1 7.356 Acc@1 57.687 Acc@5 78.829
Test: [ 0/98]	Time 10.057 (10.057)	Loss 1.5557e+00 (1.5557e+00)	Acc@1  63.48 ( 63.48)	Acc@5  84.57 ( 84.57)
* loss@1 1.628 Acc@1 62.234 Acc@5 83.836
Epoch: [14][   0/2503]	Time  8.963 ( 8.963)	Data  8.650 ( 8.650)	Loss 7.5263e+01 (7.5263e+01)	Acc@1  57.81 ( 57.81)	Acc@5  78.91 ( 78.91)
* loss@1 7.273 Acc@1 57.842 Acc@5 78.956
Test: [ 0/98]	Time  9.467 ( 9.467)	Loss 1.5910e+00 (1.5910e+00)	Acc@1  60.74 ( 60.74)	Acc@5  84.57 ( 84.57)
* loss@1 1.613 Acc@1 62.420 Acc@5 84.008
Epoch: [15][   0/2503]	Time  9.021 ( 9.021)	Data  7.997 ( 7.997)	Loss 7.3264e+01 (7.3264e+01)	Acc@1  56.84 ( 56.84)	Acc@5  76.17 ( 76.17)
* loss@1 7.197 Acc@1 58.074 Acc@5 79.061
Test: [ 0/98]	Time 11.758 (11.758)	Loss 1.6147e+00 (1.6147e+00)	Acc@1  62.70 ( 62.70)	Acc@5  84.18 ( 84.18)
* loss@1 1.628 Acc@1 62.292 Acc@5 83.828
Epoch: [16][   0/2503]	Time  8.637 ( 8.637)	Data  8.323 ( 8.323)	Loss 6.9763e+01 (6.9763e+01)	Acc@1  60.94 ( 60.94)	Acc@5  79.69 ( 79.69)
* loss@1 7.135 Acc@1 58.185 Acc@5 79.149
Test: [ 0/98]	Time 10.608 (10.608)	Loss 1.6214e+00 (1.6214e+00)	Acc@1  63.67 ( 63.67)	Acc@5  82.42 ( 82.42)
* loss@1 1.609 Acc@1 62.622 Acc@5 84.214
Epoch: [17][   0/2503]	Time  8.525 ( 8.525)	Data  7.887 ( 7.887)	Loss 6.8662e+01 (6.8662e+01)	Acc@1  62.89 ( 62.89)	Acc@5  80.66 ( 80.66)
* loss@1 7.089 Acc@1 58.180 Acc@5 79.197
Test: [ 0/98]	Time 10.316 (10.316)	Loss 1.6235e+00 (1.6235e+00)	Acc@1  63.67 ( 63.67)	Acc@5  85.94 ( 85.94)
* loss@1 1.610 Acc@1 62.634 Acc@5 83.984
Epoch: [18][   0/2503]	Time 10.357 (10.357)	Data 10.061 (10.061)	Loss 6.6995e+01 (6.6995e+01)	Acc@1  57.03 ( 57.03)	Acc@5  79.69 ( 79.69)
* loss@1 7.028 Acc@1 58.447 Acc@5 79.379
Test: [ 0/98]	Time 10.994 (10.994)	Loss 1.6897e+00 (1.6897e+00)	Acc@1  59.96 ( 59.96)	Acc@5  83.01 ( 83.01)
* loss@1 1.602 Acc@1 62.844 Acc@5 84.204
Epoch: [19][   0/2503]	Time  9.657 ( 9.657)	Data  7.816 ( 7.816)	Loss 6.4953e+01 (6.4953e+01)	Acc@1  61.33 ( 61.33)	Acc@5  83.40 ( 83.40)
* loss@1 6.988 Acc@1 58.495 Acc@5 79.359
Test: [ 0/98]	Time 10.590 (10.590)	Loss 1.5982e+00 (1.5982e+00)	Acc@1  62.50 ( 62.50)	Acc@5  84.96 ( 84.96)
* loss@1 1.592 Acc@1 63.010 Acc@5 84.290
Epoch: [20][   0/2503]	Time  9.508 ( 9.508)	Data  8.475 ( 8.475)	Loss 6.4385e+01 (6.4385e+01)	Acc@1  55.27 ( 55.27)	Acc@5  74.41 ( 74.41)
* loss@1 6.938 Acc@1 58.598 Acc@5 79.448
Test: [ 0/98]	Time 18.482 (18.482)	Loss 1.5057e+00 (1.5057e+00)	Acc@1  64.06 ( 64.06)	Acc@5  85.16 ( 85.16)
* loss@1 1.583 Acc@1 63.090 Acc@5 84.458
Epoch: [21][   0/2503]	Time 15.901 (15.901)	Data 15.584 (15.584)	Loss 6.2430e+01 (6.2430e+01)	Acc@1  59.38 ( 59.38)	Acc@5  76.76 ( 76.76)
* loss@1 6.905 Acc@1 58.755 Acc@5 79.533
Test: [ 0/98]	Time 13.592 (13.592)	Loss 1.6463e+00 (1.6463e+00)	Acc@1  60.94 ( 60.94)	Acc@5  84.18 ( 84.18)
* loss@1 1.587 Acc@1 63.172 Acc@5 84.442
Epoch: [22][   0/2503]	Time 12.553 (12.553)	Data 12.232 (12.232)	Loss 6.2092e+01 (6.2092e+01)	Acc@1  56.25 ( 56.25)	Acc@5  76.37 ( 76.37)
* loss@1 6.867 Acc@1 58.760 Acc@5 79.546
Test: [ 0/98]	Time 11.053 (11.053)	Loss 1.6830e+00 (1.6830e+00)	Acc@1  63.48 ( 63.48)	Acc@5  82.62 ( 82.62)
* loss@1 1.595 Acc@1 62.886 Acc@5 84.368
Epoch: [23][   0/2503]	Time 18.058 (18.058)	Data 17.742 (17.742)	Loss 6.0473e+01 (6.0473e+01)	Acc@1  57.42 ( 57.42)	Acc@5  77.73 ( 77.73)
* loss@1 6.820 Acc@1 58.910 Acc@5 79.677
Test: [ 0/98]	Time 15.498 (15.498)	Loss 1.6159e+00 (1.6159e+00)	Acc@1  61.33 ( 61.33)	Acc@5  83.40 ( 83.40)
* loss@1 1.584 Acc@1 63.030 Acc@5 84.442
Epoch: [24][   0/2503]	Time 15.767 (15.767)	Data 15.470 (15.470)	Loss 5.9693e+01 (5.9693e+01)	Acc@1  57.42 ( 57.42)	Acc@5  81.05 ( 81.05)
* loss@1 6.793 Acc@1 58.972 Acc@5 79.693
Test: [ 0/98]	Time 15.585 (15.585)	Loss 1.5909e+00 (1.5909e+00)	Acc@1  64.26 ( 64.26)	Acc@5  83.01 ( 83.01)
* loss@1 1.588 Acc@1 63.072 Acc@5 84.526
Epoch: [25][   0/2503]	Time 12.405 (12.405)	Data 11.393 (11.393)	Loss 5.8980e+01 (5.8980e+01)	Acc@1  59.57 ( 59.57)	Acc@5  77.93 ( 77.93)
* loss@1 6.754 Acc@1 59.026 Acc@5 79.730
Test: [ 0/98]	Time 12.460 (12.460)	Loss 1.6519e+00 (1.6519e+00)	Acc@1  60.35 ( 60.35)	Acc@5  85.35 ( 85.35)
* loss@1 1.583 Acc@1 63.226 Acc@5 84.554
Epoch: [26][   0/2503]	Time 14.441 (14.441)	Data 12.255 (12.255)	Loss 5.7708e+01 (5.7708e+01)	Acc@1  61.91 ( 61.91)	Acc@5  80.08 ( 80.08)
* loss@1 6.722 Acc@1 59.150 Acc@5 79.805
Test: [ 0/98]	Time 11.880 (11.880)	Loss 1.5398e+00 (1.5398e+00)	Acc@1  65.23 ( 65.23)	Acc@5  84.38 ( 84.38)
* loss@1 1.577 Acc@1 63.182 Acc@5 84.602
Epoch: [27][   0/2503]	Time 13.607 (13.607)	Data 13.147 (13.147)	Loss 5.7650e+01 (5.7650e+01)	Acc@1  57.03 ( 57.03)	Acc@5  78.32 ( 78.32)
* loss@1 6.688 Acc@1 59.185 Acc@5 79.893
Test: [ 0/98]	Time 15.174 (15.174)	Loss 1.4451e+00 (1.4451e+00)	Acc@1  66.41 ( 66.41)	Acc@5  86.33 ( 86.33)
* loss@1 1.571 Acc@1 63.512 Acc@5 84.838
Epoch: [28][   0/2503]	Time 13.595 (13.595)	Data 12.293 (12.293)	Loss 5.6505e+01 (5.6505e+01)	Acc@1  56.45 ( 56.45)	Acc@5  77.34 ( 77.34)
* loss@1 6.659 Acc@1 59.258 Acc@5 79.914
Test: [ 0/98]	Time 12.721 (12.721)	Loss 1.4750e+00 (1.4750e+00)	Acc@1  63.87 ( 63.87)	Acc@5  86.52 ( 86.52)
* loss@1 1.563 Acc@1 63.572 Acc@5 84.748
Epoch: [29][   0/2503]	Time 10.340 (10.340)	Data 10.031 (10.031)	Loss 5.6200e+01 (5.6200e+01)	Acc@1  60.74 ( 60.74)	Acc@5  81.05 ( 81.05)
* loss@1 6.651 Acc@1 59.311 Acc@5 79.962
Test: [ 0/98]	Time  9.589 ( 9.589)	Loss 1.7038e+00 (1.7038e+00)	Acc@1  58.20 ( 58.20)	Acc@5  82.23 ( 82.23)
* loss@1 1.570 Acc@1 63.410 Acc@5 84.706
Epoch: [30][   0/2503]	Time  8.587 ( 8.587)	Data  8.155 ( 8.155)	Loss 5.6101e+01 (5.6101e+01)	Acc@1  55.66 ( 55.66)	Acc@5  75.59 ( 75.59)
* loss@1 6.608 Acc@1 59.436 Acc@5 79.986
Test: [ 0/98]	Time  8.588 ( 8.588)	Loss 1.6472e+00 (1.6472e+00)	Acc@1  59.38 ( 59.38)	Acc@5  83.59 ( 83.59)
* loss@1 1.553 Acc@1 63.736 Acc@5 84.856
Epoch: [31][   0/2503]	Time  7.766 ( 7.766)	Data  7.464 ( 7.464)	Loss 5.5705e+01 (5.5705e+01)	Acc@1  60.35 ( 60.35)	Acc@5  82.62 ( 82.62)
* loss@1 6.585 Acc@1 59.447 Acc@5 80.068
Test: [ 0/98]	Time 12.231 (12.231)	Loss 1.5602e+00 (1.5602e+00)	Acc@1  64.65 ( 64.65)	Acc@5  83.98 ( 83.98)
* loss@1 1.552 Acc@1 63.628 Acc@5 84.976
Epoch: [32][   0/2503]	Time 11.324 (11.324)	Data 10.681 (10.681)	Loss 5.5388e+01 (5.5388e+01)	Acc@1  58.59 ( 58.59)	Acc@5  78.71 ( 78.71)
* loss@1 6.564 Acc@1 59.489 Acc@5 80.063
Test: [ 0/98]	Time 12.490 (12.490)	Loss 1.4703e+00 (1.4703e+00)	Acc@1  63.87 ( 63.87)	Acc@5  86.13 ( 86.13)
* loss@1 1.558 Acc@1 63.550 Acc@5 84.824
Epoch: [33][   0/2503]	Time 12.721 (12.721)	Data 10.907 (10.907)	Loss 5.5025e+01 (5.5025e+01)	Acc@1  58.59 ( 58.59)	Acc@5  78.32 ( 78.32)
* loss@1 6.534 Acc@1 59.602 Acc@5 80.120
Test: [ 0/98]	Time 12.660 (12.660)	Loss 1.6144e+00 (1.6144e+00)	Acc@1  61.33 ( 61.33)	Acc@5  83.98 ( 83.98)
* loss@1 1.566 Acc@1 63.644 Acc@5 84.628
Epoch: [34][   0/2503]	Time 14.004 (14.004)	Data 12.765 (12.765)	Loss 5.4734e+01 (5.4734e+01)	Acc@1  56.64 ( 56.64)	Acc@5  80.86 ( 80.86)
* loss@1 6.522 Acc@1 59.614 Acc@5 80.186
Test: [ 0/98]	Time 14.403 (14.403)	Loss 1.5872e+00 (1.5872e+00)	Acc@1  62.70 ( 62.70)	Acc@5  83.40 ( 83.40)
* loss@1 1.549 Acc@1 63.670 Acc@5 84.982
Epoch: [35][   0/2503]	Time 12.610 (12.610)	Data 11.438 (11.438)	Loss 5.3676e+01 (5.3676e+01)	Acc@1  59.96 ( 59.96)	Acc@5  81.05 ( 81.05)
* loss@1 6.493 Acc@1 59.666 Acc@5 80.199
Test: [ 0/98]	Time 11.395 (11.395)	Loss 1.5719e+00 (1.5719e+00)	Acc@1  64.45 ( 64.45)	Acc@5  83.20 ( 83.20)
* loss@1 1.553 Acc@1 63.938 Acc@5 84.808
Epoch: [36][   0/2503]	Time 13.994 (13.994)	Data 11.133 (11.133)	Loss 5.4209e+01 (5.4209e+01)	Acc@1  55.47 ( 55.47)	Acc@5  78.12 ( 78.12)
* loss@1 6.463 Acc@1 59.842 Acc@5 80.253
Test: [ 0/98]	Time 12.307 (12.307)	Loss 1.3316e+00 (1.3316e+00)	Acc@1  68.16 ( 68.16)	Acc@5  86.13 ( 86.13)
* loss@1 1.547 Acc@1 64.012 Acc@5 84.832
Epoch: [37][   0/2503]	Time 12.103 (12.103)	Data 11.786 (11.786)	Loss 5.4127e+01 (5.4127e+01)	Acc@1  61.72 ( 61.72)	Acc@5  80.66 ( 80.66)
* loss@1 6.444 Acc@1 59.844 Acc@5 80.315
Test: [ 0/98]	Time 11.179 (11.179)	Loss 1.5646e+00 (1.5646e+00)	Acc@1  63.09 ( 63.09)	Acc@5  83.01 ( 83.01)
* loss@1 1.535 Acc@1 64.274 Acc@5 85.238
Epoch: [38][   0/2503]	Time  8.823 ( 8.823)	Data  8.514 ( 8.514)	Loss 5.3095e+01 (5.3095e+01)	Acc@1  62.11 ( 62.11)	Acc@5  83.01 ( 83.01)
* loss@1 6.423 Acc@1 59.902 Acc@5 80.348
Test: [ 0/98]	Time 10.611 (10.611)	Loss 1.5984e+00 (1.5984e+00)	Acc@1  63.87 ( 63.87)	Acc@5  83.59 ( 83.59)
* loss@1 1.535 Acc@1 64.242 Acc@5 85.234
Epoch: [39][   0/2503]	Time 11.878 (11.878)	Data 11.524 (11.524)	Loss 5.2908e+01 (5.2908e+01)	Acc@1  62.30 ( 62.30)	Acc@5  83.20 ( 83.20)
* loss@1 6.404 Acc@1 59.942 Acc@5 80.365
Test: [ 0/98]	Time 10.635 (10.635)	Loss 1.3887e+00 (1.3887e+00)	Acc@1  65.43 ( 65.43)	Acc@5  89.06 ( 89.06)
* loss@1 1.544 Acc@1 64.156 Acc@5 84.902
Epoch: [40][   0/2503]	Time 13.255 (13.255)	Data 10.202 (10.202)	Loss 5.3208e+01 (5.3208e+01)	Acc@1  61.13 ( 61.13)	Acc@5  80.66 ( 80.66)
* loss@1 6.391 Acc@1 59.996 Acc@5 80.417
Test: [ 0/98]	Time 12.455 (12.455)	Loss 1.5185e+00 (1.5185e+00)	Acc@1  63.87 ( 63.87)	Acc@5  84.18 ( 84.18)
* loss@1 1.542 Acc@1 64.078 Acc@5 85.004
Epoch: [41][   0/2503]	Time 10.783 (10.783)	Data  8.522 ( 8.522)	Loss 5.2949e+01 (5.2949e+01)	Acc@1  63.28 ( 63.28)	Acc@5  82.81 ( 82.81)
* loss@1 6.362 Acc@1 60.046 Acc@5 80.470
Test: [ 0/98]	Time 11.602 (11.602)	Loss 1.5567e+00 (1.5567e+00)	Acc@1  64.45 ( 64.45)	Acc@5  86.13 ( 86.13)
* loss@1 1.535 Acc@1 64.194 Acc@5 85.146
Epoch: [42][   0/2503]	Time  8.355 ( 8.355)	Data  7.567 ( 7.567)	Loss 5.2366e+01 (5.2366e+01)	Acc@1  65.82 ( 65.82)	Acc@5  82.42 ( 82.42)
* loss@1 6.353 Acc@1 60.123 Acc@5 80.485
Test: [ 0/98]	Time 12.131 (12.131)	Loss 1.6477e+00 (1.6477e+00)	Acc@1  60.55 ( 60.55)	Acc@5  82.81 ( 82.81)
* loss@1 1.549 Acc@1 63.896 Acc@5 84.900
Epoch: [43][   0/2503]	Time 11.436 (11.436)	Data 10.752 (10.752)	Loss 5.3160e+01 (5.3160e+01)	Acc@1  59.77 ( 59.77)	Acc@5  80.08 ( 80.08)
* loss@1 6.316 Acc@1 60.160 Acc@5 80.484
Test: [ 0/98]	Time 10.662 (10.662)	Loss 1.6265e+00 (1.6265e+00)	Acc@1  62.11 ( 62.11)	Acc@5  84.57 ( 84.57)
* loss@1 1.537 Acc@1 63.998 Acc@5 85.132
Epoch: [44][   0/2503]	Time 10.400 (10.400)	Data  9.050 ( 9.050)	Loss 5.2561e+01 (5.2561e+01)	Acc@1  64.06 ( 64.06)	Acc@5  82.42 ( 82.42)
* loss@1 6.312 Acc@1 60.200 Acc@5 80.517
Test: [ 0/98]	Time 12.465 (12.465)	Loss 1.3743e+00 (1.3743e+00)	Acc@1  64.65 ( 64.65)	Acc@5  88.28 ( 88.28)
* loss@1 1.524 Acc@1 64.444 Acc@5 85.248
Epoch: [45][   0/2503]	Time 13.082 (13.082)	Data 10.411 (10.411)	Loss 5.3129e+01 (5.3129e+01)	Acc@1  58.01 ( 58.01)	Acc@5  79.88 ( 79.88)
* loss@1 6.286 Acc@1 60.261 Acc@5 80.630
Test: [ 0/98]	Time  9.253 ( 9.253)	Loss 1.4122e+00 (1.4122e+00)	Acc@1  65.23 ( 65.23)	Acc@5  85.55 ( 85.55)
* loss@1 1.527 Acc@1 64.408 Acc@5 85.244
Epoch: [46][   0/2503]	Time 10.905 (10.905)	Data 10.600 (10.600)	Loss 5.2808e+01 (5.2808e+01)	Acc@1  57.42 ( 57.42)	Acc@5  80.27 ( 80.27)
* loss@1 6.271 Acc@1 60.337 Acc@5 80.623
Test: [ 0/98]	Time  8.360 ( 8.360)	Loss 1.3727e+00 (1.3727e+00)	Acc@1  66.41 ( 66.41)	Acc@5  87.89 ( 87.89)
* loss@1 1.519 Acc@1 64.492 Acc@5 85.300
Epoch: [47][   0/2503]	Time  9.007 ( 9.007)	Data  7.702 ( 7.702)	Loss 5.2924e+01 (5.2924e+01)	Acc@1  57.62 ( 57.62)	Acc@5  79.30 ( 79.30)
* loss@1 6.236 Acc@1 60.350 Acc@5 80.661
Test: [ 0/98]	Time  8.201 ( 8.201)	Loss 1.5400e+00 (1.5400e+00)	Acc@1  64.65 ( 64.65)	Acc@5  84.38 ( 84.38)
* loss@1 1.515 Acc@1 64.530 Acc@5 85.404
Epoch: [48][   0/2503]	Time  7.294 ( 7.294)	Data  6.991 ( 6.991)	Loss 5.2933e+01 (5.2933e+01)	Acc@1  63.09 ( 63.09)	Acc@5  82.23 ( 82.23)
* loss@1 6.232 Acc@1 60.401 Acc@5 80.665
Test: [ 0/98]	Time  8.998 ( 8.998)	Loss 1.5880e+00 (1.5880e+00)	Acc@1  63.67 ( 63.67)	Acc@5  84.57 ( 84.57)
* loss@1 1.520 Acc@1 64.626 Acc@5 85.478
Epoch: [49][   0/2503]	Time  7.181 ( 7.181)	Data  6.740 ( 6.740)	Loss 5.2379e+01 (5.2379e+01)	Acc@1  56.25 ( 56.25)	Acc@5  81.05 ( 81.05)
* loss@1 6.217 Acc@1 60.450 Acc@5 80.730
Test: [ 0/98]	Time  9.650 ( 9.650)	Loss 1.5142e+00 (1.5142e+00)	Acc@1  64.65 ( 64.65)	Acc@5  85.94 ( 85.94)
* loss@1 1.520 Acc@1 64.440 Acc@5 85.306
Epoch: [50][   0/2503]	Time  8.803 ( 8.803)	Data  7.633 ( 7.633)	Loss 5.1956e+01 (5.1956e+01)	Acc@1  63.67 ( 63.67)	Acc@5  82.81 ( 82.81)
* loss@1 6.190 Acc@1 60.537 Acc@5 80.800
Test: [ 0/98]	Time  8.800 ( 8.800)	Loss 1.4515e+00 (1.4515e+00)	Acc@1  64.65 ( 64.65)	Acc@5  85.94 ( 85.94)
* loss@1 1.516 Acc@1 64.356 Acc@5 85.428
Epoch: [51][   0/2503]	Time  8.578 ( 8.578)	Data  8.269 ( 8.269)	Loss 5.2114e+01 (5.2114e+01)	Acc@1  58.01 ( 58.01)	Acc@5  81.64 ( 81.64)
* loss@1 6.189 Acc@1 60.532 Acc@5 80.799
Test: [ 0/98]	Time  9.451 ( 9.451)	Loss 1.4325e+00 (1.4325e+00)	Acc@1  66.02 ( 66.02)	Acc@5  84.57 ( 84.57)
* loss@1 1.515 Acc@1 64.508 Acc@5 85.464
Epoch: [52][   0/2503]	Time  9.761 ( 9.761)	Data  9.393 ( 9.393)	Loss 5.2059e+01 (5.2059e+01)	Acc@1  63.87 ( 63.87)	Acc@5  83.40 ( 83.40)
* loss@1 6.163 Acc@1 60.568 Acc@5 80.845
Test: [ 0/98]	Time  9.023 ( 9.023)	Loss 1.5423e+00 (1.5423e+00)	Acc@1  65.23 ( 65.23)	Acc@5  83.79 ( 83.79)
* loss@1 1.512 Acc@1 64.630 Acc@5 85.466
Epoch: [53][   0/2503]	Time  9.148 ( 9.148)	Data  7.955 ( 7.955)	Loss 5.2384e+01 (5.2384e+01)	Acc@1  57.81 ( 57.81)	Acc@5  75.20 ( 75.20)
* loss@1 6.153 Acc@1 60.557 Acc@5 80.804
Test: [ 0/98]	Time  8.551 ( 8.551)	Loss 1.5167e+00 (1.5167e+00)	Acc@1  65.62 ( 65.62)	Acc@5  85.74 ( 85.74)
* loss@1 1.507 Acc@1 64.862 Acc@5 85.512
Epoch: [54][   0/2503]	Time  7.436 ( 7.436)	Data  7.130 ( 7.130)	Loss 5.1990e+01 (5.1990e+01)	Acc@1  53.52 ( 53.52)	Acc@5  76.76 ( 76.76)
* loss@1 6.120 Acc@1 60.766 Acc@5 80.948
Test: [ 0/98]	Time  8.079 ( 8.079)	Loss 1.4655e+00 (1.4655e+00)	Acc@1  67.38 ( 67.38)	Acc@5  86.72 ( 86.72)
* loss@1 1.511 Acc@1 64.624 Acc@5 85.402
Epoch: [55][   0/2503]	Time  8.414 ( 8.414)	Data  7.846 ( 7.846)	Loss 5.1850e+01 (5.1850e+01)	Acc@1  60.55 ( 60.55)	Acc@5  80.86 ( 80.86)
* loss@1 6.108 Acc@1 60.700 Acc@5 80.942
Test: [ 0/98]	Time  9.153 ( 9.153)	Loss 1.3974e+00 (1.3974e+00)	Acc@1  67.38 ( 67.38)	Acc@5  87.30 ( 87.30)
* loss@1 1.506 Acc@1 64.760 Acc@5 85.514
Epoch: [56][   0/2503]	Time  9.088 ( 9.088)	Data  8.758 ( 8.758)	Loss 5.1692e+01 (5.1692e+01)	Acc@1  60.16 ( 60.16)	Acc@5  79.30 ( 79.30)
* loss@1 6.089 Acc@1 60.763 Acc@5 80.931
Test: [ 0/98]	Time  9.223 ( 9.223)	Loss 1.4279e+00 (1.4279e+00)	Acc@1  66.99 ( 66.99)	Acc@5  88.09 ( 88.09)
* loss@1 1.504 Acc@1 64.838 Acc@5 85.658
Epoch: [57][   0/2503]	Time  8.943 ( 8.943)	Data  6.856 ( 6.856)	Loss 5.1735e+01 (5.1735e+01)	Acc@1  62.11 ( 62.11)	Acc@5  82.81 ( 82.81)
* loss@1 6.083 Acc@1 60.811 Acc@5 80.981
Test: [ 0/98]	Time  9.280 ( 9.280)	Loss 1.4144e+00 (1.4144e+00)	Acc@1  68.36 ( 68.36)	Acc@5  85.94 ( 85.94)
* loss@1 1.498 Acc@1 65.100 Acc@5 85.698
Epoch: [58][   0/2503]	Time  7.936 ( 7.936)	Data  7.640 ( 7.640)	Loss 5.2189e+01 (5.2189e+01)	Acc@1  57.23 ( 57.23)	Acc@5  80.47 ( 80.47)
* loss@1 6.058 Acc@1 60.889 Acc@5 80.989
Test: [ 0/98]	Time 10.165 (10.165)	Loss 1.4295e+00 (1.4295e+00)	Acc@1  67.38 ( 67.38)	Acc@5  85.55 ( 85.55)
* loss@1 1.504 Acc@1 64.784 Acc@5 85.684
Epoch: [59][   0/2503]	Time  7.864 ( 7.864)	Data  6.827 ( 6.827)	Loss 5.0478e+01 (5.0478e+01)	Acc@1  62.70 ( 62.70)	Acc@5  82.42 ( 82.42)
* loss@1 6.038 Acc@1 60.929 Acc@5 81.071
Test: [ 0/98]	Time  9.310 ( 9.310)	Loss 1.4891e+00 (1.4891e+00)	Acc@1  65.43 ( 65.43)	Acc@5  86.13 ( 86.13)
* loss@1 1.500 Acc@1 64.950 Acc@5 85.696
Epoch: [60][   0/2503]	Time  9.166 ( 9.166)	Data  8.083 ( 8.083)	Loss 5.1395e+01 (5.1395e+01)	Acc@1  62.11 ( 62.11)	Acc@5  82.23 ( 82.23)
* loss@1 6.032 Acc@1 60.936 Acc@5 81.051
Test: [ 0/98]	Time  8.756 ( 8.756)	Loss 1.3998e+00 (1.3998e+00)	Acc@1  66.02 ( 66.02)	Acc@5  86.13 ( 86.13)
* loss@1 1.494 Acc@1 65.016 Acc@5 85.712
Epoch: [61][   0/2503]	Time  8.653 ( 8.653)	Data  7.335 ( 7.335)	Loss 5.0564e+01 (5.0564e+01)	Acc@1  63.87 ( 63.87)	Acc@5  83.20 ( 83.20)
* loss@1 6.009 Acc@1 61.033 Acc@5 81.097
Test: [ 0/98]	Time  8.055 ( 8.055)	Loss 1.4147e+00 (1.4147e+00)	Acc@1  67.58 ( 67.58)	Acc@5  86.72 ( 86.72)
* loss@1 1.488 Acc@1 65.098 Acc@5 85.814
Epoch: [62][   0/2503]	Time  7.823 ( 7.823)	Data  6.905 ( 6.905)	Loss 5.1612e+01 (5.1612e+01)	Acc@1  58.59 ( 58.59)	Acc@5  80.66 ( 80.66)
* loss@1 5.986 Acc@1 61.075 Acc@5 81.158
Test: [ 0/98]	Time  8.597 ( 8.597)	Loss 1.4030e+00 (1.4030e+00)	Acc@1  68.16 ( 68.16)	Acc@5  86.13 ( 86.13)
* loss@1 1.497 Acc@1 64.790 Acc@5 85.682
Epoch: [63][   0/2503]	Time  8.424 ( 8.424)	Data  7.533 ( 7.533)	Loss 5.1158e+01 (5.1158e+01)	Acc@1  62.11 ( 62.11)	Acc@5  79.49 ( 79.49)
* loss@1 5.977 Acc@1 61.124 Acc@5 81.196
Test: [ 0/98]	Time  7.758 ( 7.758)	Loss 1.4471e+00 (1.4471e+00)	Acc@1  63.87 ( 63.87)	Acc@5  85.74 ( 85.74)
* loss@1 1.497 Acc@1 64.996 Acc@5 85.630
Epoch: [64][   0/2503]	Time  8.067 ( 8.067)	Data  7.718 ( 7.718)	Loss 5.1455e+01 (5.1455e+01)	Acc@1  59.77 ( 59.77)	Acc@5  78.71 ( 78.71)
* loss@1 5.966 Acc@1 61.117 Acc@5 81.162
Test: [ 0/98]	Time  8.027 ( 8.027)	Loss 1.4311e+00 (1.4311e+00)	Acc@1  66.02 ( 66.02)	Acc@5  85.55 ( 85.55)
* loss@1 1.499 Acc@1 64.852 Acc@5 85.834
Epoch: [65][   0/2503]	Time  7.851 ( 7.851)	Data  7.539 ( 7.539)	Loss 5.1733e+01 (5.1733e+01)	Acc@1  58.40 ( 58.40)	Acc@5  77.15 ( 77.15)
* loss@1 5.948 Acc@1 61.192 Acc@5 81.208
Test: [ 0/98]	Time  8.465 ( 8.465)	Loss 1.3734e+00 (1.3734e+00)	Acc@1  68.16 ( 68.16)	Acc@5  87.11 ( 87.11)
* loss@1 1.487 Acc@1 65.140 Acc@5 85.772
Epoch: [66][   0/2503]	Time  7.669 ( 7.669)	Data  6.555 ( 6.555)	Loss 5.1377e+01 (5.1377e+01)	Acc@1  59.18 ( 59.18)	Acc@5  80.66 ( 80.66)
* loss@1 5.924 Acc@1 61.245 Acc@5 81.299
Test: [ 0/98]	Time  7.626 ( 7.626)	Loss 1.3951e+00 (1.3951e+00)	Acc@1  67.38 ( 67.38)	Acc@5  89.65 ( 89.65)
* loss@1 1.484 Acc@1 65.178 Acc@5 85.872
Epoch: [67][   0/2503]	Time  7.341 ( 7.341)	Data  7.035 ( 7.035)	Loss 5.1304e+01 (5.1304e+01)	Acc@1  62.11 ( 62.11)	Acc@5  82.81 ( 82.81)
* loss@1 5.913 Acc@1 61.312 Acc@5 81.324
Test: [ 0/98]	Time  7.999 ( 7.999)	Loss 1.4944e+00 (1.4944e+00)	Acc@1  65.43 ( 65.43)	Acc@5  84.18 ( 84.18)
* loss@1 1.474 Acc@1 65.538 Acc@5 85.986
Epoch: [68][   0/2503]	Time  6.814 ( 6.814)	Data  6.128 ( 6.128)	Loss 5.1236e+01 (5.1236e+01)	Acc@1  59.77 ( 59.77)	Acc@5  82.42 ( 82.42)
* loss@1 5.897 Acc@1 61.340 Acc@5 81.310
Test: [ 0/98]	Time  7.575 ( 7.575)	Loss 1.4199e+00 (1.4199e+00)	Acc@1  68.16 ( 68.16)	Acc@5  86.13 ( 86.13)
* loss@1 1.478 Acc@1 65.284 Acc@5 85.876
Epoch: [69][   0/2503]	Time  8.272 ( 8.272)	Data  7.576 ( 7.576)	Loss 5.0846e+01 (5.0846e+01)	Acc@1  58.59 ( 58.59)	Acc@5  80.86 ( 80.86)
* loss@1 5.883 Acc@1 61.416 Acc@5 81.349
Test: [ 0/98]	Time  8.796 ( 8.796)	Loss 1.5103e+00 (1.5103e+00)	Acc@1  64.84 ( 64.84)	Acc@5  86.72 ( 86.72)
* loss@1 1.477 Acc@1 65.430 Acc@5 85.946
Epoch: [70][   0/2503]	Time  7.802 ( 7.802)	Data  6.812 ( 6.812)	Loss 5.0804e+01 (5.0804e+01)	Acc@1  59.38 ( 59.38)	Acc@5  83.98 ( 83.98)
* loss@1 5.862 Acc@1 61.426 Acc@5 81.426
Test: [ 0/98]	Time  9.521 ( 9.521)	Loss 1.5443e+00 (1.5443e+00)	Acc@1  64.65 ( 64.65)	Acc@5  85.16 ( 85.16)
* loss@1 1.482 Acc@1 65.382 Acc@5 85.944
Epoch: [71][   0/2503]	Time  7.733 ( 7.733)	Data  7.425 ( 7.425)	Loss 5.0544e+01 (5.0544e+01)	Acc@1  58.98 ( 58.98)	Acc@5  80.66 ( 80.66)
* loss@1 5.847 Acc@1 61.469 Acc@5 81.381
Test: [ 0/98]	Time  7.349 ( 7.349)	Loss 1.4668e+00 (1.4668e+00)	Acc@1  62.70 ( 62.70)	Acc@5  85.94 ( 85.94)
* loss@1 1.476 Acc@1 65.290 Acc@5 86.048
Epoch: [72][   0/2503]	Time  7.592 ( 7.592)	Data  7.251 ( 7.251)	Loss 5.0681e+01 (5.0681e+01)	Acc@1  61.13 ( 61.13)	Acc@5  81.05 ( 81.05)
* loss@1 5.838 Acc@1 61.444 Acc@5 81.427
Test: [ 0/98]	Time  7.797 ( 7.797)	Loss 1.4361e+00 (1.4361e+00)	Acc@1  64.65 ( 64.65)	Acc@5  86.52 ( 86.52)
* loss@1 1.468 Acc@1 65.546 Acc@5 86.154
Epoch: [73][   0/2503]	Time  8.066 ( 8.066)	Data  6.830 ( 6.830)	Loss 5.1080e+01 (5.1080e+01)	Acc@1  58.59 ( 58.59)	Acc@5  80.08 ( 80.08)
* loss@1 5.819 Acc@1 61.514 Acc@5 81.446
Test: [ 0/98]	Time  7.845 ( 7.845)	Loss 1.4431e+00 (1.4431e+00)	Acc@1  66.21 ( 66.21)	Acc@5  86.52 ( 86.52)
* loss@1 1.466 Acc@1 65.512 Acc@5 86.082
Epoch: [74][   0/2503]	Time  6.444 ( 6.444)	Data  6.130 ( 6.130)	Loss 5.0329e+01 (5.0329e+01)	Acc@1  60.74 ( 60.74)	Acc@5  84.96 ( 84.96)
* loss@1 5.810 Acc@1 61.520 Acc@5 81.462
Test: [ 0/98]	Time  7.896 ( 7.896)	Loss 1.5513e+00 (1.5513e+00)	Acc@1  64.84 ( 64.84)	Acc@5  84.18 ( 84.18)
* loss@1 1.465 Acc@1 65.654 Acc@5 86.122
Epoch: [75][   0/2503]	Time  8.150 ( 8.150)	Data  6.919 ( 6.919)	Loss 5.0596e+01 (5.0596e+01)	Acc@1  61.33 ( 61.33)	Acc@5  80.86 ( 80.86)
* loss@1 5.791 Acc@1 61.640 Acc@5 81.483
Test: [ 0/98]	Time  7.526 ( 7.526)	Loss 1.3925e+00 (1.3925e+00)	Acc@1  68.95 ( 68.95)	Acc@5  84.77 ( 84.77)
* loss@1 1.478 Acc@1 65.472 Acc@5 85.910
Epoch: [76][   0/2503]	Time  7.087 ( 7.087)	Data  6.493 ( 6.493)	Loss 5.0964e+01 (5.0964e+01)	Acc@1  59.18 ( 59.18)	Acc@5  81.25 ( 81.25)
* loss@1 5.777 Acc@1 61.673 Acc@5 81.571
Test: [ 0/98]	Time  7.711 ( 7.711)	Loss 1.5832e+00 (1.5832e+00)	Acc@1  64.06 ( 64.06)	Acc@5  84.57 ( 84.57)
* loss@1 1.468 Acc@1 65.632 Acc@5 86.246
Epoch: [77][   0/2503]	Time  7.161 ( 7.161)	Data  6.679 ( 6.679)	Loss 4.9853e+01 (4.9853e+01)	Acc@1  63.67 ( 63.67)	Acc@5  84.38 ( 84.38)
* loss@1 5.760 Acc@1 61.685 Acc@5 81.573
Test: [ 0/98]	Time  8.076 ( 8.076)	Loss 1.4336e+00 (1.4336e+00)	Acc@1  67.77 ( 67.77)	Acc@5  85.55 ( 85.55)
* loss@1 1.463 Acc@1 65.622 Acc@5 86.148
Epoch: [78][   0/2503]	Time  7.510 ( 7.510)	Data  7.195 ( 7.195)	Loss 5.0312e+01 (5.0312e+01)	Acc@1  61.33 ( 61.33)	Acc@5  79.10 ( 79.10)
* loss@1 5.752 Acc@1 61.696 Acc@5 81.588
Test: [ 0/98]	Time  8.378 ( 8.378)	Loss 1.3674e+00 (1.3674e+00)	Acc@1  68.36 ( 68.36)	Acc@5  87.50 ( 87.50)
* loss@1 1.463 Acc@1 65.880 Acc@5 86.198
Epoch: [79][   0/2503]	Time  7.018 ( 7.018)	Data  6.713 ( 6.713)	Loss 4.9752e+01 (4.9752e+01)	Acc@1  61.72 ( 61.72)	Acc@5  80.08 ( 80.08)
* loss@1 5.735 Acc@1 61.786 Acc@5 81.626
Test: [ 0/98]	Time  7.888 ( 7.888)	Loss 1.3125e+00 (1.3125e+00)	Acc@1  68.95 ( 68.95)	Acc@5  87.50 ( 87.50)
* loss@1 1.460 Acc@1 66.008 Acc@5 86.134
Epoch: [80][   0/2503]	Time  7.020 ( 7.020)	Data  6.544 ( 6.544)	Loss 5.0482e+01 (5.0482e+01)	Acc@1  62.11 ( 62.11)	Acc@5  83.40 ( 83.40)
* loss@1 5.713 Acc@1 61.821 Acc@5 81.664
Test: [ 0/98]	Time  7.971 ( 7.971)	Loss 1.2602e+00 (1.2602e+00)	Acc@1  68.95 ( 68.95)	Acc@5  89.45 ( 89.45)
* loss@1 1.460 Acc@1 65.818 Acc@5 86.082
Epoch: [81][   0/2503]	Time  7.440 ( 7.440)	Data  6.738 ( 6.738)	Loss 5.0201e+01 (5.0201e+01)	Acc@1  64.45 ( 64.45)	Acc@5  83.59 ( 83.59)
* loss@1 5.700 Acc@1 61.879 Acc@5 81.687
Test: [ 0/98]	Time  7.580 ( 7.580)	Loss 1.4822e+00 (1.4822e+00)	Acc@1  65.43 ( 65.43)	Acc@5  84.96 ( 84.96)
* loss@1 1.459 Acc@1 65.726 Acc@5 86.366
Epoch: [82][   0/2503]	Time  7.457 ( 7.457)	Data  6.938 ( 6.938)	Loss 5.0509e+01 (5.0509e+01)	Acc@1  65.04 ( 65.04)	Acc@5  83.20 ( 83.20)
* loss@1 5.687 Acc@1 61.932 Acc@5 81.730
Test: [ 0/98]	Time  8.787 ( 8.787)	Loss 1.6222e+00 (1.6222e+00)	Acc@1  63.87 ( 63.87)	Acc@5  83.01 ( 83.01)
* loss@1 1.454 Acc@1 65.876 Acc@5 86.284
Epoch: [83][   0/2503]	Time  7.188 ( 7.188)	Data  6.762 ( 6.762)	Loss 5.0382e+01 (5.0382e+01)	Acc@1  62.30 ( 62.30)	Acc@5  81.05 ( 81.05)
* loss@1 5.676 Acc@1 61.971 Acc@5 81.749
Test: [ 0/98]	Time  7.216 ( 7.216)	Loss 1.5223e+00 (1.5223e+00)	Acc@1  65.62 ( 65.62)	Acc@5  84.96 ( 84.96)
* loss@1 1.453 Acc@1 65.872 Acc@5 86.264
Epoch: [84][   0/2503]	Time  7.181 ( 7.181)	Data  6.709 ( 6.709)	Loss 5.0147e+01 (5.0147e+01)	Acc@1  62.70 ( 62.70)	Acc@5  83.20 ( 83.20)
* loss@1 5.658 Acc@1 61.979 Acc@5 81.745
Test: [ 0/98]	Time  7.819 ( 7.819)	Loss 1.5897e+00 (1.5897e+00)	Acc@1  63.67 ( 63.67)	Acc@5  82.62 ( 82.62)
* loss@1 1.455 Acc@1 65.874 Acc@5 86.326
Epoch: [85][   0/2503]	Time  7.240 ( 7.240)	Data  6.899 ( 6.899)	Loss 4.9646e+01 (4.9646e+01)	Acc@1  65.04 ( 65.04)	Acc@5  83.79 ( 83.79)
* loss@1 5.651 Acc@1 62.029 Acc@5 81.750
Test: [ 0/98]	Time  7.831 ( 7.831)	Loss 1.5888e+00 (1.5888e+00)	Acc@1  64.65 ( 64.65)	Acc@5  84.18 ( 84.18)
* loss@1 1.457 Acc@1 65.886 Acc@5 86.154
Epoch: [86][   0/2503]	Time  7.339 ( 7.339)	Data  6.907 ( 6.907)	Loss 5.0519e+01 (5.0519e+01)	Acc@1  61.52 ( 61.52)	Acc@5  80.27 ( 80.27)
* loss@1 5.639 Acc@1 61.974 Acc@5 81.765
Test: [ 0/98]	Time  7.728 ( 7.728)	Loss 1.3149e+00 (1.3149e+00)	Acc@1  68.16 ( 68.16)	Acc@5  87.89 ( 87.89)
* loss@1 1.456 Acc@1 65.806 Acc@5 86.316
Epoch: [87][   0/2503]	Time  7.331 ( 7.331)	Data  6.676 ( 6.676)	Loss 5.0716e+01 (5.0716e+01)	Acc@1  58.01 ( 58.01)	Acc@5  79.49 ( 79.49)
* loss@1 5.626 Acc@1 62.052 Acc@5 81.841
Test: [ 0/98]	Time  8.283 ( 8.283)	Loss 1.3401e+00 (1.3401e+00)	Acc@1  68.36 ( 68.36)	Acc@5  87.89 ( 87.89)
* loss@1 1.452 Acc@1 65.810 Acc@5 86.360
Epoch: [88][   0/2503]	Time  7.557 ( 7.557)	Data  6.990 ( 6.990)	Loss 4.9840e+01 (4.9840e+01)	Acc@1  65.43 ( 65.43)	Acc@5  85.94 ( 85.94)
* loss@1 5.614 Acc@1 62.091 Acc@5 81.856
Test: [ 0/98]	Time  7.906 ( 7.906)	Loss 1.5144e+00 (1.5144e+00)	Acc@1  64.26 ( 64.26)	Acc@5  86.52 ( 86.52)
* loss@1 1.453 Acc@1 65.848 Acc@5 86.318
Epoch: [89][   0/2503]	Time  7.192 ( 7.192)	Data  6.864 ( 6.864)	Loss 5.0348e+01 (5.0348e+01)	Acc@1  61.13 ( 61.13)	Acc@5  81.45 ( 81.45)
* loss@1 5.608 Acc@1 62.117 Acc@5 81.880
Test: [ 0/98]	Time  7.638 ( 7.638)	Loss 1.4071e+00 (1.4071e+00)	Acc@1  66.99 ( 66.99)	Acc@5  86.52 ( 86.52)
* loss@1 1.451 Acc@1 66.094 Acc@5 86.258
Epoch: [90][   0/2503]	Time  8.034 ( 8.034)	Data  7.724 ( 7.724)	Loss 4.9919e+01 (4.9919e+01)	Acc@1  62.50 ( 62.50)	Acc@5  81.25 ( 81.25)
* loss@1 5.593 Acc@1 62.149 Acc@5 81.855
Test: [ 0/98]	Time  7.763 ( 7.763)	Loss 1.4049e+00 (1.4049e+00)	Acc@1  66.60 ( 66.60)	Acc@5  87.50 ( 87.50)
* loss@1 1.451 Acc@1 65.900 Acc@5 86.292
Epoch: [91][   0/2503]	Time  7.016 ( 7.016)	Data  6.466 ( 6.466)	Loss 5.0489e+01 (5.0489e+01)	Acc@1  60.55 ( 60.55)	Acc@5  84.57 ( 84.57)
* loss@1 5.583 Acc@1 62.143 Acc@5 81.874
Test: [ 0/98]	Time  8.234 ( 8.234)	Loss 1.5526e+00 (1.5526e+00)	Acc@1  64.26 ( 64.26)	Acc@5  84.77 ( 84.77)
* loss@1 1.450 Acc@1 65.980 Acc@5 86.338
Epoch: [92][   0/2503]	Time  8.015 ( 8.015)	Data  7.696 ( 7.696)	Loss 4.9940e+01 (4.9940e+01)	Acc@1  62.70 ( 62.70)	Acc@5  84.57 ( 84.57)
* loss@1 5.573 Acc@1 62.229 Acc@5 81.943
Test: [ 0/98]	Time  7.283 ( 7.283)	Loss 1.2541e+00 (1.2541e+00)	Acc@1  71.09 ( 71.09)	Acc@5  87.70 ( 87.70)
* loss@1 1.446 Acc@1 66.000 Acc@5 86.360
Epoch: [93][   0/2503]	Time  6.985 ( 6.985)	Data  6.467 ( 6.467)	Loss 4.9911e+01 (4.9911e+01)	Acc@1  59.18 ( 59.18)	Acc@5  81.45 ( 81.45)
* loss@1 5.567 Acc@1 62.219 Acc@5 81.931
Test: [ 0/98]	Time  7.546 ( 7.546)	Loss 1.3808e+00 (1.3808e+00)	Acc@1  67.19 ( 67.19)	Acc@5  87.11 ( 87.11)
* loss@1 1.440 Acc@1 66.178 Acc@5 86.398
Epoch: [94][   0/2503]	Time  7.566 ( 7.566)	Data  6.235 ( 6.235)	Loss 4.9875e+01 (4.9875e+01)	Acc@1  61.33 ( 61.33)	Acc@5  80.27 ( 80.27)
* loss@1 5.554 Acc@1 62.231 Acc@5 81.940
Test: [ 0/98]	Time  8.614 ( 8.614)	Loss 1.3099e+00 (1.3099e+00)	Acc@1  65.62 ( 65.62)	Acc@5  87.89 ( 87.89)
* loss@1 1.441 Acc@1 66.110 Acc@5 86.370
Epoch: [95][   0/2503]	Time  7.263 ( 7.263)	Data  6.890 ( 6.890)	Loss 5.0308e+01 (5.0308e+01)	Acc@1  58.59 ( 58.59)	Acc@5  81.05 ( 81.05)
* loss@1 5.534 Acc@1 62.281 Acc@5 81.965
Test: [ 0/98]	Time  7.863 ( 7.863)	Loss 1.3890e+00 (1.3890e+00)	Acc@1  68.16 ( 68.16)	Acc@5  86.72 ( 86.72)
* loss@1 1.442 Acc@1 66.074 Acc@5 86.528
Epoch: [96][   0/2503]	Time  7.505 ( 7.505)	Data  6.797 ( 6.797)	Loss 4.9564e+01 (4.9564e+01)	Acc@1  62.50 ( 62.50)	Acc@5  80.08 ( 80.08)
* loss@1 5.530 Acc@1 62.336 Acc@5 81.994
Test: [ 0/98]	Time  8.228 ( 8.228)	Loss 1.3888e+00 (1.3888e+00)	Acc@1  67.97 ( 67.97)	Acc@5  87.11 ( 87.11)
* loss@1 1.442 Acc@1 66.234 Acc@5 86.396
Epoch: [97][   0/2503]	Time  6.536 ( 6.536)	Data  6.117 ( 6.117)	Loss 4.9756e+01 (4.9756e+01)	Acc@1  66.21 ( 66.21)	Acc@5  83.20 ( 83.20)
* loss@1 5.524 Acc@1 62.320 Acc@5 81.966
Test: [ 0/98]	Time  7.393 ( 7.393)	Loss 1.4022e+00 (1.4022e+00)	Acc@1  67.38 ( 67.38)	Acc@5  85.16 ( 85.16)
* loss@1 1.444 Acc@1 65.990 Acc@5 86.422
Epoch: [98][   0/2503]	Time  7.138 ( 7.138)	Data  6.773 ( 6.773)	Loss 5.0163e+01 (5.0163e+01)	Acc@1  57.42 ( 57.42)	Acc@5  80.27 ( 80.27)
* loss@1 5.508 Acc@1 62.413 Acc@5 82.020
Test: [ 0/98]	Time  7.533 ( 7.533)	Loss 1.4828e+00 (1.4828e+00)	Acc@1  63.87 ( 63.87)	Acc@5  85.55 ( 85.55)
* loss@1 1.444 Acc@1 66.118 Acc@5 86.448
Epoch: [99][   0/2503]	Time  9.357 ( 9.357)	Data  6.857 ( 6.857)	Loss 4.9708e+01 (4.9708e+01)	Acc@1  60.55 ( 60.55)	Acc@5  81.05 ( 81.05)
* loss@1 5.506 Acc@1 62.396 Acc@5 82.036
Test: [ 0/98]	Time  7.281 ( 7.281)	Loss 1.3813e+00 (1.3813e+00)	Acc@1  67.77 ( 67.77)	Acc@5  86.91 ( 86.91)
* loss@1 1.444 Acc@1 66.044 Acc@5 86.448
Epoch: [100][   0/2503]	Time  7.348 ( 7.348)	Data  7.043 ( 7.043)	Loss 4.9580e+01 (4.9580e+01)	Acc@1  64.45 ( 64.45)	Acc@5  82.81 ( 82.81)
* loss@1 5.496 Acc@1 62.385 Acc@5 82.049
Test: [ 0/98]	Time 10.757 (10.757)	Loss 1.4272e+00 (1.4272e+00)	Acc@1  64.65 ( 64.65)	Acc@5  86.52 ( 86.52)
* loss@1 1.445 Acc@1 65.994 Acc@5 86.396
Epoch: [101][   0/2503]	Time  7.265 ( 7.265)	Data  6.766 ( 6.766)	Loss 4.9442e+01 (4.9442e+01)	Acc@1  65.04 ( 65.04)	Acc@5  82.62 ( 82.62)
* loss@1 5.484 Acc@1 62.439 Acc@5 82.068
Test: [ 0/98]	Time  7.547 ( 7.547)	Loss 1.4059e+00 (1.4059e+00)	Acc@1  66.99 ( 66.99)	Acc@5  87.50 ( 87.50)
* loss@1 1.439 Acc@1 66.274 Acc@5 86.436
Epoch: [102][   0/2503]	Time  6.652 ( 6.652)	Data  6.260 ( 6.260)	Loss 4.9614e+01 (4.9614e+01)	Acc@1  61.13 ( 61.13)	Acc@5  81.45 ( 81.45)
* loss@1 5.481 Acc@1 62.450 Acc@5 82.076
Test: [ 0/98]	Time  7.999 ( 7.999)	Loss 1.4762e+00 (1.4762e+00)	Acc@1  68.36 ( 68.36)	Acc@5  82.81 ( 82.81)
* loss@1 1.433 Acc@1 66.278 Acc@5 86.638
Epoch: [103][   0/2503]	Time  7.255 ( 7.255)	Data  6.943 ( 6.943)	Loss 4.9825e+01 (4.9825e+01)	Acc@1  63.48 ( 63.48)	Acc@5  83.79 ( 83.79)
* loss@1 5.481 Acc@1 62.445 Acc@5 82.094
Test: [ 0/98]	Time  8.012 ( 8.012)	Loss 1.3910e+00 (1.3910e+00)	Acc@1  69.14 ( 69.14)	Acc@5  87.70 ( 87.70)
* loss@1 1.440 Acc@1 66.330 Acc@5 86.442
Epoch: [104][   0/2503]	Time  7.065 ( 7.065)	Data  6.761 ( 6.761)	Loss 5.0058e+01 (5.0058e+01)	Acc@1  59.57 ( 59.57)	Acc@5  81.25 ( 81.25)
* loss@1 5.474 Acc@1 62.490 Acc@5 82.063
Test: [ 0/98]	Time  8.041 ( 8.041)	Loss 1.5265e+00 (1.5265e+00)	Acc@1  63.87 ( 63.87)	Acc@5  85.16 ( 85.16)
* loss@1 1.447 Acc@1 66.138 Acc@5 86.370
Epoch: [105][   0/2503]	Time  8.158 ( 8.158)	Data  7.472 ( 7.472)	Loss 5.0194e+01 (5.0194e+01)	Acc@1  61.52 ( 61.52)	Acc@5  79.69 ( 79.69)
* loss@1 5.465 Acc@1 62.495 Acc@5 82.076
Test: [ 0/98]	Time  7.307 ( 7.307)	Loss 1.4075e+00 (1.4075e+00)	Acc@1  66.80 ( 66.80)	Acc@5  85.74 ( 85.74)
* loss@1 1.438 Acc@1 66.170 Acc@5 86.468
Epoch: [106][   0/2503]	Time  6.931 ( 6.931)	Data  6.552 ( 6.552)	Loss 5.0021e+01 (5.0021e+01)	Acc@1  61.33 ( 61.33)	Acc@5  79.88 ( 79.88)
* loss@1 5.461 Acc@1 62.461 Acc@5 82.090
Test: [ 0/98]	Time  7.613 ( 7.613)	Loss 1.4131e+00 (1.4131e+00)	Acc@1  67.97 ( 67.97)	Acc@5  86.72 ( 86.72)
* loss@1 1.443 Acc@1 65.954 Acc@5 86.450
Epoch: [107][   0/2503]	Time  7.078 ( 7.078)	Data  6.180 ( 6.180)	Loss 5.0259e+01 (5.0259e+01)	Acc@1  59.57 ( 59.57)	Acc@5  79.88 ( 79.88)
* loss@1 5.456 Acc@1 62.504 Acc@5 82.175
Test: [ 0/98]	Time  7.396 ( 7.396)	Loss 1.3553e+00 (1.3553e+00)	Acc@1  69.73 ( 69.73)	Acc@5  85.94 ( 85.94)
* loss@1 1.440 Acc@1 66.236 Acc@5 86.476
Epoch: [108][   0/2503]	Time  6.990 ( 6.990)	Data  6.599 ( 6.599)	Loss 5.0372e+01 (5.0372e+01)	Acc@1  59.77 ( 59.77)	Acc@5  81.45 ( 81.45)
* loss@1 5.450 Acc@1 62.537 Acc@5 82.144
Test: [ 0/98]	Time  6.941 ( 6.941)	Loss 1.4076e+00 (1.4076e+00)	Acc@1  67.19 ( 67.19)	Acc@5  88.09 ( 88.09)
* loss@1 1.444 Acc@1 66.064 Acc@5 86.408
Epoch: [109][   0/2503]	Time  7.011 ( 7.011)	Data  6.190 ( 6.190)	Loss 4.9610e+01 (4.9610e+01)	Acc@1  63.28 ( 63.28)	Acc@5  83.59 ( 83.59)
* loss@1 5.446 Acc@1 62.564 Acc@5 82.145
Test: [ 0/98]	Time  7.356 ( 7.356)	Loss 1.2718e+00 (1.2718e+00)	Acc@1  70.31 ( 70.31)	Acc@5  87.70 ( 87.70)
* loss@1 1.434 Acc@1 66.168 Acc@5 86.512
Epoch: [110][   0/2503]	Time  7.181 ( 7.181)	Data  6.614 ( 6.614)	Loss 4.9109e+01 (4.9109e+01)	Acc@1  65.82 ( 65.82)	Acc@5  86.52 ( 86.52)
* loss@1 5.443 Acc@1 62.559 Acc@5 82.149
Test: [ 0/98]	Time  8.546 ( 8.546)	Loss 1.5625e+00 (1.5625e+00)	Acc@1  64.45 ( 64.45)	Acc@5  85.74 ( 85.74)
* loss@1 1.433 Acc@1 66.346 Acc@5 86.636
Epoch: [111][   0/2503]	Time  7.153 ( 7.153)	Data  6.844 ( 6.844)	Loss 5.0541e+01 (5.0541e+01)	Acc@1  58.59 ( 58.59)	Acc@5  79.30 ( 79.30)
* loss@1 5.443 Acc@1 62.543 Acc@5 82.158
Test: [ 0/98]	Time  8.044 ( 8.044)	Loss 1.4227e+00 (1.4227e+00)	Acc@1  67.77 ( 67.77)	Acc@5  86.72 ( 86.72)
* loss@1 1.437 Acc@1 66.234 Acc@5 86.598
Epoch: [112][   0/2503]	Time  7.531 ( 7.531)	Data  6.954 ( 6.954)	Loss 4.9529e+01 (4.9529e+01)	Acc@1  62.30 ( 62.30)	Acc@5  82.23 ( 82.23)
* loss@1 5.433 Acc@1 62.595 Acc@5 82.145
Test: [ 0/98]	Time  7.290 ( 7.290)	Loss 1.5128e+00 (1.5128e+00)	Acc@1  64.84 ( 64.84)	Acc@5  85.55 ( 85.55)
* loss@1 1.433 Acc@1 66.322 Acc@5 86.612
Epoch: [113][   0/2503]	Time  7.737 ( 7.737)	Data  7.431 ( 7.431)	Loss 4.9731e+01 (4.9731e+01)	Acc@1  60.16 ( 60.16)	Acc@5  80.08 ( 80.08)
* loss@1 5.430 Acc@1 62.598 Acc@5 82.171
Test: [ 0/98]	Time  7.782 ( 7.782)	Loss 1.4242e+00 (1.4242e+00)	Acc@1  66.80 ( 66.80)	Acc@5  86.72 ( 86.72)
* loss@1 1.436 Acc@1 66.390 Acc@5 86.592
Epoch: [114][   0/2503]	Time  6.342 ( 6.342)	Data  6.035 ( 6.035)	Loss 4.9755e+01 (4.9755e+01)	Acc@1  61.52 ( 61.52)	Acc@5  82.81 ( 82.81)
* loss@1 5.425 Acc@1 62.625 Acc@5 82.150
Test: [ 0/98]	Time  7.407 ( 7.407)	Loss 1.4201e+00 (1.4201e+00)	Acc@1  65.43 ( 65.43)	Acc@5  88.48 ( 88.48)
* loss@1 1.451 Acc@1 65.902 Acc@5 86.348
Epoch: [115][   0/2503]	Time  7.292 ( 7.292)	Data  6.989 ( 6.989)	Loss 4.9929e+01 (4.9929e+01)	Acc@1  59.96 ( 59.96)	Acc@5  82.42 ( 82.42)
* loss@1 5.417 Acc@1 62.663 Acc@5 82.224
Test: [ 0/98]	Time  8.000 ( 8.000)	Loss 1.3712e+00 (1.3712e+00)	Acc@1  65.62 ( 65.62)	Acc@5  87.70 ( 87.70)
* loss@1 1.439 Acc@1 66.294 Acc@5 86.498
Epoch: [116][   0/2503]	Time  7.496 ( 7.496)	Data  6.187 ( 6.187)	Loss 4.9815e+01 (4.9815e+01)	Acc@1  63.87 ( 63.87)	Acc@5  81.25 ( 81.25)
* loss@1 5.424 Acc@1 62.585 Acc@5 82.166
Test: [ 0/98]	Time  7.209 ( 7.209)	Loss 1.4062e+00 (1.4062e+00)	Acc@1  65.82 ( 65.82)	Acc@5  88.09 ( 88.09)
* loss@1 1.432 Acc@1 66.298 Acc@5 86.640
Epoch: [117][   0/2503]	Time  6.940 ( 6.940)	Data  6.433 ( 6.433)	Loss 4.9136e+01 (4.9136e+01)	Acc@1  65.04 ( 65.04)	Acc@5  84.18 ( 84.18)
* loss@1 5.421 Acc@1 62.625 Acc@5 82.208
Test: [ 0/98]	Time  7.474 ( 7.474)	Loss 1.5636e+00 (1.5636e+00)	Acc@1  64.26 ( 64.26)	Acc@5  85.35 ( 85.35)
* loss@1 1.432 Acc@1 66.262 Acc@5 86.668
Epoch: [118][   0/2503]	Time  7.522 ( 7.522)	Data  6.864 ( 6.864)	Loss 4.9574e+01 (4.9574e+01)	Acc@1  63.28 ( 63.28)	Acc@5  82.81 ( 82.81)
* loss@1 5.426 Acc@1 62.608 Acc@5 82.172
Test: [ 0/98]	Time  7.955 ( 7.955)	Loss 1.5161e+00 (1.5161e+00)	Acc@1  63.67 ( 63.67)	Acc@5  84.77 ( 84.77)
* loss@1 1.441 Acc@1 66.218 Acc@5 86.448
Epoch: [119][   0/2503]	Time  7.277 ( 7.277)	Data  6.408 ( 6.408)	Loss 5.0042e+01 (5.0042e+01)	Acc@1  62.89 ( 62.89)	Acc@5  83.20 ( 83.20)
* loss@1 5.422 Acc@1 62.655 Acc@5 82.234
Test: [ 0/98]	Time  6.716 ( 6.716)	Loss 1.4056e+00 (1.4056e+00)	Acc@1  67.19 ( 67.19)	Acc@5  85.74 ( 85.74)
* loss@1 1.438 Acc@1 66.300 Acc@5 86.502