=> creating model 'sew34'
=> created model 'sew34'
load_weight_success
/opt/conda/lib/python3.8/site-packages/torch/nn/functional.py:718: UserWarning: Named tensors and all their associated APIs are an experimental feature and subject to change. Please do not use them for anything important until they are released as stable. (Triggered internally at  ../c10/core/TensorImpl.h:1153.)
  return torch.max_pool2d(input, kernel_size, stride, padding, dilation, ceil_mode)
Epoch: [0][   0/2503]	Time 14.679 (14.679)	Data  4.154 ( 4.154)	Loss 6.7997e+02 (6.7997e+02)	Acc@1   0.78 (  0.78)	Acc@5   3.12 (  3.12)
* loss@1 19.961 Acc@1 45.139 Acc@5 67.897
Test: [ 0/98]	Time  6.967 ( 6.967)	Loss 1.8475e+00 (1.8475e+00)	Acc@1  56.05 ( 56.05)	Acc@5  80.08 ( 80.08)
* loss@1 1.861 Acc@1 57.436 Acc@5 80.624
Epoch: [1][   0/2503]	Time  5.523 ( 5.523)	Data  4.277 ( 4.277)	Loss 5.6057e+02 (5.6057e+02)	Acc@1  54.30 ( 54.30)	Acc@5  76.76 ( 76.76)
* loss@1 13.440 Acc@1 55.569 Acc@5 77.454
Test: [ 0/98]	Time  7.423 ( 7.423)	Loss 1.7298e+00 (1.7298e+00)	Acc@1  59.96 ( 59.96)	Acc@5  80.86 ( 80.86)
* loss@1 1.673 Acc@1 61.640 Acc@5 83.486
Epoch: [2][   0/2503]	Time  5.082 ( 5.082)	Data  3.705 ( 3.705)	Loss 5.0276e+02 (5.0276e+02)	Acc@1  60.35 ( 60.35)	Acc@5  79.49 ( 79.49)
* loss@1 12.094 Acc@1 57.637 Acc@5 79.044
Test: [ 0/98]	Time  5.430 ( 5.430)	Loss 1.6676e+00 (1.6676e+00)	Acc@1  62.70 ( 62.70)	Acc@5  82.03 ( 82.03)
* loss@1 1.616 Acc@1 62.760 Acc@5 84.242
Epoch: [3][   0/2503]	Time  4.455 ( 4.455)	Data  3.966 ( 3.966)	Loss 4.6235e+02 (4.6235e+02)	Acc@1  58.59 ( 58.59)	Acc@5  79.88 ( 79.88)
* loss@1 11.288 Acc@1 58.871 Acc@5 79.947
Test: [ 0/98]	Time  5.687 ( 5.687)	Loss 1.4314e+00 (1.4314e+00)	Acc@1  65.04 ( 65.04)	Acc@5  86.52 ( 86.52)
* loss@1 1.577 Acc@1 63.598 Acc@5 84.858
Epoch: [4][   0/2503]	Time  4.572 ( 4.572)	Data  4.055 ( 4.055)	Loss 4.2771e+02 (4.2771e+02)	Acc@1  61.91 ( 61.91)	Acc@5  80.86 ( 80.86)
* loss@1 10.709 Acc@1 59.789 Acc@5 80.566
Test: [ 0/98]	Time  5.833 ( 5.833)	Loss 1.6954e+00 (1.6954e+00)	Acc@1  58.98 ( 58.98)	Acc@5  82.81 ( 82.81)
* loss@1 1.546 Acc@1 64.180 Acc@5 85.182
Epoch: [5][   0/2503]	Time  4.222 ( 4.222)	Data  3.730 ( 3.730)	Loss 3.9945e+02 (3.9945e+02)	Acc@1  64.45 ( 64.45)	Acc@5  83.01 ( 83.01)
* loss@1 10.285 Acc@1 60.398 Acc@5 80.920
Test: [ 0/98]	Time  6.257 ( 6.257)	Loss 1.4585e+00 (1.4585e+00)	Acc@1  64.45 ( 64.45)	Acc@5  84.77 ( 84.77)
* loss@1 1.514 Acc@1 64.740 Acc@5 85.694
Epoch: [6][   0/2503]	Time  4.917 ( 4.917)	Data  4.425 ( 4.425)	Loss 3.7712e+02 (3.7712e+02)	Acc@1  59.96 ( 59.96)	Acc@5  82.62 ( 82.62)
* loss@1 9.926 Acc@1 60.893 Acc@5 81.230
Test: [ 0/98]	Time  6.011 ( 6.011)	Loss 1.3942e+00 (1.3942e+00)	Acc@1  66.80 ( 66.80)	Acc@5  86.13 ( 86.13)
* loss@1 1.494 Acc@1 65.318 Acc@5 86.100
Epoch: [7][   0/2503]	Time  4.565 ( 4.565)	Data  4.088 ( 4.088)	Loss 3.5657e+02 (3.5657e+02)	Acc@1  59.38 ( 59.38)	Acc@5  82.03 ( 82.03)
* loss@1 9.623 Acc@1 61.302 Acc@5 81.500
Test: [ 0/98]	Time  5.527 ( 5.527)	Loss 1.6194e+00 (1.6194e+00)	Acc@1  61.52 ( 61.52)	Acc@5  83.98 ( 83.98)
* loss@1 1.489 Acc@1 65.510 Acc@5 86.020
Epoch: [8][   0/2503]	Time  4.378 ( 4.378)	Data  3.837 ( 3.837)	Loss 3.3791e+02 (3.3791e+02)	Acc@1  60.74 ( 60.74)	Acc@5  81.25 ( 81.25)
* loss@1 9.378 Acc@1 61.672 Acc@5 81.750
Test: [ 0/98]	Time  5.768 ( 5.768)	Loss 1.4484e+00 (1.4484e+00)	Acc@1  66.60 ( 66.60)	Acc@5  86.13 ( 86.13)
* loss@1 1.480 Acc@1 65.660 Acc@5 86.146
Epoch: [9][   0/2503]	Time  4.576 ( 4.576)	Data  4.089 ( 4.089)	Loss 3.2061e+02 (3.2061e+02)	Acc@1  64.06 ( 64.06)	Acc@5  84.57 ( 84.57)
* loss@1 9.153 Acc@1 62.005 Acc@5 81.989
Test: [ 0/98]	Time  6.090 ( 6.090)	Loss 1.5199e+00 (1.5199e+00)	Acc@1  67.58 ( 67.58)	Acc@5  85.35 ( 85.35)
* loss@1 1.470 Acc@1 66.048 Acc@5 86.376
Epoch: [10][   0/2503]	Time  4.948 ( 4.948)	Data  4.433 ( 4.433)	Loss 3.0526e+02 (3.0526e+02)	Acc@1  66.41 ( 66.41)	Acc@5  84.18 ( 84.18)
* loss@1 8.946 Acc@1 62.210 Acc@5 82.138
Test: [ 0/98]	Time  5.564 ( 5.564)	Loss 1.3486e+00 (1.3486e+00)	Acc@1  65.62 ( 65.62)	Acc@5  88.28 ( 88.28)
* loss@1 1.443 Acc@1 66.344 Acc@5 86.784
Epoch: [11][   0/2503]	Time  3.986 ( 3.986)	Data  3.460 ( 3.460)	Loss 2.9313e+02 (2.9313e+02)	Acc@1  63.67 ( 63.67)	Acc@5  83.01 ( 83.01)
* loss@1 8.762 Acc@1 62.507 Acc@5 82.383
Test: [ 0/98]	Time  5.928 ( 5.928)	Loss 1.4169e+00 (1.4169e+00)	Acc@1  66.21 ( 66.21)	Acc@5  86.91 ( 86.91)
* loss@1 1.446 Acc@1 66.280 Acc@5 86.782
Epoch: [12][   0/2503]	Time  5.562 ( 5.562)	Data  4.600 ( 4.600)	Loss 2.7996e+02 (2.7996e+02)	Acc@1  60.35 ( 60.35)	Acc@5  81.64 ( 81.64)
* loss@1 8.605 Acc@1 62.753 Acc@5 82.473
Test: [ 0/98]	Time  6.032 ( 6.032)	Loss 1.4466e+00 (1.4466e+00)	Acc@1  66.02 ( 66.02)	Acc@5  86.52 ( 86.52)
* loss@1 1.434 Acc@1 66.458 Acc@5 87.042
Epoch: [13][   0/2503]	Time  4.588 ( 4.588)	Data  4.069 ( 4.069)	Loss 2.6641e+02 (2.6641e+02)	Acc@1  67.38 ( 67.38)	Acc@5  84.96 ( 84.96)
* loss@1 8.465 Acc@1 62.921 Acc@5 82.605
Test: [ 0/98]	Time  5.274 ( 5.274)	Loss 1.3674e+00 (1.3674e+00)	Acc@1  66.80 ( 66.80)	Acc@5  87.11 ( 87.11)
* loss@1 1.434 Acc@1 66.344 Acc@5 86.868
Epoch: [14][   0/2503]	Time  4.910 ( 4.910)	Data  4.391 ( 4.391)	Loss 2.5551e+02 (2.5551e+02)	Acc@1  64.65 ( 64.65)	Acc@5  83.20 ( 83.20)
* loss@1 8.319 Acc@1 63.168 Acc@5 82.757
Test: [ 0/98]	Time  5.552 ( 5.552)	Loss 1.4567e+00 (1.4567e+00)	Acc@1  66.60 ( 66.60)	Acc@5  85.94 ( 85.94)
* loss@1 1.424 Acc@1 66.970 Acc@5 87.044
Epoch: [15][   0/2503]	Time  4.513 ( 4.513)	Data  4.003 ( 4.003)	Loss 2.4447e+02 (2.4447e+02)	Acc@1  65.04 ( 65.04)	Acc@5  82.42 ( 82.42)
* loss@1 8.211 Acc@1 63.291 Acc@5 82.812
Test: [ 0/98]	Time  5.892 ( 5.892)	Loss 1.3905e+00 (1.3905e+00)	Acc@1  67.38 ( 67.38)	Acc@5  87.89 ( 87.89)
* loss@1 1.408 Acc@1 67.324 Acc@5 87.196
Epoch: [16][   0/2503]	Time  4.772 ( 4.772)	Data  4.306 ( 4.306)	Loss 2.3686e+02 (2.3686e+02)	Acc@1  64.65 ( 64.65)	Acc@5  82.62 ( 82.62)
* loss@1 8.090 Acc@1 63.430 Acc@5 82.898
Test: [ 0/98]	Time  5.609 ( 5.609)	Loss 1.3612e+00 (1.3612e+00)	Acc@1  69.73 ( 69.73)	Acc@5  86.33 ( 86.33)
* loss@1 1.410 Acc@1 67.358 Acc@5 87.238
Epoch: [17][   0/2503]	Time  5.071 ( 5.071)	Data  4.585 ( 4.585)	Loss 2.2746e+02 (2.2746e+02)	Acc@1  64.26 ( 64.26)	Acc@5  84.38 ( 84.38)
* loss@1 7.974 Acc@1 63.642 Acc@5 83.039
Test: [ 0/98]	Time  5.754 ( 5.754)	Loss 1.4422e+00 (1.4422e+00)	Acc@1  66.41 ( 66.41)	Acc@5  88.48 ( 88.48)
* loss@1 1.419 Acc@1 67.076 Acc@5 87.020
Epoch: [18][   0/2503]	Time  5.708 ( 5.708)	Data  5.211 ( 5.211)	Loss 2.1763e+02 (2.1763e+02)	Acc@1  64.84 ( 64.84)	Acc@5  83.20 ( 83.20)
* loss@1 7.873 Acc@1 63.809 Acc@5 83.152
Test: [ 0/98]	Time  6.189 ( 6.189)	Loss 1.4884e+00 (1.4884e+00)	Acc@1  63.09 ( 63.09)	Acc@5  88.09 ( 88.09)
* loss@1 1.395 Acc@1 67.474 Acc@5 87.480
Epoch: [19][   0/2503]	Time  4.924 ( 4.924)	Data  4.388 ( 4.388)	Loss 2.1178e+02 (2.1178e+02)	Acc@1  66.99 ( 66.99)	Acc@5  85.16 ( 85.16)
* loss@1 7.793 Acc@1 63.846 Acc@5 83.153
Test: [ 0/98]	Time  5.616 ( 5.616)	Loss 1.4299e+00 (1.4299e+00)	Acc@1  67.97 ( 67.97)	Acc@5  88.28 ( 88.28)
* loss@1 1.390 Acc@1 67.646 Acc@5 87.600
Epoch: [20][   0/2503]	Time  4.459 ( 4.459)	Data  3.964 ( 3.964)	Loss 2.0453e+02 (2.0453e+02)	Acc@1  63.48 ( 63.48)	Acc@5  83.01 ( 83.01)
* loss@1 7.700 Acc@1 64.018 Acc@5 83.320
Test: [ 0/98]	Time  6.077 ( 6.077)	Loss 1.2951e+00 (1.2951e+00)	Acc@1  68.95 ( 68.95)	Acc@5  88.48 ( 88.48)
* loss@1 1.393 Acc@1 67.714 Acc@5 87.332
Epoch: [21][   0/2503]	Time  4.299 ( 4.299)	Data  3.821 ( 3.821)	Loss 1.9760e+02 (1.9760e+02)	Acc@1  66.21 ( 66.21)	Acc@5  83.40 ( 83.40)
* loss@1 7.611 Acc@1 64.114 Acc@5 83.342
Test: [ 0/98]	Time  5.880 ( 5.880)	Loss 1.5238e+00 (1.5238e+00)	Acc@1  65.23 ( 65.23)	Acc@5  86.33 ( 86.33)
* loss@1 1.393 Acc@1 67.454 Acc@5 87.424
Epoch: [22][   0/2503]	Time  5.042 ( 5.042)	Data  4.538 ( 4.538)	Loss 1.9353e+02 (1.9353e+02)	Acc@1  60.35 ( 60.35)	Acc@5  83.40 ( 83.40)
* loss@1 7.552 Acc@1 64.249 Acc@5 83.414
Test: [ 0/98]	Time  5.911 ( 5.911)	Loss 1.4997e+00 (1.4997e+00)	Acc@1  65.23 ( 65.23)	Acc@5  86.33 ( 86.33)
* loss@1 1.382 Acc@1 67.962 Acc@5 87.606
Epoch: [23][   0/2503]	Time  4.571 ( 4.571)	Data  4.056 ( 4.056)	Loss 1.8841e+02 (1.8841e+02)	Acc@1  63.09 ( 63.09)	Acc@5  81.84 ( 81.84)
* loss@1 7.467 Acc@1 64.356 Acc@5 83.502
Test: [ 0/98]	Time  5.982 ( 5.982)	Loss 1.3547e+00 (1.3547e+00)	Acc@1  68.16 ( 68.16)	Acc@5  88.09 ( 88.09)
* loss@1 1.378 Acc@1 67.756 Acc@5 87.586
Epoch: [24][   0/2503]	Time  5.481 ( 5.481)	Data  4.378 ( 4.378)	Loss 1.8077e+02 (1.8077e+02)	Acc@1  64.45 ( 64.45)	Acc@5  84.96 ( 84.96)
* loss@1 7.397 Acc@1 64.474 Acc@5 83.594
Test: [ 0/98]	Time  6.360 ( 6.360)	Loss 1.3673e+00 (1.3673e+00)	Acc@1  70.31 ( 70.31)	Acc@5  86.91 ( 86.91)
* loss@1 1.385 Acc@1 67.800 Acc@5 87.606
Epoch: [25][   0/2503]	Time  5.014 ( 5.014)	Data  4.509 ( 4.509)	Loss 1.7640e+02 (1.7640e+02)	Acc@1  65.04 ( 65.04)	Acc@5  83.59 ( 83.59)
* loss@1 7.335 Acc@1 64.589 Acc@5 83.638
Test: [ 0/98]	Time  6.428 ( 6.428)	Loss 1.5015e+00 (1.5015e+00)	Acc@1  64.26 ( 64.26)	Acc@5  85.74 ( 85.74)
* loss@1 1.364 Acc@1 68.048 Acc@5 87.960
Epoch: [26][   0/2503]	Time  4.584 ( 4.584)	Data  4.073 ( 4.073)	Loss 1.7363e+02 (1.7363e+02)	Acc@1  65.04 ( 65.04)	Acc@5  82.81 ( 82.81)
* loss@1 7.273 Acc@1 64.701 Acc@5 83.688
Test: [ 0/98]	Time  5.547 ( 5.547)	Loss 1.2822e+00 (1.2822e+00)	Acc@1  71.68 ( 71.68)	Acc@5  87.11 ( 87.11)
* loss@1 1.354 Acc@1 68.498 Acc@5 88.006
Epoch: [27][   0/2503]	Time  4.921 ( 4.921)	Data  4.389 ( 4.389)	Loss 1.6842e+02 (1.6842e+02)	Acc@1  65.43 ( 65.43)	Acc@5  81.05 ( 81.05)
* loss@1 7.233 Acc@1 64.725 Acc@5 83.751
Test: [ 0/98]	Time  6.171 ( 6.171)	Loss 1.3012e+00 (1.3012e+00)	Acc@1  70.31 ( 70.31)	Acc@5  87.11 ( 87.11)
* loss@1 1.378 Acc@1 67.842 Acc@5 87.688
Epoch: [28][   0/2503]	Time  5.036 ( 5.036)	Data  4.340 ( 4.340)	Loss 1.6726e+02 (1.6726e+02)	Acc@1  63.67 ( 63.67)	Acc@5  83.59 ( 83.59)
* loss@1 7.167 Acc@1 64.845 Acc@5 83.790
Test: [ 0/98]	Time  5.544 ( 5.544)	Loss 1.3623e+00 (1.3623e+00)	Acc@1  66.99 ( 66.99)	Acc@5  87.50 ( 87.50)
* loss@1 1.388 Acc@1 67.462 Acc@5 87.626
Epoch: [29][   0/2503]	Time  4.893 ( 4.893)	Data  4.328 ( 4.328)	Loss 1.6298e+02 (1.6298e+02)	Acc@1  65.23 ( 65.23)	Acc@5  83.20 ( 83.20)
* loss@1 7.129 Acc@1 64.825 Acc@5 83.830
Test: [ 0/98]	Time  5.437 ( 5.437)	Loss 1.4923e+00 (1.4923e+00)	Acc@1  64.84 ( 64.84)	Acc@5  86.33 ( 86.33)
* loss@1 1.347 Acc@1 68.390 Acc@5 88.074
Epoch: [30][   0/2503]	Time  5.682 ( 5.682)	Data  4.594 ( 4.594)	Loss 1.5935e+02 (1.5935e+02)	Acc@1  61.72 ( 61.72)	Acc@5  83.40 ( 83.40)
* loss@1 7.062 Acc@1 65.059 Acc@5 83.918
Test: [ 0/98]	Time  5.887 ( 5.887)	Loss 1.3594e+00 (1.3594e+00)	Acc@1  66.02 ( 66.02)	Acc@5  86.33 ( 86.33)
* loss@1 1.335 Acc@1 68.614 Acc@5 88.272
Epoch: [31][   0/2503]	Time  4.709 ( 4.709)	Data  4.237 ( 4.237)	Loss 1.5649e+02 (1.5649e+02)	Acc@1  62.89 ( 62.89)	Acc@5  82.62 ( 82.62)
* loss@1 7.027 Acc@1 65.157 Acc@5 83.977
Test: [ 0/98]	Time  5.996 ( 5.996)	Loss 1.4055e+00 (1.4055e+00)	Acc@1  67.38 ( 67.38)	Acc@5  86.91 ( 86.91)
* loss@1 1.341 Acc@1 68.590 Acc@5 88.158
Epoch: [32][   0/2503]	Time  5.266 ( 5.266)	Data  4.714 ( 4.714)	Loss 1.5304e+02 (1.5304e+02)	Acc@1  64.65 ( 64.65)	Acc@5  81.25 ( 81.25)
* loss@1 6.969 Acc@1 65.273 Acc@5 84.080
Test: [ 0/98]	Time  5.478 ( 5.478)	Loss 1.2128e+00 (1.2128e+00)	Acc@1  69.92 ( 69.92)	Acc@5  90.04 ( 90.04)
* loss@1 1.348 Acc@1 68.368 Acc@5 88.036
Epoch: [33][   0/2503]	Time  5.299 ( 5.299)	Data  4.022 ( 4.022)	Loss 1.5177e+02 (1.5177e+02)	Acc@1  62.11 ( 62.11)	Acc@5  82.42 ( 82.42)
* loss@1 6.925 Acc@1 65.276 Acc@5 84.121
Test: [ 0/98]	Time  6.450 ( 6.450)	Loss 1.3704e+00 (1.3704e+00)	Acc@1  66.80 ( 66.80)	Acc@5  89.06 ( 89.06)
* loss@1 1.350 Acc@1 68.388 Acc@5 87.926
Epoch: [34][   0/2503]	Time  5.172 ( 5.172)	Data  4.652 ( 4.652)	Loss 1.4895e+02 (1.4895e+02)	Acc@1  64.26 ( 64.26)	Acc@5  82.81 ( 82.81)
* loss@1 6.890 Acc@1 65.405 Acc@5 84.127
Test: [ 0/98]	Time  6.044 ( 6.044)	Loss 1.3598e+00 (1.3598e+00)	Acc@1  68.95 ( 68.95)	Acc@5  87.30 ( 87.30)
* loss@1 1.334 Acc@1 68.712 Acc@5 88.312
Epoch: [35][   0/2503]	Time  5.613 ( 5.613)	Data  4.863 ( 4.863)	Loss 1.4711e+02 (1.4711e+02)	Acc@1  65.62 ( 65.62)	Acc@5  83.40 ( 83.40)
* loss@1 6.850 Acc@1 65.443 Acc@5 84.208
Test: [ 0/98]	Time  6.038 ( 6.038)	Loss 1.3284e+00 (1.3284e+00)	Acc@1  70.31 ( 70.31)	Acc@5  87.11 ( 87.11)
* loss@1 1.334 Acc@1 68.738 Acc@5 88.362
Epoch: [36][   0/2503]	Time  4.774 ( 4.774)	Data  4.307 ( 4.307)	Loss 1.4448e+02 (1.4448e+02)	Acc@1  66.21 ( 66.21)	Acc@5  84.18 ( 84.18)
* loss@1 6.804 Acc@1 65.481 Acc@5 84.247
Test: [ 0/98]	Time  5.592 ( 5.592)	Loss 1.1689e+00 (1.1689e+00)	Acc@1  73.44 ( 73.44)	Acc@5  89.26 ( 89.26)
* loss@1 1.326 Acc@1 68.912 Acc@5 88.372
Epoch: [37][   0/2503]	Time  4.552 ( 4.552)	Data  4.005 ( 4.005)	Loss 1.4203e+02 (1.4203e+02)	Acc@1  66.99 ( 66.99)	Acc@5  85.74 ( 85.74)
* loss@1 6.770 Acc@1 65.576 Acc@5 84.238
Test: [ 0/98]	Time  5.791 ( 5.791)	Loss 1.3591e+00 (1.3591e+00)	Acc@1  69.14 ( 69.14)	Acc@5  88.48 ( 88.48)
* loss@1 1.330 Acc@1 68.832 Acc@5 88.288
Epoch: [38][   0/2503]	Time  5.579 ( 5.579)	Data  4.630 ( 4.630)	Loss 1.4129e+02 (1.4129e+02)	Acc@1  65.62 ( 65.62)	Acc@5  84.38 ( 84.38)
* loss@1 6.737 Acc@1 65.620 Acc@5 84.320
Test: [ 0/98]	Time  5.830 ( 5.830)	Loss 1.4288e+00 (1.4288e+00)	Acc@1  67.77 ( 67.77)	Acc@5  85.74 ( 85.74)
* loss@1 1.332 Acc@1 68.790 Acc@5 88.306
Epoch: [39][   0/2503]	Time  5.062 ( 5.062)	Data  4.276 ( 4.276)	Loss 1.3953e+02 (1.3953e+02)	Acc@1  67.38 ( 67.38)	Acc@5  85.16 ( 85.16)
* loss@1 6.698 Acc@1 65.743 Acc@5 84.309
Test: [ 0/98]	Time  6.162 ( 6.162)	Loss 1.2130e+00 (1.2130e+00)	Acc@1  70.12 ( 70.12)	Acc@5  90.04 ( 90.04)
* loss@1 1.330 Acc@1 68.814 Acc@5 88.352
Epoch: [40][   0/2503]	Time  6.019 ( 6.019)	Data  4.787 ( 4.787)	Loss 1.3759e+02 (1.3759e+02)	Acc@1  64.45 ( 64.45)	Acc@5  84.18 ( 84.18)
* loss@1 6.657 Acc@1 65.789 Acc@5 84.349
Test: [ 0/98]	Time  6.296 ( 6.296)	Loss 1.3512e+00 (1.3512e+00)	Acc@1  67.58 ( 67.58)	Acc@5  86.13 ( 86.13)
* loss@1 1.327 Acc@1 68.948 Acc@5 88.276
Epoch: [41][   0/2503]	Time  4.630 ( 4.630)	Data  4.163 ( 4.163)	Loss 1.3652e+02 (1.3652e+02)	Acc@1  66.80 ( 66.80)	Acc@5  84.96 ( 84.96)
* loss@1 6.625 Acc@1 65.909 Acc@5 84.482
Test: [ 0/98]	Time  6.091 ( 6.091)	Loss 1.3143e+00 (1.3143e+00)	Acc@1  68.36 ( 68.36)	Acc@5  87.70 ( 87.70)
* loss@1 1.320 Acc@1 69.186 Acc@5 88.346
Epoch: [42][   0/2503]	Time  4.213 ( 4.213)	Data  3.721 ( 3.721)	Loss 1.3493e+02 (1.3493e+02)	Acc@1  68.36 ( 68.36)	Acc@5  85.74 ( 85.74)
* loss@1 6.603 Acc@1 65.941 Acc@5 84.505
Test: [ 0/98]	Time  6.242 ( 6.242)	Loss 1.4039e+00 (1.4039e+00)	Acc@1  69.53 ( 69.53)	Acc@5  87.70 ( 87.70)
* loss@1 1.331 Acc@1 68.932 Acc@5 88.360
Epoch: [43][   0/2503]	Time  5.440 ( 5.440)	Data  4.417 ( 4.417)	Loss 1.3418e+02 (1.3418e+02)	Acc@1  64.45 ( 64.45)	Acc@5  83.98 ( 83.98)
* loss@1 6.562 Acc@1 65.999 Acc@5 84.511
Test: [ 0/98]	Time  6.357 ( 6.357)	Loss 1.3160e+00 (1.3160e+00)	Acc@1  69.34 ( 69.34)	Acc@5  88.48 ( 88.48)
* loss@1 1.327 Acc@1 68.940 Acc@5 88.238
Epoch: [44][   0/2503]	Time  5.328 ( 5.328)	Data  4.525 ( 4.525)	Loss 1.3214e+02 (1.3214e+02)	Acc@1  70.51 ( 70.51)	Acc@5  86.52 ( 86.52)
* loss@1 6.534 Acc@1 66.049 Acc@5 84.594
Test: [ 0/98]	Time  5.839 ( 5.839)	Loss 1.2419e+00 (1.2419e+00)	Acc@1  70.70 ( 70.70)	Acc@5  89.06 ( 89.06)
* loss@1 1.307 Acc@1 69.430 Acc@5 88.606
Epoch: [45][   0/2503]	Time  4.356 ( 4.356)	Data  3.843 ( 3.843)	Loss 1.3140e+02 (1.3140e+02)	Acc@1  67.19 ( 67.19)	Acc@5  84.38 ( 84.38)
* loss@1 6.502 Acc@1 66.122 Acc@5 84.625
Test: [ 0/98]	Time  6.243 ( 6.243)	Loss 1.1346e+00 (1.1346e+00)	Acc@1  71.68 ( 71.68)	Acc@5  90.23 ( 90.23)
* loss@1 1.314 Acc@1 69.306 Acc@5 88.548
Epoch: [46][   0/2503]	Time  5.675 ( 5.675)	Data  5.178 ( 5.178)	Loss 1.3127e+02 (1.3127e+02)	Acc@1  66.80 ( 66.80)	Acc@5  85.16 ( 85.16)
* loss@1 6.478 Acc@1 66.228 Acc@5 84.660
Test: [ 0/98]	Time  6.149 ( 6.149)	Loss 1.2435e+00 (1.2435e+00)	Acc@1  69.14 ( 69.14)	Acc@5  89.65 ( 89.65)
* loss@1 1.312 Acc@1 69.380 Acc@5 88.606
Epoch: [47][   0/2503]	Time  5.064 ( 5.064)	Data  4.350 ( 4.350)	Loss 1.2957e+02 (1.2957e+02)	Acc@1  66.02 ( 66.02)	Acc@5  84.38 ( 84.38)
* loss@1 6.437 Acc@1 66.338 Acc@5 84.713
Test: [ 0/98]	Time  5.698 ( 5.698)	Loss 1.2997e+00 (1.2997e+00)	Acc@1  70.90 ( 70.90)	Acc@5  88.87 ( 88.87)
* loss@1 1.308 Acc@1 69.238 Acc@5 88.634
Epoch: [48][   0/2503]	Time  5.286 ( 5.286)	Data  4.807 ( 4.807)	Loss 1.2945e+02 (1.2945e+02)	Acc@1  64.26 ( 64.26)	Acc@5  80.47 ( 80.47)
* loss@1 6.411 Acc@1 66.373 Acc@5 84.724
Test: [ 0/98]	Time  6.061 ( 6.061)	Loss 1.3473e+00 (1.3473e+00)	Acc@1  69.73 ( 69.73)	Acc@5  88.09 ( 88.09)
* loss@1 1.302 Acc@1 69.610 Acc@5 88.630
Epoch: [49][   0/2503]	Time  5.003 ( 5.003)	Data  4.497 ( 4.497)	Loss 1.2926e+02 (1.2926e+02)	Acc@1  64.84 ( 64.84)	Acc@5  83.98 ( 83.98)
* loss@1 6.383 Acc@1 66.471 Acc@5 84.795
Test: [ 0/98]	Time  5.876 ( 5.876)	Loss 1.3070e+00 (1.3070e+00)	Acc@1  67.38 ( 67.38)	Acc@5  88.67 ( 88.67)
* loss@1 1.291 Acc@1 69.702 Acc@5 88.840
Epoch: [50][   0/2503]	Time  5.291 ( 5.291)	Data  4.828 ( 4.828)	Loss 1.2676e+02 (1.2676e+02)	Acc@1  71.09 ( 71.09)	Acc@5  88.67 ( 88.67)
* loss@1 6.357 Acc@1 66.478 Acc@5 84.805
Test: [ 0/98]	Time  6.169 ( 6.169)	Loss 1.2461e+00 (1.2461e+00)	Acc@1  70.31 ( 70.31)	Acc@5  89.84 ( 89.84)
* loss@1 1.291 Acc@1 69.756 Acc@5 88.898
Epoch: [51][   0/2503]	Time  4.961 ( 4.961)	Data  4.467 ( 4.467)	Loss 1.2619e+02 (1.2619e+02)	Acc@1  66.60 ( 66.60)	Acc@5  83.98 ( 83.98)
* loss@1 6.329 Acc@1 66.582 Acc@5 84.870
Test: [ 0/98]	Time  5.752 ( 5.752)	Loss 1.2627e+00 (1.2627e+00)	Acc@1  69.14 ( 69.14)	Acc@5  88.67 ( 88.67)
* loss@1 1.303 Acc@1 69.354 Acc@5 88.696
Epoch: [52][   0/2503]	Time  5.104 ( 5.104)	Data  4.602 ( 4.602)	Loss 1.2584e+02 (1.2584e+02)	Acc@1  69.53 ( 69.53)	Acc@5  87.89 ( 87.89)
* loss@1 6.309 Acc@1 66.588 Acc@5 84.912
Test: [ 0/98]	Time  5.662 ( 5.662)	Loss 1.3527e+00 (1.3527e+00)	Acc@1  69.34 ( 69.34)	Acc@5  86.91 ( 86.91)
* loss@1 1.301 Acc@1 69.592 Acc@5 88.692
Epoch: [53][   0/2503]	Time  5.516 ( 5.516)	Data  5.008 ( 5.008)	Loss 1.2611e+02 (1.2611e+02)	Acc@1  63.48 ( 63.48)	Acc@5  83.79 ( 83.79)
* loss@1 6.280 Acc@1 66.659 Acc@5 84.921
Test: [ 0/98]	Time  6.184 ( 6.184)	Loss 1.2571e+00 (1.2571e+00)	Acc@1  68.16 ( 68.16)	Acc@5  91.21 ( 91.21)
* loss@1 1.283 Acc@1 69.878 Acc@5 88.874
Epoch: [54][   0/2503]	Time  4.894 ( 4.894)	Data  4.398 ( 4.398)	Loss 1.2500e+02 (1.2500e+02)	Acc@1  64.45 ( 64.45)	Acc@5  84.38 ( 84.38)
* loss@1 6.252 Acc@1 66.738 Acc@5 84.960
Test: [ 0/98]	Time  5.266 ( 5.266)	Loss 1.2255e+00 (1.2255e+00)	Acc@1  71.88 ( 71.88)	Acc@5  90.62 ( 90.62)
* loss@1 1.291 Acc@1 69.626 Acc@5 88.824
Epoch: [55][   0/2503]	Time  5.200 ( 5.200)	Data  4.606 ( 4.606)	Loss 1.2391e+02 (1.2391e+02)	Acc@1  67.97 ( 67.97)	Acc@5  85.74 ( 85.74)
* loss@1 6.234 Acc@1 66.775 Acc@5 84.954
Test: [ 0/98]	Time  6.348 ( 6.348)	Loss 1.2350e+00 (1.2350e+00)	Acc@1  72.46 ( 72.46)	Acc@5  90.23 ( 90.23)
* loss@1 1.287 Acc@1 69.900 Acc@5 88.782
Epoch: [56][   0/2503]	Time  5.151 ( 5.151)	Data  4.612 ( 4.612)	Loss 1.2354e+02 (1.2354e+02)	Acc@1  67.58 ( 67.58)	Acc@5  84.38 ( 84.38)
* loss@1 6.203 Acc@1 66.857 Acc@5 85.069
Test: [ 0/98]	Time  5.714 ( 5.714)	Loss 1.2144e+00 (1.2144e+00)	Acc@1  69.92 ( 69.92)	Acc@5  90.43 ( 90.43)
* loss@1 1.294 Acc@1 69.710 Acc@5 88.740
Epoch: [57][   0/2503]	Time  5.698 ( 5.698)	Data  5.206 ( 5.206)	Loss 1.2325e+02 (1.2325e+02)	Acc@1  62.30 ( 62.30)	Acc@5  83.20 ( 83.20)
* loss@1 6.181 Acc@1 66.908 Acc@5 85.057
Test: [ 0/98]	Time  5.807 ( 5.807)	Loss 1.2318e+00 (1.2318e+00)	Acc@1  71.48 ( 71.48)	Acc@5  90.04 ( 90.04)
* loss@1 1.288 Acc@1 69.888 Acc@5 88.840
Epoch: [58][   0/2503]	Time  5.099 ( 5.099)	Data  4.590 ( 4.590)	Loss 1.2270e+02 (1.2270e+02)	Acc@1  62.30 ( 62.30)	Acc@5  83.01 ( 83.01)
* loss@1 6.154 Acc@1 66.970 Acc@5 85.084
Test: [ 0/98]	Time  5.685 ( 5.685)	Loss 1.2212e+00 (1.2212e+00)	Acc@1  70.90 ( 70.90)	Acc@5  88.28 ( 88.28)
* loss@1 1.289 Acc@1 69.876 Acc@5 88.942
Epoch: [59][   0/2503]	Time  5.394 ( 5.394)	Data  4.882 ( 4.882)	Loss 1.2083e+02 (1.2083e+02)	Acc@1  65.23 ( 65.23)	Acc@5  84.96 ( 84.96)
* loss@1 6.121 Acc@1 66.992 Acc@5 85.165
Test: [ 0/98]	Time  5.608 ( 5.608)	Loss 1.2414e+00 (1.2414e+00)	Acc@1  69.53 ( 69.53)	Acc@5  89.26 ( 89.26)
* loss@1 1.277 Acc@1 69.928 Acc@5 88.988
Epoch: [60][   0/2503]	Time  4.439 ( 4.439)	Data  3.972 ( 3.972)	Loss 1.2160e+02 (1.2160e+02)	Acc@1  67.19 ( 67.19)	Acc@5  83.40 ( 83.40)
* loss@1 6.104 Acc@1 67.110 Acc@5 85.164
Test: [ 0/98]	Time  5.769 ( 5.769)	Loss 1.1697e+00 (1.1697e+00)	Acc@1  72.07 ( 72.07)	Acc@5  90.62 ( 90.62)
* loss@1 1.282 Acc@1 69.998 Acc@5 88.930
Epoch: [61][   0/2503]	Time  5.226 ( 5.226)	Data  4.705 ( 4.705)	Loss 1.2147e+02 (1.2147e+02)	Acc@1  69.34 ( 69.34)	Acc@5  85.16 ( 85.16)
* loss@1 6.075 Acc@1 67.170 Acc@5 85.249
Test: [ 0/98]	Time  6.039 ( 6.039)	Loss 1.2189e+00 (1.2189e+00)	Acc@1  71.88 ( 71.88)	Acc@5  89.26 ( 89.26)
* loss@1 1.270 Acc@1 70.242 Acc@5 89.074
Epoch: [62][   0/2503]	Time  5.070 ( 5.070)	Data  4.571 ( 4.571)	Loss 1.2107e+02 (1.2107e+02)	Acc@1  66.80 ( 66.80)	Acc@5  82.81 ( 82.81)
* loss@1 6.050 Acc@1 67.256 Acc@5 85.251
Test: [ 0/98]	Time  6.049 ( 6.049)	Loss 1.2241e+00 (1.2241e+00)	Acc@1  71.09 ( 71.09)	Acc@5  89.06 ( 89.06)
* loss@1 1.293 Acc@1 69.820 Acc@5 88.810
Epoch: [63][   0/2503]	Time  5.515 ( 5.515)	Data  4.838 ( 4.838)	Loss 1.2026e+02 (1.2026e+02)	Acc@1  68.16 ( 68.16)	Acc@5  84.38 ( 84.38)
* loss@1 6.029 Acc@1 67.273 Acc@5 85.299
Test: [ 0/98]	Time  6.082 ( 6.082)	Loss 1.1999e+00 (1.1999e+00)	Acc@1  71.29 ( 71.29)	Acc@5  89.84 ( 89.84)
* loss@1 1.277 Acc@1 70.136 Acc@5 89.072
Epoch: [64][   0/2503]	Time  5.179 ( 5.179)	Data  4.695 ( 4.695)	Loss 1.2049e+02 (1.2049e+02)	Acc@1  64.26 ( 64.26)	Acc@5  84.96 ( 84.96)
* loss@1 6.000 Acc@1 67.358 Acc@5 85.322
Test: [ 0/98]	Time  5.555 ( 5.555)	Loss 1.2054e+00 (1.2054e+00)	Acc@1  70.31 ( 70.31)	Acc@5  89.45 ( 89.45)
* loss@1 1.277 Acc@1 70.154 Acc@5 89.034
Epoch: [65][   0/2503]	Time  5.834 ( 5.834)	Data  5.256 ( 5.256)	Loss 1.1980e+02 (1.1980e+02)	Acc@1  69.14 ( 69.14)	Acc@5  84.77 ( 84.77)
* loss@1 5.978 Acc@1 67.418 Acc@5 85.380
Test: [ 0/98]	Time  6.176 ( 6.176)	Loss 1.2308e+00 (1.2308e+00)	Acc@1  71.29 ( 71.29)	Acc@5  90.23 ( 90.23)
* loss@1 1.264 Acc@1 70.232 Acc@5 89.252
Epoch: [66][   0/2503]	Time  5.153 ( 5.153)	Data  4.656 ( 4.656)	Loss 1.1970e+02 (1.1970e+02)	Acc@1  64.06 ( 64.06)	Acc@5  83.98 ( 83.98)
* loss@1 5.951 Acc@1 67.475 Acc@5 85.413
Test: [ 0/98]	Time  6.259 ( 6.259)	Loss 1.2829e+00 (1.2829e+00)	Acc@1  70.70 ( 70.70)	Acc@5  90.04 ( 90.04)
* loss@1 1.261 Acc@1 70.350 Acc@5 89.284
Epoch: [67][   0/2503]	Time  5.127 ( 5.127)	Data  4.623 ( 4.623)	Loss 1.1842e+02 (1.1842e+02)	Acc@1  63.87 ( 63.87)	Acc@5  82.81 ( 82.81)
* loss@1 5.929 Acc@1 67.510 Acc@5 85.432
Test: [ 0/98]	Time  5.949 ( 5.949)	Loss 1.3828e+00 (1.3828e+00)	Acc@1  67.97 ( 67.97)	Acc@5  86.72 ( 86.72)
* loss@1 1.260 Acc@1 70.220 Acc@5 89.290
Epoch: [68][   0/2503]	Time  5.496 ( 5.496)	Data  4.578 ( 4.578)	Loss 1.1829e+02 (1.1829e+02)	Acc@1  66.21 ( 66.21)	Acc@5  84.96 ( 84.96)
* loss@1 5.903 Acc@1 67.605 Acc@5 85.501
Test: [ 0/98]	Time  6.032 ( 6.032)	Loss 1.2315e+00 (1.2315e+00)	Acc@1  73.83 ( 73.83)	Acc@5  88.67 ( 88.67)
* loss@1 1.257 Acc@1 70.624 Acc@5 89.184
Epoch: [69][   0/2503]	Time  5.095 ( 5.095)	Data  4.586 ( 4.586)	Loss 1.1909e+02 (1.1909e+02)	Acc@1  67.19 ( 67.19)	Acc@5  84.18 ( 84.18)
* loss@1 5.882 Acc@1 67.643 Acc@5 85.520
Test: [ 0/98]	Time  6.049 ( 6.049)	Loss 1.2999e+00 (1.2999e+00)	Acc@1  69.14 ( 69.14)	Acc@5  88.87 ( 88.87)
* loss@1 1.256 Acc@1 70.364 Acc@5 89.220
Epoch: [70][   0/2503]	Time  5.713 ( 5.713)	Data  5.212 ( 5.212)	Loss 1.1847e+02 (1.1847e+02)	Acc@1  69.92 ( 69.92)	Acc@5  85.94 ( 85.94)
* loss@1 5.855 Acc@1 67.700 Acc@5 85.514
Test: [ 0/98]	Time  5.924 ( 5.924)	Loss 1.3496e+00 (1.3496e+00)	Acc@1  67.97 ( 67.97)	Acc@5  88.48 ( 88.48)
* loss@1 1.258 Acc@1 70.510 Acc@5 89.326
Epoch: [71][   0/2503]	Time  5.541 ( 5.541)	Data  5.011 ( 5.011)	Loss 1.1794e+02 (1.1794e+02)	Acc@1  66.60 ( 66.60)	Acc@5  86.13 ( 86.13)
* loss@1 5.833 Acc@1 67.764 Acc@5 85.605
Test: [ 0/98]	Time  5.856 ( 5.856)	Loss 1.3028e+00 (1.3028e+00)	Acc@1  69.14 ( 69.14)	Acc@5  88.67 ( 88.67)
* loss@1 1.250 Acc@1 70.706 Acc@5 89.396
Epoch: [72][   0/2503]	Time  4.579 ( 4.579)	Data  4.081 ( 4.081)	Loss 1.1682e+02 (1.1682e+02)	Acc@1  66.99 ( 66.99)	Acc@5  86.13 ( 86.13)
* loss@1 5.818 Acc@1 67.801 Acc@5 85.598
Test: [ 0/98]	Time  6.458 ( 6.458)	Loss 1.2732e+00 (1.2732e+00)	Acc@1  70.90 ( 70.90)	Acc@5  88.87 ( 88.87)
* loss@1 1.250 Acc@1 70.676 Acc@5 89.358
Epoch: [73][   0/2503]	Time  5.422 ( 5.422)	Data  4.638 ( 4.638)	Loss 1.1711e+02 (1.1711e+02)	Acc@1  68.55 ( 68.55)	Acc@5  86.33 ( 86.33)
* loss@1 5.797 Acc@1 67.842 Acc@5 85.643
Test: [ 0/98]	Time  5.830 ( 5.830)	Loss 1.1668e+00 (1.1668e+00)	Acc@1  75.00 ( 75.00)	Acc@5  89.26 ( 89.26)
* loss@1 1.247 Acc@1 70.686 Acc@5 89.332
Epoch: [74][   0/2503]	Time  5.216 ( 5.216)	Data  4.714 ( 4.714)	Loss 1.1703e+02 (1.1703e+02)	Acc@1  71.68 ( 71.68)	Acc@5  85.74 ( 85.74)
* loss@1 5.768 Acc@1 67.942 Acc@5 85.715
Test: [ 0/98]	Time  5.639 ( 5.639)	Loss 1.3097e+00 (1.3097e+00)	Acc@1  70.70 ( 70.70)	Acc@5  88.09 ( 88.09)
* loss@1 1.241 Acc@1 70.724 Acc@5 89.488
Epoch: [75][   0/2503]	Time  4.687 ( 4.687)	Data  4.141 ( 4.141)	Loss 1.1610e+02 (1.1610e+02)	Acc@1  67.19 ( 67.19)	Acc@5  85.74 ( 85.74)
* loss@1 5.746 Acc@1 67.982 Acc@5 85.716
Test: [ 0/98]	Time  5.305 ( 5.305)	Loss 1.2060e+00 (1.2060e+00)	Acc@1  74.22 ( 74.22)	Acc@5  88.09 ( 88.09)
* loss@1 1.243 Acc@1 70.800 Acc@5 89.528
Epoch: [76][   0/2503]	Time  5.321 ( 5.321)	Data  4.830 ( 4.830)	Loss 1.1627e+02 (1.1627e+02)	Acc@1  65.62 ( 65.62)	Acc@5  82.81 ( 82.81)
* loss@1 5.715 Acc@1 68.071 Acc@5 85.772
Test: [ 0/98]	Time  5.651 ( 5.651)	Loss 1.2883e+00 (1.2883e+00)	Acc@1  68.75 ( 68.75)	Acc@5  88.28 ( 88.28)
* loss@1 1.245 Acc@1 70.660 Acc@5 89.548
Epoch: [77][   0/2503]	Time  5.054 ( 5.054)	Data  4.551 ( 4.551)	Loss 1.1623e+02 (1.1623e+02)	Acc@1  72.27 ( 72.27)	Acc@5  88.87 ( 88.87)
* loss@1 5.703 Acc@1 68.115 Acc@5 85.775
Test: [ 0/98]	Time  5.458 ( 5.458)	Loss 1.2004e+00 (1.2004e+00)	Acc@1  71.88 ( 71.88)	Acc@5  90.04 ( 90.04)
* loss@1 1.242 Acc@1 70.606 Acc@5 89.480
Epoch: [78][   0/2503]	Time  5.793 ( 5.793)	Data  4.807 ( 4.807)	Loss 1.1646e+02 (1.1646e+02)	Acc@1  67.38 ( 67.38)	Acc@5  85.16 ( 85.16)
* loss@1 5.678 Acc@1 68.154 Acc@5 85.818
Test: [ 0/98]	Time  5.847 ( 5.847)	Loss 1.2072e+00 (1.2072e+00)	Acc@1  70.31 ( 70.31)	Acc@5  91.02 ( 91.02)
* loss@1 1.242 Acc@1 70.760 Acc@5 89.490
Epoch: [79][   0/2503]	Time  5.014 ( 5.014)	Data  4.502 ( 4.502)	Loss 1.1529e+02 (1.1529e+02)	Acc@1  67.97 ( 67.97)	Acc@5  85.94 ( 85.94)
* loss@1 5.666 Acc@1 68.199 Acc@5 85.874
Test: [ 0/98]	Time  6.294 ( 6.294)	Loss 1.0848e+00 (1.0848e+00)	Acc@1  71.88 ( 71.88)	Acc@5  91.60 ( 91.60)
* loss@1 1.231 Acc@1 70.882 Acc@5 89.638
Epoch: [80][   0/2503]	Time  4.839 ( 4.839)	Data  4.352 ( 4.352)	Loss 1.1596e+02 (1.1596e+02)	Acc@1  70.70 ( 70.70)	Acc@5  86.52 ( 86.52)
* loss@1 5.635 Acc@1 68.276 Acc@5 85.884
Test: [ 0/98]	Time  5.726 ( 5.726)	Loss 1.0734e+00 (1.0734e+00)	Acc@1  73.05 ( 73.05)	Acc@5  92.58 ( 92.58)
* loss@1 1.226 Acc@1 71.186 Acc@5 89.710
Epoch: [81][   0/2503]	Time  4.989 ( 4.989)	Data  4.480 ( 4.480)	Loss 1.1611e+02 (1.1611e+02)	Acc@1  69.53 ( 69.53)	Acc@5  88.67 ( 88.67)
* loss@1 5.624 Acc@1 68.266 Acc@5 85.854
Test: [ 0/98]	Time  5.521 ( 5.521)	Loss 1.2341e+00 (1.2341e+00)	Acc@1  71.88 ( 71.88)	Acc@5  89.65 ( 89.65)
* loss@1 1.233 Acc@1 70.950 Acc@5 89.616
Epoch: [82][   0/2503]	Time  5.727 ( 5.727)	Data  5.223 ( 5.223)	Loss 1.1519e+02 (1.1519e+02)	Acc@1  66.41 ( 66.41)	Acc@5  87.30 ( 87.30)
* loss@1 5.602 Acc@1 68.364 Acc@5 85.935
Test: [ 0/98]	Time  5.814 ( 5.814)	Loss 1.3065e+00 (1.3065e+00)	Acc@1  70.51 ( 70.51)	Acc@5  88.48 ( 88.48)
* loss@1 1.228 Acc@1 71.152 Acc@5 89.628
Epoch: [83][   0/2503]	Time  5.249 ( 5.249)	Data  4.759 ( 4.759)	Loss 1.1587e+02 (1.1587e+02)	Acc@1  68.75 ( 68.75)	Acc@5  83.79 ( 83.79)
* loss@1 5.576 Acc@1 68.442 Acc@5 85.984
Test: [ 0/98]	Time  6.062 ( 6.062)	Loss 1.2956e+00 (1.2956e+00)	Acc@1  70.31 ( 70.31)	Acc@5  88.48 ( 88.48)
* loss@1 1.233 Acc@1 71.098 Acc@5 89.534
Epoch: [84][   0/2503]	Time  5.330 ( 5.330)	Data  4.822 ( 4.822)	Loss 1.1455e+02 (1.1455e+02)	Acc@1  64.26 ( 64.26)	Acc@5  82.62 ( 82.62)
* loss@1 5.557 Acc@1 68.485 Acc@5 86.002
Test: [ 0/98]	Time  5.578 ( 5.578)	Loss 1.4020e+00 (1.4020e+00)	Acc@1  66.80 ( 66.80)	Acc@5  85.55 ( 85.55)
* loss@1 1.230 Acc@1 71.074 Acc@5 89.528
Epoch: [85][   0/2503]	Time  5.121 ( 5.121)	Data  4.620 ( 4.620)	Loss 1.1411e+02 (1.1411e+02)	Acc@1  69.14 ( 69.14)	Acc@5  85.55 ( 85.55)
* loss@1 5.543 Acc@1 68.492 Acc@5 86.011
Test: [ 0/98]	Time  6.039 ( 6.039)	Loss 1.3544e+00 (1.3544e+00)	Acc@1  68.36 ( 68.36)	Acc@5  89.26 ( 89.26)
* loss@1 1.227 Acc@1 71.152 Acc@5 89.746
Epoch: [86][   0/2503]	Time  5.360 ( 5.360)	Data  4.863 ( 4.863)	Loss 1.1409e+02 (1.1409e+02)	Acc@1  64.65 ( 64.65)	Acc@5  84.77 ( 84.77)
* loss@1 5.527 Acc@1 68.508 Acc@5 86.059
Test: [ 0/98]	Time  5.771 ( 5.771)	Loss 1.1561e+00 (1.1561e+00)	Acc@1  72.85 ( 72.85)	Acc@5  91.21 ( 91.21)
* loss@1 1.224 Acc@1 71.276 Acc@5 89.758
Epoch: [87][   0/2503]	Time  5.206 ( 5.206)	Data  4.739 ( 4.739)	Loss 1.1439e+02 (1.1439e+02)	Acc@1  63.87 ( 63.87)	Acc@5  83.98 ( 83.98)
* loss@1 5.511 Acc@1 68.576 Acc@5 86.047
Test: [ 0/98]	Time  5.688 ( 5.688)	Loss 1.1513e+00 (1.1513e+00)	Acc@1  72.07 ( 72.07)	Acc@5  91.02 ( 91.02)
* loss@1 1.226 Acc@1 71.256 Acc@5 89.774
Epoch: [88][   0/2503]	Time  5.672 ( 5.672)	Data  5.162 ( 5.162)	Loss 1.1264e+02 (1.1264e+02)	Acc@1  71.48 ( 71.48)	Acc@5  87.70 ( 87.70)
* loss@1 5.496 Acc@1 68.642 Acc@5 86.084
Test: [ 0/98]	Time  5.869 ( 5.869)	Loss 1.2096e+00 (1.2096e+00)	Acc@1  72.27 ( 72.27)	Acc@5  90.62 ( 90.62)
* loss@1 1.224 Acc@1 71.336 Acc@5 89.796
Epoch: [89][   0/2503]	Time  4.945 ( 4.945)	Data  4.489 ( 4.489)	Loss 1.1361e+02 (1.1361e+02)	Acc@1  67.97 ( 67.97)	Acc@5  86.72 ( 86.72)
* loss@1 5.483 Acc@1 68.668 Acc@5 86.116
Test: [ 0/98]	Time  5.732 ( 5.732)	Loss 1.1897e+00 (1.1897e+00)	Acc@1  73.24 ( 73.24)	Acc@5  91.02 ( 91.02)
* loss@1 1.223 Acc@1 71.314 Acc@5 89.642
Epoch: [90][   0/2503]	Time  5.276 ( 5.276)	Data  4.685 ( 4.685)	Loss 1.1388e+02 (1.1388e+02)	Acc@1  66.60 ( 66.60)	Acc@5  83.59 ( 83.59)
* loss@1 5.462 Acc@1 68.712 Acc@5 86.168
Test: [ 0/98]	Time  5.467 ( 5.467)	Loss 1.2073e+00 (1.2073e+00)	Acc@1  72.07 ( 72.07)	Acc@5  89.26 ( 89.26)
* loss@1 1.221 Acc@1 71.210 Acc@5 89.656
Epoch: [91][   0/2503]	Time  5.399 ( 5.399)	Data  4.899 ( 4.899)	Loss 1.1352e+02 (1.1352e+02)	Acc@1  70.90 ( 70.90)	Acc@5  90.04 ( 90.04)
* loss@1 5.450 Acc@1 68.729 Acc@5 86.184
Test: [ 0/98]	Time  5.756 ( 5.756)	Loss 1.3747e+00 (1.3747e+00)	Acc@1  68.36 ( 68.36)	Acc@5  88.67 ( 88.67)
* loss@1 1.223 Acc@1 71.208 Acc@5 89.794
Epoch: [92][   0/2503]	Time  5.303 ( 5.303)	Data  4.804 ( 4.804)	Loss 1.1312e+02 (1.1312e+02)	Acc@1  70.70 ( 70.70)	Acc@5  86.52 ( 86.52)
* loss@1 5.425 Acc@1 68.845 Acc@5 86.241
Test: [ 0/98]	Time  5.618 ( 5.618)	Loss 1.0911e+00 (1.0911e+00)	Acc@1  75.98 ( 75.98)	Acc@5  91.80 ( 91.80)
* loss@1 1.219 Acc@1 71.356 Acc@5 89.800
Epoch: [93][   0/2503]	Time  4.393 ( 4.393)	Data  3.901 ( 3.901)	Loss 1.1378e+02 (1.1378e+02)	Acc@1  69.92 ( 69.92)	Acc@5  86.72 ( 86.72)
* loss@1 5.426 Acc@1 68.792 Acc@5 86.203
Test: [ 0/98]	Time  5.918 ( 5.918)	Loss 1.1601e+00 (1.1601e+00)	Acc@1  73.05 ( 73.05)	Acc@5  90.23 ( 90.23)
* loss@1 1.218 Acc@1 71.246 Acc@5 89.742
Epoch: [94][   0/2503]	Time  5.639 ( 5.639)	Data  4.722 ( 4.722)	Loss 1.1373e+02 (1.1373e+02)	Acc@1  66.21 ( 66.21)	Acc@5  85.16 ( 85.16)
* loss@1 5.407 Acc@1 68.854 Acc@5 86.256
Test: [ 0/98]	Time  5.443 ( 5.443)	Loss 1.1342e+00 (1.1342e+00)	Acc@1  71.48 ( 71.48)	Acc@5  89.84 ( 89.84)
* loss@1 1.217 Acc@1 71.366 Acc@5 89.834
Epoch: [95][   0/2503]	Time  4.745 ( 4.745)	Data  4.257 ( 4.257)	Loss 1.1379e+02 (1.1379e+02)	Acc@1  67.77 ( 67.77)	Acc@5  85.74 ( 85.74)
* loss@1 5.386 Acc@1 68.895 Acc@5 86.262
Test: [ 0/98]	Time  5.366 ( 5.366)	Loss 1.2620e+00 (1.2620e+00)	Acc@1  72.66 ( 72.66)	Acc@5  89.45 ( 89.45)
* loss@1 1.211 Acc@1 71.620 Acc@5 89.852
Epoch: [96][   0/2503]	Time  3.034 ( 3.034)	Data  2.586 ( 2.586)	Loss 1.1286e+02 (1.1286e+02)	Acc@1  70.70 ( 70.70)	Acc@5  85.94 ( 85.94)
* loss@1 5.376 Acc@1 68.977 Acc@5 86.327
Test: [ 0/98]	Time  5.542 ( 5.542)	Loss 1.1432e+00 (1.1432e+00)	Acc@1  73.44 ( 73.44)	Acc@5  92.38 ( 92.38)
* loss@1 1.213 Acc@1 71.742 Acc@5 89.866
Epoch: [97][   0/2503]	Time  4.740 ( 4.740)	Data  4.226 ( 4.226)	Loss 1.1297e+02 (1.1297e+02)	Acc@1  71.29 ( 71.29)	Acc@5  88.28 ( 88.28)
* loss@1 5.363 Acc@1 68.935 Acc@5 86.291
Test: [ 0/98]	Time  5.869 ( 5.869)	Loss 1.1805e+00 (1.1805e+00)	Acc@1  72.46 ( 72.46)	Acc@5  91.02 ( 91.02)
* loss@1 1.208 Acc@1 71.656 Acc@5 89.978
Epoch: [98][   0/2503]	Time  5.283 ( 5.283)	Data  4.749 ( 4.749)	Loss 1.1180e+02 (1.1180e+02)	Acc@1  68.95 ( 68.95)	Acc@5  84.96 ( 84.96)
* loss@1 5.353 Acc@1 69.009 Acc@5 86.322
Test: [ 0/98]	Time  5.751 ( 5.751)	Loss 1.2104e+00 (1.2104e+00)	Acc@1  70.31 ( 70.31)	Acc@5  90.23 ( 90.23)
* loss@1 1.210 Acc@1 71.656 Acc@5 90.016
Epoch: [99][   0/2503]	Time  5.133 ( 5.133)	Data  4.668 ( 4.668)	Loss 1.1298e+02 (1.1298e+02)	Acc@1  71.88 ( 71.88)	Acc@5  87.30 ( 87.30)
* loss@1 5.336 Acc@1 69.040 Acc@5 86.349
Test: [ 0/98]	Time  6.112 ( 6.112)	Loss 1.0812e+00 (1.0812e+00)	Acc@1  74.02 ( 74.02)	Acc@5  91.60 ( 91.60)
* loss@1 1.204 Acc@1 71.656 Acc@5 89.938
Epoch: [100][   0/2503]	Time  5.135 ( 5.135)	Data  4.418 ( 4.418)	Loss 1.1309e+02 (1.1309e+02)	Acc@1  68.16 ( 68.16)	Acc@5  87.30 ( 87.30)
* loss@1 5.328 Acc@1 69.058 Acc@5 86.347
Test: [ 0/98]	Time  5.971 ( 5.971)	Loss 1.2262e+00 (1.2262e+00)	Acc@1  68.55 ( 68.55)	Acc@5  91.02 ( 91.02)
* loss@1 1.210 Acc@1 71.674 Acc@5 89.890
Epoch: [101][   0/2503]	Time  5.600 ( 5.600)	Data  5.112 ( 5.112)	Loss 1.1247e+02 (1.1247e+02)	Acc@1  69.53 ( 69.53)	Acc@5  88.09 ( 88.09)
* loss@1 5.317 Acc@1 69.098 Acc@5 86.325
Test: [ 0/98]	Time  5.830 ( 5.830)	Loss 1.1561e+00 (1.1561e+00)	Acc@1  73.44 ( 73.44)	Acc@5  90.62 ( 90.62)
* loss@1 1.206 Acc@1 71.704 Acc@5 89.950
Epoch: [102][   0/2503]	Time  5.135 ( 5.135)	Data  4.648 ( 4.648)	Loss 1.1225e+02 (1.1225e+02)	Acc@1  67.58 ( 67.58)	Acc@5  86.13 ( 86.13)
* loss@1 5.317 Acc@1 69.058 Acc@5 86.322
Test: [ 0/98]	Time  6.128 ( 6.128)	Loss 1.2469e+00 (1.2469e+00)	Acc@1  71.48 ( 71.48)	Acc@5  88.67 ( 88.67)
* loss@1 1.206 Acc@1 71.668 Acc@5 90.034
Epoch: [103][   0/2503]	Time  5.083 ( 5.083)	Data  4.588 ( 4.588)	Loss 1.1259e+02 (1.1259e+02)	Acc@1  70.51 ( 70.51)	Acc@5  86.13 ( 86.13)
* loss@1 5.305 Acc@1 69.112 Acc@5 86.396
Test: [ 0/98]	Time  5.468 ( 5.468)	Loss 1.2046e+00 (1.2046e+00)	Acc@1  73.83 ( 73.83)	Acc@5  90.62 ( 90.62)
* loss@1 1.205 Acc@1 71.774 Acc@5 89.962
Epoch: [104][   0/2503]	Time  5.342 ( 5.342)	Data  4.888 ( 4.888)	Loss 1.1294e+02 (1.1294e+02)	Acc@1  69.14 ( 69.14)	Acc@5  86.33 ( 86.33)
* loss@1 5.291 Acc@1 69.153 Acc@5 86.406
Test: [ 0/98]	Time  6.071 ( 6.071)	Loss 1.2600e+00 (1.2600e+00)	Acc@1  71.09 ( 71.09)	Acc@5  89.65 ( 89.65)
* loss@1 1.206 Acc@1 71.678 Acc@5 89.956
Epoch: [105][   0/2503]	Time  5.511 ( 5.511)	Data  4.924 ( 4.924)	Loss 1.1337e+02 (1.1337e+02)	Acc@1  63.67 ( 63.67)	Acc@5  83.59 ( 83.59)
* loss@1 5.276 Acc@1 69.202 Acc@5 86.398
Test: [ 0/98]	Time  5.857 ( 5.857)	Loss 1.1699e+00 (1.1699e+00)	Acc@1  71.09 ( 71.09)	Acc@5  91.41 ( 91.41)
* loss@1 1.206 Acc@1 71.702 Acc@5 89.980
Epoch: [106][   0/2503]	Time  5.846 ( 5.846)	Data  4.728 ( 4.728)	Loss 1.1131e+02 (1.1131e+02)	Acc@1  69.34 ( 69.34)	Acc@5  86.52 ( 86.52)
* loss@1 5.275 Acc@1 69.200 Acc@5 86.438
Test: [ 0/98]	Time  5.830 ( 5.830)	Loss 1.1746e+00 (1.1746e+00)	Acc@1  73.05 ( 73.05)	Acc@5  88.67 ( 88.67)
* loss@1 1.205 Acc@1 71.786 Acc@5 90.072
Epoch: [107][   0/2503]	Time  4.512 ( 4.512)	Data  4.062 ( 4.062)	Loss 1.1279e+02 (1.1279e+02)	Acc@1  68.36 ( 68.36)	Acc@5  86.72 ( 86.72)
* loss@1 5.270 Acc@1 69.204 Acc@5 86.406
Test: [ 0/98]	Time  5.330 ( 5.330)	Loss 1.1218e+00 (1.1218e+00)	Acc@1  73.83 ( 73.83)	Acc@5  91.99 ( 91.99)
* loss@1 1.203 Acc@1 71.772 Acc@5 89.958
Epoch: [108][   0/2503]	Time  5.249 ( 5.249)	Data  4.801 ( 4.801)	Loss 1.1283e+02 (1.1283e+02)	Acc@1  68.75 ( 68.75)	Acc@5  85.16 ( 85.16)
* loss@1 5.265 Acc@1 69.203 Acc@5 86.439
Test: [ 0/98]	Time  5.649 ( 5.649)	Loss 1.1493e+00 (1.1493e+00)	Acc@1  73.05 ( 73.05)	Acc@5  91.41 ( 91.41)
* loss@1 1.211 Acc@1 71.704 Acc@5 89.974
Epoch: [109][   0/2503]	Time  5.416 ( 5.416)	Data  4.893 ( 4.893)	Loss 1.1280e+02 (1.1280e+02)	Acc@1  70.51 ( 70.51)	Acc@5  86.72 ( 86.72)
* loss@1 5.252 Acc@1 69.272 Acc@5 86.457
Test: [ 0/98]	Time  5.572 ( 5.572)	Loss 1.0664e+00 (1.0664e+00)	Acc@1  73.24 ( 73.24)	Acc@5  91.02 ( 91.02)
* loss@1 1.207 Acc@1 71.682 Acc@5 89.958
Epoch: [110][   0/2503]	Time  5.411 ( 5.411)	Data  4.905 ( 4.905)	Loss 1.1195e+02 (1.1195e+02)	Acc@1  71.09 ( 71.09)	Acc@5  88.67 ( 88.67)
* loss@1 5.256 Acc@1 69.226 Acc@5 86.404
Test: [ 0/98]	Time  5.672 ( 5.672)	Loss 1.3723e+00 (1.3723e+00)	Acc@1  68.95 ( 68.95)	Acc@5  89.06 ( 89.06)
* loss@1 1.207 Acc@1 71.782 Acc@5 89.942
Epoch: [111][   0/2503]	Time  5.625 ( 5.625)	Data  5.125 ( 5.125)	Loss 1.1183e+02 (1.1183e+02)	Acc@1  70.12 ( 70.12)	Acc@5  85.74 ( 85.74)
* loss@1 5.239 Acc@1 69.350 Acc@5 86.512
Test: [ 0/98]	Time  5.936 ( 5.936)	Loss 1.2133e+00 (1.2133e+00)	Acc@1  71.68 ( 71.68)	Acc@5  90.43 ( 90.43)
* loss@1 1.208 Acc@1 71.750 Acc@5 90.002
Epoch: [112][   0/2503]	Time  5.634 ( 5.634)	Data  4.913 ( 4.913)	Loss 1.1304e+02 (1.1304e+02)	Acc@1  65.62 ( 65.62)	Acc@5  82.81 ( 82.81)
* loss@1 5.249 Acc@1 69.240 Acc@5 86.479
Test: [ 0/98]	Time  5.187 ( 5.187)	Loss 1.3061e+00 (1.3061e+00)	Acc@1  70.70 ( 70.70)	Acc@5  90.23 ( 90.23)
* loss@1 1.210 Acc@1 71.614 Acc@5 89.836
Epoch: [113][   0/2503]	Time  5.232 ( 5.232)	Data  4.403 ( 4.403)	Loss 1.1249e+02 (1.1249e+02)	Acc@1  70.51 ( 70.51)	Acc@5  88.09 ( 88.09)
* loss@1 5.245 Acc@1 69.293 Acc@5 86.504
Test: [ 0/98]	Time  5.202 ( 5.202)	Loss 1.1496e+00 (1.1496e+00)	Acc@1  69.53 ( 69.53)	Acc@5  90.62 ( 90.62)
* loss@1 1.208 Acc@1 71.748 Acc@5 89.966
Epoch: [114][   0/2503]	Time  5.591 ( 5.591)	Data  4.437 ( 4.437)	Loss 1.1183e+02 (1.1183e+02)	Acc@1  67.38 ( 67.38)	Acc@5  85.55 ( 85.55)
* loss@1 5.232 Acc@1 69.360 Acc@5 86.519
Test: [ 0/98]	Time  5.134 ( 5.134)	Loss 1.1804e+00 (1.1804e+00)	Acc@1  72.27 ( 72.27)	Acc@5  90.62 ( 90.62)
* loss@1 1.205 Acc@1 71.804 Acc@5 90.012
Epoch: [115][   0/2503]	Time  4.535 ( 4.535)	Data  4.042 ( 4.042)	Loss 1.1373e+02 (1.1373e+02)	Acc@1  62.70 ( 62.70)	Acc@5  84.57 ( 84.57)
* loss@1 5.231 Acc@1 69.401 Acc@5 86.512
Test: [ 0/98]	Time  5.866 ( 5.866)	Loss 1.1711e+00 (1.1711e+00)	Acc@1  69.92 ( 69.92)	Acc@5  89.84 ( 89.84)
* loss@1 1.203 Acc@1 71.660 Acc@5 89.976
Epoch: [116][   0/2503]	Time  5.215 ( 5.215)	Data  4.400 ( 4.400)	Loss 1.1220e+02 (1.1220e+02)	Acc@1  70.31 ( 70.31)	Acc@5  88.48 ( 88.48)
* loss@1 5.225 Acc@1 69.374 Acc@5 86.522
Test: [ 0/98]	Time  5.423 ( 5.423)	Loss 1.1978e+00 (1.1978e+00)	Acc@1  70.12 ( 70.12)	Acc@5  90.82 ( 90.82)
* loss@1 1.210 Acc@1 71.662 Acc@5 90.008
Epoch: [117][   0/2503]	Time  5.592 ( 5.592)	Data  4.720 ( 4.720)	Loss 1.1173e+02 (1.1173e+02)	Acc@1  72.66 ( 72.66)	Acc@5  87.11 ( 87.11)
* loss@1 5.235 Acc@1 69.328 Acc@5 86.471
Test: [ 0/98]	Time  5.852 ( 5.852)	Loss 1.3818e+00 (1.3818e+00)	Acc@1  69.34 ( 69.34)	Acc@5  88.09 ( 88.09)
* loss@1 1.204 Acc@1 71.770 Acc@5 89.992
Epoch: [118][   0/2503]	Time  5.361 ( 5.361)	Data  4.855 ( 4.855)	Loss 1.1204e+02 (1.1204e+02)	Acc@1  70.12 ( 70.12)	Acc@5  84.77 ( 84.77)
* loss@1 5.228 Acc@1 69.367 Acc@5 86.506
Test: [ 0/98]	Time  5.588 ( 5.588)	Loss 1.2416e+00 (1.2416e+00)	Acc@1  68.55 ( 68.55)	Acc@5  89.84 ( 89.84)
* loss@1 1.202 Acc@1 71.740 Acc@5 89.998
Epoch: [119][   0/2503]	Time  5.484 ( 5.484)	Data  4.247 ( 4.247)	Loss 1.1239e+02 (1.1239e+02)	Acc@1  71.09 ( 71.09)	Acc@5  86.91 ( 86.91)
* loss@1 5.228 Acc@1 69.345 Acc@5 86.508
Test: [ 0/98]	Time  5.686 ( 5.686)	Loss 1.1474e+00 (1.1474e+00)	Acc@1  72.85 ( 72.85)	Acc@5  90.04 ( 90.04)
* loss@1 1.211 Acc@1 71.636 Acc@5 89.910