
=> creating model 'sew50'
load_weight_success
Epoch: [0][   0/5005]	Time 11.965 (11.965)	Data  1.763 ( 1.763)	Loss 2.3183e+02 (2.3183e+02)	Acc@1   0.39 (  0.39)	Acc@5   1.95 (  1.95)
Epoch: [0][5000/5005]	Time  0.383 ( 0.399)	Data  0.005 ( 0.006)	Loss 6.3444e+01 (6.2671e+01)	Acc@1   0.78 (  0.69)	Acc@5   1.56 (  2.83)
* loss@1 62.670 Acc@1 0.694 Acc@5 2.834
Test: [  0/196]	Time  5.769 ( 5.769)	Loss 6.6459e+00 (6.6459e+00)	Acc@1   1.17 (  1.17)	Acc@5   3.52 (  3.52)
* loss@1 6.616 Acc@1 0.772 Acc@5 3.210
Epoch: [1][   0/5005]	Time  3.328 ( 3.328)	Data  2.923 ( 2.923)	Loss 2.3366e+02 (2.3366e+02)	Acc@1   0.39 (  0.39)	Acc@5   2.34 (  2.34)
Epoch: [1][5000/5005]	Time  0.381 ( 0.392)	Data  0.006 ( 0.007)	Loss 3.0311e+01 (3.8898e+01)	Acc@1  24.61 ( 18.33)	Acc@5  51.56 ( 36.79)
* loss@1 38.891 Acc@1 18.343 Acc@5 36.805
Test: [  0/196]	Time  4.325 ( 4.325)	Loss 3.0140e+00 (3.0140e+00)	Acc@1  34.77 ( 34.77)	Acc@5  63.28 ( 63.28)
* loss@1 3.009 Acc@1 36.348 Acc@5 61.598
Epoch: [2][   0/5005]	Time  3.773 ( 3.773)	Data  3.392 ( 3.392)	Loss 1.7328e+02 (1.7328e+02)	Acc@1  27.34 ( 27.34)	Acc@5  52.73 ( 52.73)
Epoch: [2][5000/5005]	Time  0.388 ( 0.400)	Data  0.006 ( 0.007)	Loss 2.1193e+01 (2.5489e+01)	Acc@1  43.36 ( 35.67)	Acc@5  66.80 ( 59.17)
* loss@1 25.486 Acc@1 35.672 Acc@5 59.169
Test: [  0/196]	Time  4.779 ( 4.779)	Loss 2.2637e+00 (2.2637e+00)	Acc@1  50.78 ( 50.78)	Acc@5  72.27 ( 72.27)
* loss@1 2.325 Acc@1 48.364 Acc@5 73.114
Epoch: [3][   0/5005]	Time  3.722 ( 3.722)	Data  3.339 ( 3.339)	Loss 1.5053e+02 (1.5053e+02)	Acc@1  43.36 ( 43.36)	Acc@5  66.02 ( 66.02)
Epoch: [3][5000/5005]	Time  0.466 ( 0.404)	Data  0.006 ( 0.007)	Loss 1.7398e+01 (2.0178e+01)	Acc@1  51.56 ( 44.04)	Acc@5  70.70 ( 67.59)
* loss@1 20.176 Acc@1 44.039 Acc@5 67.590
Test: [  0/196]	Time  4.949 ( 4.949)	Loss 2.0311e+00 (2.0311e+00)	Acc@1  52.34 ( 52.34)	Acc@5  79.69 ( 79.69)
* loss@1 2.031 Acc@1 53.970 Acc@5 78.002
Epoch: [4][   0/5005]	Time  3.931 ( 3.931)	Data  3.538 ( 3.538)	Loss 1.3008e+02 (1.3008e+02)	Acc@1  42.97 ( 42.97)	Acc@5  66.80 ( 66.80)
Epoch: [4][5000/5005]	Time  0.388 ( 0.402)	Data  0.008 ( 0.007)	Loss 1.4375e+01 (1.7624e+01)	Acc@1  58.98 ( 48.35)	Acc@5  78.12 ( 71.50)
* loss@1 17.623 Acc@1 48.351 Acc@5 71.497
Test: [  0/196]	Time  4.955 ( 4.955)	Loss 1.6905e+00 (1.6905e+00)	Acc@1  62.11 ( 62.11)	Acc@5  81.25 ( 81.25)
* loss@1 1.876 Acc@1 57.312 Acc@5 80.168
Epoch: [5][   0/5005]	Time  3.638 ( 3.638)	Data  3.242 ( 3.242)	Loss 1.1338e+02 (1.1338e+02)	Acc@1  47.27 ( 47.27)	Acc@5  73.05 ( 73.05)
Epoch: [5][5000/5005]	Time  0.400 ( 0.403)	Data  0.005 ( 0.007)	Loss 1.5723e+01 (1.6126e+01)	Acc@1  53.12 ( 50.99)	Acc@5  75.00 ( 73.69)
* loss@1 16.126 Acc@1 50.995 Acc@5 73.693
Test: [  0/196]	Time  5.074 ( 5.074)	Loss 1.6916e+00 (1.6916e+00)	Acc@1  62.89 ( 62.89)	Acc@5  82.42 ( 82.42)
* loss@1 1.814 Acc@1 58.592 Acc@5 81.138
Epoch: [6][   0/5005]	Time  4.290 ( 4.290)	Data  3.897 ( 3.897)	Loss 1.0241e+02 (1.0241e+02)	Acc@1  46.88 ( 46.88)	Acc@5  73.44 ( 73.44)
Epoch: [6][5000/5005]	Time  0.388 ( 0.403)	Data  0.005 ( 0.007)	Loss 1.3652e+01 (1.4665e+01)	Acc@1  55.86 ( 53.62)	Acc@5  77.73 ( 75.90)
* loss@1 14.665 Acc@1 53.622 Acc@5 75.900
Test: [  0/196]	Time  5.024 ( 5.024)	Loss 1.4030e+00 (1.4030e+00)	Acc@1  63.67 ( 63.67)	Acc@5  88.28 ( 88.28)
* loss@1 1.704 Acc@1 60.770 Acc@5 82.764
Epoch: [7][   0/5005]	Time  3.833 ( 3.833)	Data  3.448 ( 3.448)	Loss 9.3027e+01 (9.3027e+01)	Acc@1  52.73 ( 52.73)	Acc@5  74.61 ( 74.61)
Epoch: [7][5000/5005]	Time  0.395 ( 0.403)	Data  0.006 ( 0.007)	Loss 1.3193e+01 (1.3643e+01)	Acc@1  55.08 ( 55.47)	Acc@5  77.34 ( 77.39)
* loss@1 13.643 Acc@1 55.471 Acc@5 77.387
Test: [  0/196]	Time  4.847 ( 4.847)	Loss 1.8545e+00 (1.8545e+00)	Acc@1  55.86 ( 55.86)	Acc@5  80.86 ( 80.86)
* loss@1 1.629 Acc@1 62.194 Acc@5 83.942
Epoch: [8][   0/5005]	Time  3.669 ( 3.669)	Data  3.284 ( 3.284)	Loss 8.6451e+01 (8.6451e+01)	Acc@1  54.30 ( 54.30)	Acc@5  76.17 ( 76.17)
Epoch: [8][5000/5005]	Time  0.401 ( 0.403)	Data  0.008 ( 0.007)	Loss 1.0760e+01 (1.2895e+01)	Acc@1  60.16 ( 56.98)	Acc@5  80.86 ( 78.54)
* loss@1 12.894 Acc@1 56.982 Acc@5 78.536
Test: [  0/196]	Time  4.886 ( 4.886)	Loss 1.6176e+00 (1.6176e+00)	Acc@1  64.06 ( 64.06)	Acc@5  85.55 ( 85.55)
* loss@1 1.580 Acc@1 63.168 Acc@5 84.640
Epoch: [9][   0/5005]	Time  3.511 ( 3.511)	Data  3.125 ( 3.125)	Loss 8.0155e+01 (8.0155e+01)	Acc@1  60.55 ( 60.55)	Acc@5  84.77 ( 84.77)
Epoch: [9][5000/5005]	Time  0.395 ( 0.402)	Data  0.007 ( 0.007)	Loss 1.2133e+01 (1.2280e+01)	Acc@1  59.38 ( 58.21)	Acc@5  81.25 ( 79.41)
* loss@1 12.280 Acc@1 58.207 Acc@5 79.414
Test: [  0/196]	Time  4.846 ( 4.846)	Loss 1.3988e+00 (1.3988e+00)	Acc@1  66.02 ( 66.02)	Acc@5  87.50 ( 87.50)
* loss@1 1.543 Acc@1 64.006 Acc@5 85.130
Epoch: [10][   0/5005]	Time  3.686 ( 3.686)	Data  3.306 ( 3.306)	Loss 7.6490e+01 (7.6490e+01)	Acc@1  60.16 ( 60.16)	Acc@5  81.25 ( 81.25)
Epoch: [10][5000/5005]	Time  0.393 ( 0.403)	Data  0.005 ( 0.007)	Loss 1.2366e+01 (1.1815e+01)	Acc@1  55.47 ( 59.14)	Acc@5  77.73 ( 80.05)
* loss@1 11.815 Acc@1 59.141 Acc@5 80.052
Test: [  0/196]	Time  5.128 ( 5.128)	Loss 1.4913e+00 (1.4913e+00)	Acc@1  64.06 ( 64.06)	Acc@5  83.59 ( 83.59)
* loss@1 1.521 Acc@1 64.626 Acc@5 85.582
Epoch: [11][   0/5005]	Time  3.708 ( 3.708)	Data  3.311 ( 3.311)	Loss 7.4287e+01 (7.4287e+01)	Acc@1  60.55 ( 60.55)	Acc@5  80.47 ( 80.47)
Epoch: [11][5000/5005]	Time  0.439 ( 0.402)	Data  0.006 ( 0.007)	Loss 1.1342e+01 (1.1427e+01)	Acc@1  56.64 ( 59.94)	Acc@5  81.25 ( 80.64)
* loss@1 11.427 Acc@1 59.941 Acc@5 80.640
Test: [  0/196]	Time  4.813 ( 4.813)	Loss 1.4693e+00 (1.4693e+00)	Acc@1  64.84 ( 64.84)	Acc@5  87.89 ( 87.89)
* loss@1 1.492 Acc@1 65.248 Acc@5 86.030
Epoch: [12][   0/5005]	Time  3.636 ( 3.636)	Data  3.255 ( 3.255)	Loss 7.1912e+01 (7.1912e+01)	Acc@1  58.20 ( 58.20)	Acc@5  81.64 ( 81.64)
Epoch: [12][5000/5005]	Time  0.381 ( 0.401)	Data  0.005 ( 0.006)	Loss 1.1582e+01 (1.1087e+01)	Acc@1  56.64 ( 60.62)	Acc@5  80.47 ( 81.10)
* loss@1 11.087 Acc@1 60.622 Acc@5 81.099
Test: [  0/196]	Time  4.966 ( 4.966)	Loss 1.4829e+00 (1.4829e+00)	Acc@1  65.62 ( 65.62)	Acc@5  87.50 ( 87.50)
* loss@1 1.464 Acc@1 65.846 Acc@5 86.328
Epoch: [13][   0/5005]	Time  3.584 ( 3.584)	Data  3.182 ( 3.182)	Loss 6.7481e+01 (6.7481e+01)	Acc@1  61.72 ( 61.72)	Acc@5  78.91 ( 78.91)
Epoch: [13][5000/5005]	Time  0.396 ( 0.405)	Data  0.010 ( 0.008)	Loss 9.7624e+00 (1.0779e+01)	Acc@1  64.06 ( 61.27)	Acc@5  82.03 ( 81.56)
* loss@1 10.779 Acc@1 61.271 Acc@5 81.560
Test: [  0/196]	Time  5.064 ( 5.064)	Loss 1.5242e+00 (1.5242e+00)	Acc@1  67.58 ( 67.58)	Acc@5  82.81 ( 82.81)
* loss@1 1.447 Acc@1 66.102 Acc@5 86.384
Epoch: [14][   0/5005]	Time  3.541 ( 3.541)	Data  3.155 ( 3.155)	Loss 6.5712e+01 (6.5712e+01)	Acc@1  65.62 ( 65.62)	Acc@5  85.94 ( 85.94)
Epoch: [14][5000/5005]	Time  0.398 ( 0.403)	Data  0.005 ( 0.007)	Loss 9.9128e+00 (1.0526e+01)	Acc@1  62.11 ( 61.84)	Acc@5  85.55 ( 81.95)
* loss@1 10.526 Acc@1 61.840 Acc@5 81.947
Test: [  0/196]	Time  5.070 ( 5.070)	Loss 1.4603e+00 (1.4603e+00)	Acc@1  64.45 ( 64.45)	Acc@5  85.94 ( 85.94)
* loss@1 1.422 Acc@1 66.606 Acc@5 86.828
Epoch: [15][   0/5005]	Time  3.312 ( 3.312)	Data  2.925 ( 2.925)	Loss 6.3061e+01 (6.3061e+01)	Acc@1  67.97 ( 67.97)	Acc@5  87.50 ( 87.50)
Epoch: [15][5000/5005]	Time  0.399 ( 0.395)	Data  0.006 ( 0.007)	Loss 7.5516e+00 (1.0294e+01)	Acc@1  74.22 ( 62.34)	Acc@5  87.11 ( 82.24)
* loss@1 10.293 Acc@1 62.343 Acc@5 82.236
Test: [  0/196]	Time  4.206 ( 4.206)	Loss 1.2483e+00 (1.2483e+00)	Acc@1  71.09 ( 71.09)	Acc@5  87.89 ( 87.89)
* loss@1 1.395 Acc@1 67.168 Acc@5 87.308
Epoch: [16][   0/5005]	Time  3.529 ( 3.529)	Data  3.137 ( 3.137)	Loss 6.1797e+01 (6.1797e+01)	Acc@1  64.84 ( 64.84)	Acc@5  84.38 ( 84.38)
Epoch: [16][5000/5005]	Time  0.392 ( 0.394)	Data  0.007 ( 0.008)	Loss 1.1720e+01 (1.0090e+01)	Acc@1  58.98 ( 62.80)	Acc@5  82.42 ( 82.56)
* loss@1 10.090 Acc@1 62.793 Acc@5 82.557
Test: [  0/196]	Time  4.038 ( 4.038)	Loss 1.3143e+00 (1.3143e+00)	Acc@1  68.75 ( 68.75)	Acc@5  87.50 ( 87.50)
* loss@1 1.387 Acc@1 67.464 Acc@5 87.450
Epoch: [17][   0/5005]	Time  3.647 ( 3.647)	Data  3.262 ( 3.262)	Loss 6.2264e+01 (6.2264e+01)	Acc@1  61.33 ( 61.33)	Acc@5  79.30 ( 79.30)
Epoch: [17][5000/5005]	Time  0.385 ( 0.394)	Data  0.006 ( 0.007)	Loss 1.0281e+01 (9.9128e+00)	Acc@1  62.50 ( 63.13)	Acc@5  81.25 ( 82.80)
* loss@1 9.913 Acc@1 63.134 Acc@5 82.800
Test: [  0/196]	Time  4.397 ( 4.397)	Loss 1.6404e+00 (1.6404e+00)	Acc@1  62.89 ( 62.89)	Acc@5  85.55 ( 85.55)
* loss@1 1.376 Acc@1 67.716 Acc@5 87.556
Epoch: [18][   0/5005]	Time  3.912 ( 3.912)	Data  3.525 ( 3.525)	Loss 5.9836e+01 (5.9836e+01)	Acc@1  69.14 ( 69.14)	Acc@5  83.59 ( 83.59)
Epoch: [18][5000/5005]	Time  0.384 ( 0.393)	Data  0.006 ( 0.007)	Loss 8.6037e+00 (9.7295e+00)	Acc@1  67.58 ( 63.60)	Acc@5  84.77 ( 83.17)
* loss@1 9.729 Acc@1 63.596 Acc@5 83.167
Test: [  0/196]	Time  4.223 ( 4.223)	Loss 1.4991e+00 (1.4991e+00)	Acc@1  66.41 ( 66.41)	Acc@5  85.94 ( 85.94)
* loss@1 1.370 Acc@1 67.930 Acc@5 87.498
Epoch: [19][   0/5005]	Time  3.345 ( 3.345)	Data  2.966 ( 2.966)	Loss 5.8907e+01 (5.8907e+01)	Acc@1  60.94 ( 60.94)	Acc@5  84.38 ( 84.38)
Epoch: [19][5000/5005]	Time  0.392 ( 0.393)	Data  0.005 ( 0.007)	Loss 9.6098e+00 (9.6041e+00)	Acc@1  62.89 ( 63.85)	Acc@5  85.16 ( 83.29)
* loss@1 9.604 Acc@1 63.849 Acc@5 83.288
Test: [  0/196]	Time  4.185 ( 4.185)	Loss 1.4019e+00 (1.4019e+00)	Acc@1  66.41 ( 66.41)	Acc@5  90.23 ( 90.23)
* loss@1 1.349 Acc@1 68.174 Acc@5 88.040
Epoch: [20][   0/5005]	Time  3.398 ( 3.398)	Data  3.014 ( 3.014)	Loss 5.7196e+01 (5.7196e+01)	Acc@1  65.23 ( 65.23)	Acc@5  80.47 ( 80.47)
Epoch: [20][5000/5005]	Time  0.381 ( 0.393)	Data  0.006 ( 0.007)	Loss 8.7267e+00 (9.4628e+00)	Acc@1  66.02 ( 64.19)	Acc@5  87.11 ( 83.51)
* loss@1 9.463 Acc@1 64.193 Acc@5 83.510
Test: [  0/196]	Time  4.793 ( 4.793)	Loss 1.0782e+00 (1.0782e+00)	Acc@1  70.31 ( 70.31)	Acc@5  90.23 ( 90.23)
* loss@1 1.348 Acc@1 68.310 Acc@5 88.044
Epoch: [21][   0/5005]	Time  3.870 ( 3.870)	Data  3.482 ( 3.482)	Loss 5.6683e+01 (5.6683e+01)	Acc@1  64.45 ( 64.45)	Acc@5  82.42 ( 82.42)
Epoch: [21][5000/5005]	Time  0.385 ( 0.394)	Data  0.006 ( 0.008)	Loss 9.1108e+00 (9.3199e+00)	Acc@1  65.23 ( 64.50)	Acc@5  83.98 ( 83.72)
* loss@1 9.320 Acc@1 64.504 Acc@5 83.719
Test: [  0/196]	Time  4.245 ( 4.245)	Loss 1.1569e+00 (1.1569e+00)	Acc@1  73.44 ( 73.44)	Acc@5  90.23 ( 90.23)
* loss@1 1.331 Acc@1 68.788 Acc@5 88.110
Epoch: [22][   0/5005]	Time  3.546 ( 3.546)	Data  3.162 ( 3.162)	Loss 5.5561e+01 (5.5561e+01)	Acc@1  67.19 ( 67.19)	Acc@5  84.38 ( 84.38)
Epoch: [22][5000/5005]	Time  0.393 ( 0.393)	Data  0.006 ( 0.007)	Loss 8.2266e+00 (9.1998e+00)	Acc@1  66.41 ( 64.79)	Acc@5  84.77 ( 83.88)
* loss@1 9.200 Acc@1 64.789 Acc@5 83.874
Test: [  0/196]	Time  4.234 ( 4.234)	Loss 1.3512e+00 (1.3512e+00)	Acc@1  66.80 ( 66.80)	Acc@5  89.45 ( 89.45)
* loss@1 1.319 Acc@1 68.848 Acc@5 88.424
Epoch: [23][   0/5005]	Time  3.478 ( 3.478)	Data  3.080 ( 3.080)	Loss 5.5357e+01 (5.5357e+01)	Acc@1  62.50 ( 62.50)	Acc@5  82.81 ( 82.81)
Epoch: [23][5000/5005]	Time  0.390 ( 0.393)	Data  0.008 ( 0.007)	Loss 8.5129e+00 (9.0915e+00)	Acc@1  69.14 ( 65.03)	Acc@5  88.28 ( 84.02)
* loss@1 9.091 Acc@1 65.026 Acc@5 84.022
Test: [  0/196]	Time  4.318 ( 4.318)	Loss 1.2758e+00 (1.2758e+00)	Acc@1  71.88 ( 71.88)	Acc@5  88.28 ( 88.28)
* loss@1 1.322 Acc@1 68.872 Acc@5 88.304
Epoch: [24][   0/5005]	Time  3.837 ( 3.837)	Data  3.454 ( 3.454)	Loss 5.5407e+01 (5.5407e+01)	Acc@1  68.75 ( 68.75)	Acc@5  87.11 ( 87.11)
Epoch: [24][5000/5005]	Time  0.451 ( 0.397)	Data  0.006 ( 0.007)	Loss 8.2856e+00 (8.9930e+00)	Acc@1  65.62 ( 65.32)	Acc@5  85.16 ( 84.24)
* loss@1 8.993 Acc@1 65.321 Acc@5 84.240
Test: [  0/196]	Time  4.555 ( 4.555)	Loss 1.3758e+00 (1.3758e+00)	Acc@1  67.19 ( 67.19)	Acc@5  86.72 ( 86.72)
* loss@1 1.294 Acc@1 69.584 Acc@5 88.664
Epoch: [25][   0/5005]	Time  3.299 ( 3.299)	Data  2.916 ( 2.916)	Loss 5.5337e+01 (5.5337e+01)	Acc@1  61.33 ( 61.33)	Acc@5  79.30 ( 79.30)
Epoch: [25][5000/5005]	Time  0.392 ( 0.393)	Data  0.006 ( 0.007)	Loss 8.4537e+00 (8.9074e+00)	Acc@1  67.19 ( 65.45)	Acc@5  85.94 ( 84.33)
* loss@1 8.908 Acc@1 65.447 Acc@5 84.330
Test: [  0/196]	Time  4.409 ( 4.409)	Loss 1.2827e+00 (1.2827e+00)	Acc@1  70.31 ( 70.31)	Acc@5  90.23 ( 90.23)
* loss@1 1.303 Acc@1 69.516 Acc@5 88.558
Epoch: [26][   0/5005]	Time  4.086 ( 4.086)	Data  3.695 ( 3.695)	Loss 5.4471e+01 (5.4471e+01)	Acc@1  62.11 ( 62.11)	Acc@5  83.20 ( 83.20)
Epoch: [26][5000/5005]	Time  0.381 ( 0.393)	Data  0.006 ( 0.007)	Loss 8.3036e+00 (8.8019e+00)	Acc@1  71.09 ( 65.73)	Acc@5  85.55 ( 84.51)
* loss@1 8.802 Acc@1 65.727 Acc@5 84.508
Test: [  0/196]	Time  4.341 ( 4.341)	Loss 1.2261e+00 (1.2261e+00)	Acc@1  71.48 ( 71.48)	Acc@5  88.67 ( 88.67)
* loss@1 1.301 Acc@1 69.360 Acc@5 88.620
Epoch: [27][   0/5005]	Time  3.588 ( 3.588)	Data  3.161 ( 3.161)	Loss 5.3680e+01 (5.3680e+01)	Acc@1  64.06 ( 64.06)	Acc@5  81.64 ( 81.64)
Epoch: [27][5000/5005]	Time  0.390 ( 0.394)	Data  0.006 ( 0.007)	Loss 8.6146e+00 (8.7167e+00)	Acc@1  64.06 ( 65.95)	Acc@5  86.33 ( 84.66)
* loss@1 8.717 Acc@1 65.949 Acc@5 84.660
Test: [  0/196]	Time  4.250 ( 4.250)	Loss 1.1396e+00 (1.1396e+00)	Acc@1  70.31 ( 70.31)	Acc@5  89.45 ( 89.45)
* loss@1 1.286 Acc@1 69.734 Acc@5 88.836
Epoch: [28][   0/5005]	Time  3.814 ( 3.814)	Data  3.418 ( 3.418)	Loss 5.2207e+01 (5.2207e+01)	Acc@1  70.70 ( 70.70)	Acc@5  87.89 ( 87.89)
Epoch: [28][5000/5005]	Time  0.389 ( 0.393)	Data  0.007 ( 0.007)	Loss 9.0474e+00 (8.6228e+00)	Acc@1  68.75 ( 66.15)	Acc@5  81.25 ( 84.78)
* loss@1 8.623 Acc@1 66.151 Acc@5 84.783
Test: [  0/196]	Time  4.352 ( 4.352)	Loss 1.3880e+00 (1.3880e+00)	Acc@1  66.02 ( 66.02)	Acc@5  88.28 ( 88.28)
* loss@1 1.301 Acc@1 69.600 Acc@5 88.722
Epoch: [29][   0/5005]	Time  3.915 ( 3.915)	Data  3.525 ( 3.525)	Loss 5.1335e+01 (5.1335e+01)	Acc@1  67.97 ( 67.97)	Acc@5  88.67 ( 88.67)
Epoch: [29][5000/5005]	Time  0.393 ( 0.394)	Data  0.008 ( 0.007)	Loss 8.8223e+00 (8.5660e+00)	Acc@1  66.80 ( 66.29)	Acc@5  83.59 ( 84.81)
* loss@1 8.566 Acc@1 66.288 Acc@5 84.812
Test: [  0/196]	Time  4.280 ( 4.280)	Loss 1.4375e+00 (1.4375e+00)	Acc@1  66.02 ( 66.02)	Acc@5  89.45 ( 89.45)
* loss@1 1.291 Acc@1 69.496 Acc@5 88.622
Epoch: [30][   0/5005]	Time  3.850 ( 3.850)	Data  3.471 ( 3.471)	Loss 5.1987e+01 (5.1987e+01)	Acc@1  67.19 ( 67.19)	Acc@5  83.98 ( 83.98)
Epoch: [30][5000/5005]	Time  0.390 ( 0.393)	Data  0.008 ( 0.007)	Loss 9.3130e+00 (8.4879e+00)	Acc@1  62.50 ( 66.45)	Acc@5  84.77 ( 84.94)
* loss@1 8.488 Acc@1 66.448 Acc@5 84.936
Test: [  0/196]	Time  4.247 ( 4.247)	Loss 1.2621e+00 (1.2621e+00)	Acc@1  69.53 ( 69.53)	Acc@5  88.28 ( 88.28)
* loss@1 1.285 Acc@1 69.748 Acc@5 88.734
Epoch: [31][   0/5005]	Time  3.502 ( 3.502)	Data  3.110 ( 3.110)	Loss 5.1607e+01 (5.1607e+01)	Acc@1  71.88 ( 71.88)	Acc@5  89.06 ( 89.06)
Epoch: [31][5000/5005]	Time  0.396 ( 0.397)	Data  0.008 ( 0.008)	Loss 8.7944e+00 (8.4152e+00)	Acc@1  66.80 ( 66.67)	Acc@5  86.72 ( 85.08)
* loss@1 8.415 Acc@1 66.674 Acc@5 85.080
Test: [  0/196]	Time  5.305 ( 5.305)	Loss 1.4078e+00 (1.4078e+00)	Acc@1  66.02 ( 66.02)	Acc@5  86.33 ( 86.33)
* loss@1 1.267 Acc@1 70.166 Acc@5 88.930
Epoch: [32][   0/5005]	Time  4.732 ( 4.732)	Data  4.343 ( 4.343)	Loss 5.2848e+01 (5.2848e+01)	Acc@1  63.28 ( 63.28)	Acc@5  84.77 ( 84.77)
Epoch: [32][5000/5005]	Time  0.379 ( 0.396)	Data  0.006 ( 0.008)	Loss 1.0104e+01 (8.3636e+00)	Acc@1  60.16 ( 66.74)	Acc@5  80.08 ( 85.13)
* loss@1 8.364 Acc@1 66.740 Acc@5 85.134
Test: [  0/196]	Time  4.310 ( 4.310)	Loss 1.1419e+00 (1.1419e+00)	Acc@1  73.44 ( 73.44)	Acc@5  88.28 ( 88.28)
* loss@1 1.259 Acc@1 70.438 Acc@5 89.024
Epoch: [33][   0/5005]	Time  3.609 ( 3.609)	Data  3.225 ( 3.225)	Loss 5.1813e+01 (5.1813e+01)	Acc@1  66.02 ( 66.02)	Acc@5  82.81 ( 82.81)
Epoch: [33][5000/5005]	Time  0.388 ( 0.393)	Data  0.006 ( 0.007)	Loss 8.4364e+00 (8.2928e+00)	Acc@1  64.45 ( 66.96)	Acc@5  87.11 ( 85.27)
* loss@1 8.293 Acc@1 66.961 Acc@5 85.272
Test: [  0/196]	Time  4.401 ( 4.401)	Loss 1.2619e+00 (1.2619e+00)	Acc@1  69.14 ( 69.14)	Acc@5  89.06 ( 89.06)
* loss@1 1.256 Acc@1 70.418 Acc@5 89.294
Epoch: [34][   0/5005]	Time  3.897 ( 3.897)	Data  3.266 ( 3.266)	Loss 5.1057e+01 (5.1057e+01)	Acc@1  67.19 ( 67.19)	Acc@5  85.16 ( 85.16)
Epoch: [34][5000/5005]	Time  0.390 ( 0.396)	Data  0.006 ( 0.007)	Loss 8.4357e+00 (8.2349e+00)	Acc@1  62.89 ( 67.11)	Acc@5  81.64 ( 85.33)
* loss@1 8.235 Acc@1 67.116 Acc@5 85.331
Test: [  0/196]	Time  4.194 ( 4.194)	Loss 1.2351e+00 (1.2351e+00)	Acc@1  73.05 ( 73.05)	Acc@5  91.02 ( 91.02)
* loss@1 1.253 Acc@1 70.380 Acc@5 89.230
Epoch: [35][   0/5005]	Time  3.592 ( 3.592)	Data  3.209 ( 3.209)	Loss 5.1969e+01 (5.1969e+01)	Acc@1  67.19 ( 67.19)	Acc@5  86.33 ( 86.33)
Epoch: [35][5000/5005]	Time  0.390 ( 0.393)	Data  0.006 ( 0.007)	Loss 7.5517e+00 (8.1603e+00)	Acc@1  69.14 ( 67.31)	Acc@5  89.45 ( 85.45)
* loss@1 8.161 Acc@1 67.313 Acc@5 85.446
Test: [  0/196]	Time  4.450 ( 4.450)	Loss 1.3951e+00 (1.3951e+00)	Acc@1  68.75 ( 68.75)	Acc@5  86.72 ( 86.72)
* loss@1 1.251 Acc@1 70.378 Acc@5 89.280
Epoch: [36][   0/5005]	Time  3.849 ( 3.849)	Data  3.156 ( 3.156)	Loss 5.1190e+01 (5.1190e+01)	Acc@1  64.06 ( 64.06)	Acc@5  82.42 ( 82.42)
Epoch: [36][5000/5005]	Time  0.390 ( 0.393)	Data  0.006 ( 0.007)	Loss 8.7147e+00 (8.1107e+00)	Acc@1  66.41 ( 67.38)	Acc@5  85.55 ( 85.53)
* loss@1 8.111 Acc@1 67.383 Acc@5 85.527
Test: [  0/196]	Time  4.457 ( 4.457)	Loss 8.2842e-01 (8.2842e-01)	Acc@1  76.95 ( 76.95)	Acc@5  95.70 ( 95.70)
* loss@1 1.248 Acc@1 70.386 Acc@5 89.356
Epoch: [37][   0/5005]	Time  4.095 ( 4.095)	Data  3.520 ( 3.520)	Loss 4.9312e+01 (4.9312e+01)	Acc@1  67.58 ( 67.58)	Acc@5  85.94 ( 85.94)
Epoch: [37][5000/5005]	Time  0.392 ( 0.393)	Data  0.006 ( 0.007)	Loss 8.4763e+00 (8.0683e+00)	Acc@1  68.36 ( 67.51)	Acc@5  88.28 ( 85.58)
* loss@1 8.069 Acc@1 67.509 Acc@5 85.584
Test: [  0/196]	Time  4.374 ( 4.374)	Loss 1.1485e+00 (1.1485e+00)	Acc@1  72.27 ( 72.27)	Acc@5  90.23 ( 90.23)
* loss@1 1.259 Acc@1 70.348 Acc@5 89.118
Epoch: [38][   0/5005]	Time  4.209 ( 4.209)	Data  3.596 ( 3.596)	Loss 4.9885e+01 (4.9885e+01)	Acc@1  67.97 ( 67.97)	Acc@5  85.55 ( 85.55)
Epoch: [38][5000/5005]	Time  0.390 ( 0.393)	Data  0.006 ( 0.007)	Loss 8.7278e+00 (8.0336e+00)	Acc@1  65.62 ( 67.55)	Acc@5  87.11 ( 85.62)
* loss@1 8.034 Acc@1 67.548 Acc@5 85.619
Test: [  0/196]	Time  4.608 ( 4.608)	Loss 1.2271e+00 (1.2271e+00)	Acc@1  71.09 ( 71.09)	Acc@5  89.84 ( 89.84)
* loss@1 1.239 Acc@1 70.762 Acc@5 89.318
Epoch: [39][   0/5005]	Time  3.494 ( 3.494)	Data  3.098 ( 3.098)	Loss 4.9887e+01 (4.9887e+01)	Acc@1  66.80 ( 66.80)	Acc@5  85.16 ( 85.16)
Epoch: [39][5000/5005]	Time  0.389 ( 0.393)	Data  0.006 ( 0.007)	Loss 7.7990e+00 (7.9785e+00)	Acc@1  66.02 ( 67.74)	Acc@5  83.98 ( 85.73)
* loss@1 7.979 Acc@1 67.734 Acc@5 85.732
Test: [  0/196]	Time  4.319 ( 4.319)	Loss 1.1399e+00 (1.1399e+00)	Acc@1  70.70 ( 70.70)	Acc@5  91.41 ( 91.41)
* loss@1 1.239 Acc@1 70.846 Acc@5 89.298
Epoch: [40][   0/5005]	Time  3.428 ( 3.428)	Data  3.039 ( 3.039)	Loss 5.0419e+01 (5.0419e+01)	Acc@1  67.97 ( 67.97)	Acc@5  82.81 ( 82.81)
Epoch: [40][5000/5005]	Time  0.388 ( 0.393)	Data  0.006 ( 0.007)	Loss 6.9975e+00 (7.9287e+00)	Acc@1  72.66 ( 67.78)	Acc@5  87.11 ( 85.81)
* loss@1 7.929 Acc@1 67.783 Acc@5 85.806
Test: [  0/196]	Time  4.243 ( 4.243)	Loss 1.2709e+00 (1.2709e+00)	Acc@1  67.19 ( 67.19)	Acc@5  90.23 ( 90.23)
* loss@1 1.233 Acc@1 70.952 Acc@5 89.470
Epoch: [41][   0/5005]	Time  3.487 ( 3.487)	Data  3.099 ( 3.099)	Loss 4.9579e+01 (4.9579e+01)	Acc@1  69.14 ( 69.14)	Acc@5  88.28 ( 88.28)
Epoch: [41][5000/5005]	Time  0.383 ( 0.393)	Data  0.007 ( 0.007)	Loss 7.5659e+00 (7.9018e+00)	Acc@1  64.84 ( 67.96)	Acc@5  86.72 ( 85.87)
* loss@1 7.902 Acc@1 67.958 Acc@5 85.870
Test: [  0/196]	Time  4.885 ( 4.885)	Loss 1.1383e+00 (1.1383e+00)	Acc@1  74.61 ( 74.61)	Acc@5  88.67 ( 88.67)
* loss@1 1.235 Acc@1 70.820 Acc@5 89.394
Epoch: [42][   0/5005]	Time  3.812 ( 3.812)	Data  3.429 ( 3.429)	Loss 4.8714e+01 (4.8714e+01)	Acc@1  68.36 ( 68.36)	Acc@5  89.06 ( 89.06)
Epoch: [42][5000/5005]	Time  0.389 ( 0.393)	Data  0.007 ( 0.008)	Loss 7.2203e+00 (7.8457e+00)	Acc@1  67.97 ( 68.07)	Acc@5  84.38 ( 85.93)
* loss@1 7.846 Acc@1 68.064 Acc@5 85.926
Test: [  0/196]	Time  4.434 ( 4.434)	Loss 1.0808e+00 (1.0808e+00)	Acc@1  71.48 ( 71.48)	Acc@5  92.58 ( 92.58)
* loss@1 1.218 Acc@1 71.128 Acc@5 89.666
Epoch: [43][   0/5005]	Time  3.600 ( 3.600)	Data  3.216 ( 3.216)	Loss 4.8482e+01 (4.8482e+01)	Acc@1  66.02 ( 66.02)	Acc@5  87.11 ( 87.11)
Epoch: [43][5000/5005]	Time  0.385 ( 0.394)	Data  0.006 ( 0.007)	Loss 8.2537e+00 (7.7980e+00)	Acc@1  62.89 ( 68.19)	Acc@5  83.59 ( 85.99)
* loss@1 7.798 Acc@1 68.189 Acc@5 85.990
Test: [  0/196]	Time  4.118 ( 4.118)	Loss 1.2575e+00 (1.2575e+00)	Acc@1  67.97 ( 67.97)	Acc@5  89.06 ( 89.06)
* loss@1 1.222 Acc@1 71.112 Acc@5 89.546
Epoch: [44][   0/5005]	Time  3.686 ( 3.686)	Data  3.288 ( 3.288)	Loss 4.9580e+01 (4.9580e+01)	Acc@1  67.97 ( 67.97)	Acc@5  86.72 ( 86.72)
Epoch: [44][5000/5005]	Time  0.376 ( 0.394)	Data  0.007 ( 0.007)	Loss 7.4329e+00 (7.7408e+00)	Acc@1  65.23 ( 68.32)	Acc@5  85.94 ( 86.08)
* loss@1 7.741 Acc@1 68.320 Acc@5 86.077
Test: [  0/196]	Time  4.239 ( 4.239)	Loss 1.2987e+00 (1.2987e+00)	Acc@1  73.83 ( 73.83)	Acc@5  88.67 ( 88.67)
* loss@1 1.206 Acc@1 71.416 Acc@5 89.926
Epoch: [45][   0/5005]	Time  3.312 ( 3.312)	Data  2.921 ( 2.921)	Loss 4.9451e+01 (4.9451e+01)	Acc@1  68.75 ( 68.75)	Acc@5  85.94 ( 85.94)
Epoch: [45][5000/5005]	Time  0.383 ( 0.393)	Data  0.008 ( 0.007)	Loss 6.9114e+00 (7.7082e+00)	Acc@1  69.53 ( 68.43)	Acc@5  85.16 ( 86.14)
* loss@1 7.708 Acc@1 68.424 Acc@5 86.144
Test: [  0/196]	Time  4.223 ( 4.223)	Loss 1.0671e+00 (1.0671e+00)	Acc@1  71.88 ( 71.88)	Acc@5  91.41 ( 91.41)
* loss@1 1.209 Acc@1 71.426 Acc@5 89.722
Epoch: [46][   0/5005]	Time  3.577 ( 3.577)	Data  3.196 ( 3.196)	Loss 4.7890e+01 (4.7890e+01)	Acc@1  75.78 ( 75.78)	Acc@5  90.23 ( 90.23)
Epoch: [46][5000/5005]	Time  0.384 ( 0.393)	Data  0.006 ( 0.007)	Loss 6.6745e+00 (7.6634e+00)	Acc@1  72.27 ( 68.57)	Acc@5  89.06 ( 86.23)
* loss@1 7.663 Acc@1 68.572 Acc@5 86.231
Test: [  0/196]	Time  4.463 ( 4.463)	Loss 1.1840e+00 (1.1840e+00)	Acc@1  70.31 ( 70.31)	Acc@5  90.62 ( 90.62)
* loss@1 1.208 Acc@1 71.226 Acc@5 89.824
Epoch: [47][   0/5005]	Time  4.246 ( 4.246)	Data  2.824 ( 2.824)	Loss 5.0407e+01 (5.0407e+01)	Acc@1  65.62 ( 65.62)	Acc@5  86.33 ( 86.33)
Epoch: [47][5000/5005]	Time  0.387 ( 0.393)	Data  0.006 ( 0.007)	Loss 8.8513e+00 (7.6138e+00)	Acc@1  64.84 ( 68.73)	Acc@5  83.59 ( 86.29)
* loss@1 7.614 Acc@1 68.734 Acc@5 86.286
Test: [  0/196]	Time  4.384 ( 4.384)	Loss 1.1618e+00 (1.1618e+00)	Acc@1  73.83 ( 73.83)	Acc@5  87.89 ( 87.89)
* loss@1 1.201 Acc@1 71.656 Acc@5 89.776
Epoch: [48][   0/5005]	Time  3.423 ( 3.423)	Data  3.040 ( 3.040)	Loss 4.8935e+01 (4.8935e+01)	Acc@1  64.84 ( 64.84)	Acc@5  84.77 ( 84.77)
Epoch: [48][5000/5005]	Time  0.391 ( 0.394)	Data  0.007 ( 0.007)	Loss 7.6512e+00 (7.5770e+00)	Acc@1  67.19 ( 68.78)	Acc@5  84.38 ( 86.32)
* loss@1 7.577 Acc@1 68.778 Acc@5 86.323
Test: [  0/196]	Time  4.426 ( 4.426)	Loss 1.2383e+00 (1.2383e+00)	Acc@1  73.44 ( 73.44)	Acc@5  88.67 ( 88.67)
* loss@1 1.197 Acc@1 71.690 Acc@5 89.880
Epoch: [49][   0/5005]	Time  3.356 ( 3.356)	Data  2.955 ( 2.955)	Loss 4.6988e+01 (4.6988e+01)	Acc@1  75.00 ( 75.00)	Acc@5  87.11 ( 87.11)
Epoch: [49][5000/5005]	Time  0.389 ( 0.393)	Data  0.005 ( 0.007)	Loss 7.9313e+00 (7.5127e+00)	Acc@1  65.62 ( 68.93)	Acc@5  84.38 ( 86.43)
* loss@1 7.513 Acc@1 68.935 Acc@5 86.431
Test: [  0/196]	Time  4.267 ( 4.267)	Loss 1.1290e+00 (1.1290e+00)	Acc@1  74.61 ( 74.61)	Acc@5  89.84 ( 89.84)
* loss@1 1.200 Acc@1 71.694 Acc@5 89.884
Epoch: [50][   0/5005]	Time  3.547 ( 3.547)	Data  3.155 ( 3.155)	Loss 4.8808e+01 (4.8808e+01)	Acc@1  66.02 ( 66.02)	Acc@5  83.59 ( 83.59)
Epoch: [50][5000/5005]	Time  0.389 ( 0.393)	Data  0.006 ( 0.007)	Loss 8.2461e+00 (7.4776e+00)	Acc@1  64.84 ( 68.99)	Acc@5  84.77 ( 86.48)
* loss@1 7.478 Acc@1 68.989 Acc@5 86.476
Test: [  0/196]	Time  4.356 ( 4.356)	Loss 1.1700e+00 (1.1700e+00)	Acc@1  72.27 ( 72.27)	Acc@5  91.80 ( 91.80)
* loss@1 1.195 Acc@1 71.790 Acc@5 89.922
Epoch: [51][   0/5005]	Time  3.502 ( 3.502)	Data  3.103 ( 3.103)	Loss 4.8128e+01 (4.8128e+01)	Acc@1  70.70 ( 70.70)	Acc@5  86.33 ( 86.33)
Epoch: [51][5000/5005]	Time  0.392 ( 0.393)	Data  0.006 ( 0.007)	Loss 7.3412e+00 (7.4310e+00)	Acc@1  62.11 ( 69.13)	Acc@5  88.28 ( 86.57)
* loss@1 7.432 Acc@1 69.128 Acc@5 86.568
Test: [  0/196]	Time  4.247 ( 4.247)	Loss 1.0769e+00 (1.0769e+00)	Acc@1  74.61 ( 74.61)	Acc@5  89.06 ( 89.06)
* loss@1 1.195 Acc@1 71.816 Acc@5 89.894
Epoch: [52][   0/5005]	Time  3.708 ( 3.708)	Data  3.325 ( 3.325)	Loss 4.8086e+01 (4.8086e+01)	Acc@1  69.14 ( 69.14)	Acc@5  88.28 ( 88.28)
Epoch: [52][5000/5005]	Time  0.385 ( 0.393)	Data  0.006 ( 0.007)	Loss 7.2965e+00 (7.4014e+00)	Acc@1  67.97 ( 69.20)	Acc@5  87.11 ( 86.54)
* loss@1 7.401 Acc@1 69.198 Acc@5 86.544
Test: [  0/196]	Time  4.137 ( 4.137)	Loss 1.1699e+00 (1.1699e+00)	Acc@1  75.39 ( 75.39)	Acc@5  89.84 ( 89.84)
* loss@1 1.185 Acc@1 71.922 Acc@5 90.010
Epoch: [53][   0/5005]	Time  3.716 ( 3.716)	Data  3.332 ( 3.332)	Loss 4.7753e+01 (4.7753e+01)	Acc@1  69.92 ( 69.92)	Acc@5  85.94 ( 85.94)
Epoch: [53][5000/5005]	Time  0.381 ( 0.393)	Data  0.007 ( 0.007)	Loss 7.7698e+00 (7.3678e+00)	Acc@1  70.31 ( 69.27)	Acc@5  87.50 ( 86.63)
* loss@1 7.368 Acc@1 69.271 Acc@5 86.624
Test: [  0/196]	Time  4.251 ( 4.251)	Loss 1.0711e+00 (1.0711e+00)	Acc@1  75.39 ( 75.39)	Acc@5  91.41 ( 91.41)
* loss@1 1.184 Acc@1 72.046 Acc@5 90.054
Epoch: [54][   0/5005]	Time  3.359 ( 3.359)	Data  2.972 ( 2.972)	Loss 4.7728e+01 (4.7728e+01)	Acc@1  69.53 ( 69.53)	Acc@5  85.94 ( 85.94)
Epoch: [54][5000/5005]	Time  0.387 ( 0.393)	Data  0.005 ( 0.007)	Loss 6.4119e+00 (7.3379e+00)	Acc@1  75.00 ( 69.37)	Acc@5  89.45 ( 86.69)
* loss@1 7.338 Acc@1 69.369 Acc@5 86.686
Test: [  0/196]	Time  4.427 ( 4.427)	Loss 1.0506e+00 (1.0506e+00)	Acc@1  74.61 ( 74.61)	Acc@5  91.02 ( 91.02)
* loss@1 1.201 Acc@1 71.612 Acc@5 89.888
Epoch: [55][   0/5005]	Time  3.831 ( 3.831)	Data  3.296 ( 3.296)	Loss 4.8812e+01 (4.8812e+01)	Acc@1  68.36 ( 68.36)	Acc@5  85.16 ( 85.16)
Epoch: [55][5000/5005]	Time  0.388 ( 0.394)	Data  0.005 ( 0.007)	Loss 6.6734e+00 (7.2850e+00)	Acc@1  75.00 ( 69.50)	Acc@5  90.23 ( 86.76)
* loss@1 7.285 Acc@1 69.499 Acc@5 86.756
Test: [  0/196]	Time  4.327 ( 4.327)	Loss 1.2176e+00 (1.2176e+00)	Acc@1  72.66 ( 72.66)	Acc@5  91.41 ( 91.41)
* loss@1 1.179 Acc@1 72.040 Acc@5 90.144
Epoch: [56][   0/5005]	Time  3.910 ( 3.910)	Data  3.516 ( 3.516)	Loss 4.7839e+01 (4.7839e+01)	Acc@1  68.36 ( 68.36)	Acc@5  85.94 ( 85.94)
Epoch: [56][5000/5005]	Time  0.390 ( 0.395)	Data  0.006 ( 0.009)	Loss 6.1317e+00 (7.2387e+00)	Acc@1  72.66 ( 69.71)	Acc@5  87.11 ( 86.86)
* loss@1 7.239 Acc@1 69.712 Acc@5 86.858
Test: [  0/196]	Time  4.257 ( 4.257)	Loss 9.9290e-01 (9.9290e-01)	Acc@1  75.78 ( 75.78)	Acc@5  92.97 ( 92.97)
* loss@1 1.187 Acc@1 71.880 Acc@5 90.080
Epoch: [57][   0/5005]	Time  3.746 ( 3.746)	Data  3.161 ( 3.161)	Loss 4.8211e+01 (4.8211e+01)	Acc@1  67.58 ( 67.58)	Acc@5  83.20 ( 83.20)
Epoch: [57][5000/5005]	Time  0.439 ( 0.394)	Data  0.006 ( 0.007)	Loss 6.3010e+00 (7.2124e+00)	Acc@1  73.05 ( 69.73)	Acc@5  89.84 ( 86.88)
* loss@1 7.212 Acc@1 69.725 Acc@5 86.881
Test: [  0/196]	Time  4.353 ( 4.353)	Loss 1.1631e+00 (1.1631e+00)	Acc@1  74.61 ( 74.61)	Acc@5  90.62 ( 90.62)
* loss@1 1.174 Acc@1 72.352 Acc@5 90.278
Epoch: [58][   0/5005]	Time  3.463 ( 3.463)	Data  3.080 ( 3.080)	Loss 4.6946e+01 (4.6946e+01)	Acc@1  72.66 ( 72.66)	Acc@5  87.89 ( 87.89)
Epoch: [58][5000/5005]	Time  0.391 ( 0.393)	Data  0.011 ( 0.007)	Loss 7.5354e+00 (7.1589e+00)	Acc@1  70.31 ( 69.89)	Acc@5  87.11 ( 86.99)
* loss@1 7.159 Acc@1 69.886 Acc@5 86.990
Test: [  0/196]	Time  4.274 ( 4.274)	Loss 9.9361e-01 (9.9361e-01)	Acc@1  75.78 ( 75.78)	Acc@5  92.19 ( 92.19)
* loss@1 1.171 Acc@1 72.210 Acc@5 90.242
Epoch: [59][   0/5005]	Time  3.834 ( 3.834)	Data  3.143 ( 3.143)	Loss 4.6947e+01 (4.6947e+01)	Acc@1  71.88 ( 71.88)	Acc@5  88.67 ( 88.67)
Epoch: [59][5000/5005]	Time  0.390 ( 0.394)	Data  0.006 ( 0.008)	Loss 6.0187e+00 (7.1252e+00)	Acc@1  71.88 ( 69.94)	Acc@5  89.84 ( 87.01)
* loss@1 7.126 Acc@1 69.935 Acc@5 87.009
Test: [  0/196]	Time  4.299 ( 4.299)	Loss 1.0895e+00 (1.0895e+00)	Acc@1  75.00 ( 75.00)	Acc@5  91.02 ( 91.02)
* loss@1 1.171 Acc@1 72.156 Acc@5 90.290
Epoch: [60][   0/5005]	Time  4.118 ( 4.118)	Data  3.720 ( 3.720)	Loss 4.7323e+01 (4.7323e+01)	Acc@1  70.31 ( 70.31)	Acc@5  87.50 ( 87.50)
Epoch: [60][5000/5005]	Time  0.395 ( 0.394)	Data  0.008 ( 0.008)	Loss 6.9783e+00 (7.0863e+00)	Acc@1  67.19 ( 70.03)	Acc@5  86.33 ( 87.04)
* loss@1 7.086 Acc@1 70.034 Acc@5 87.042
Test: [  0/196]	Time  4.245 ( 4.245)	Loss 1.1285e+00 (1.1285e+00)	Acc@1  72.27 ( 72.27)	Acc@5  90.23 ( 90.23)
* loss@1 1.174 Acc@1 72.256 Acc@5 90.294
Epoch: [61][   0/5005]	Time  3.962 ( 3.962)	Data  3.568 ( 3.568)	Loss 4.6876e+01 (4.6876e+01)	Acc@1  70.31 ( 70.31)	Acc@5  89.45 ( 89.45)
Epoch: [61][5000/5005]	Time  0.391 ( 0.393)	Data  0.005 ( 0.007)	Loss 7.8442e+00 (7.0508e+00)	Acc@1  68.75 ( 70.17)	Acc@5  84.38 ( 87.12)
* loss@1 7.051 Acc@1 70.165 Acc@5 87.120
Test: [  0/196]	Time  4.453 ( 4.453)	Loss 1.1761e+00 (1.1761e+00)	Acc@1  74.61 ( 74.61)	Acc@5  90.62 ( 90.62)
* loss@1 1.168 Acc@1 72.268 Acc@5 90.338
Epoch: [62][   0/5005]	Time  3.715 ( 3.715)	Data  3.317 ( 3.317)	Loss 4.6807e+01 (4.6807e+01)	Acc@1  70.70 ( 70.70)	Acc@5  85.94 ( 85.94)
Epoch: [62][5000/5005]	Time  0.389 ( 0.392)	Data  0.008 ( 0.007)	Loss 7.0506e+00 (7.0159e+00)	Acc@1  68.36 ( 70.24)	Acc@5  87.50 ( 87.16)
* loss@1 7.016 Acc@1 70.242 Acc@5 87.159
Test: [  0/196]	Time  4.212 ( 4.212)	Loss 1.1424e+00 (1.1424e+00)	Acc@1  73.05 ( 73.05)	Acc@5  91.02 ( 91.02)
* loss@1 1.158 Acc@1 72.522 Acc@5 90.360
Epoch: [63][   0/5005]	Time  3.741 ( 3.741)	Data  3.356 ( 3.356)	Loss 4.6359e+01 (4.6359e+01)	Acc@1  70.31 ( 70.31)	Acc@5  88.28 ( 88.28)
Epoch: [63][5000/5005]	Time  0.390 ( 0.393)	Data  0.006 ( 0.007)	Loss 7.3574e+00 (6.9729e+00)	Acc@1  67.19 ( 70.38)	Acc@5  87.11 ( 87.25)
* loss@1 6.973 Acc@1 70.379 Acc@5 87.253
Test: [  0/196]	Time  4.349 ( 4.349)	Loss 1.1815e+00 (1.1815e+00)	Acc@1  70.31 ( 70.31)	Acc@5  91.02 ( 91.02)
* loss@1 1.158 Acc@1 72.794 Acc@5 90.416
Epoch: [64][   0/5005]	Time  3.872 ( 3.872)	Data  3.476 ( 3.476)	Loss 4.7070e+01 (4.7070e+01)	Acc@1  67.19 ( 67.19)	Acc@5  86.33 ( 86.33)
Epoch: [64][5000/5005]	Time  0.385 ( 0.393)	Data  0.006 ( 0.007)	Loss 6.9708e+00 (6.9299e+00)	Acc@1  68.36 ( 70.43)	Acc@5  87.50 ( 87.24)
* loss@1 6.930 Acc@1 70.426 Acc@5 87.241
Test: [  0/196]	Time  4.432 ( 4.432)	Loss 1.0941e+00 (1.0941e+00)	Acc@1  74.22 ( 74.22)	Acc@5  90.62 ( 90.62)
* loss@1 1.153 Acc@1 72.512 Acc@5 90.504
Epoch: [65][   0/5005]	Time  3.758 ( 3.758)	Data  3.126 ( 3.126)	Loss 4.7177e+01 (4.7177e+01)	Acc@1  70.31 ( 70.31)	Acc@5  86.72 ( 86.72)
Epoch: [65][5000/5005]	Time  0.389 ( 0.393)	Data  0.006 ( 0.007)	Loss 6.8608e+00 (6.8964e+00)	Acc@1  73.44 ( 70.59)	Acc@5  87.89 ( 87.41)
* loss@1 6.896 Acc@1 70.585 Acc@5 87.404
Test: [  0/196]	Time  4.356 ( 4.356)	Loss 1.2171e+00 (1.2171e+00)	Acc@1  73.05 ( 73.05)	Acc@5  89.45 ( 89.45)
* loss@1 1.158 Acc@1 72.670 Acc@5 90.466
Epoch: [66][   0/5005]	Time  4.077 ( 4.077)	Data  3.627 ( 3.627)	Loss 4.6401e+01 (4.6401e+01)	Acc@1  72.66 ( 72.66)	Acc@5  88.67 ( 88.67)
Epoch: [66][5000/5005]	Time  0.388 ( 0.394)	Data  0.006 ( 0.007)	Loss 6.6870e+00 (6.8629e+00)	Acc@1  71.88 ( 70.69)	Acc@5  89.06 ( 87.43)
* loss@1 6.863 Acc@1 70.692 Acc@5 87.430
Test: [  0/196]	Time  4.278 ( 4.278)	Loss 1.0735e+00 (1.0735e+00)	Acc@1  74.22 ( 74.22)	Acc@5  91.80 ( 91.80)
* loss@1 1.151 Acc@1 72.736 Acc@5 90.552
Epoch: [67][   0/5005]	Time  4.308 ( 4.308)	Data  2.943 ( 2.943)	Loss 4.8119e+01 (4.8119e+01)	Acc@1  67.58 ( 67.58)	Acc@5  85.94 ( 85.94)
Epoch: [67][5000/5005]	Time  0.387 ( 0.394)	Data  0.005 ( 0.007)	Loss 5.7273e+00 (6.8394e+00)	Acc@1  77.34 ( 70.75)	Acc@5  90.62 ( 87.49)
* loss@1 6.839 Acc@1 70.746 Acc@5 87.488
Test: [  0/196]	Time  4.910 ( 4.910)	Loss 1.2712e+00 (1.2712e+00)	Acc@1  72.27 ( 72.27)	Acc@5  89.84 ( 89.84)
* loss@1 1.149 Acc@1 72.842 Acc@5 90.492
Epoch: [68][   0/5005]	Time  4.259 ( 4.259)	Data  3.868 ( 3.868)	Loss 4.6115e+01 (4.6115e+01)	Acc@1  74.22 ( 74.22)	Acc@5  87.89 ( 87.89)
Epoch: [68][5000/5005]	Time  0.389 ( 0.393)	Data  0.006 ( 0.007)	Loss 7.1990e+00 (6.7929e+00)	Acc@1  70.70 ( 70.83)	Acc@5  85.55 ( 87.50)
* loss@1 6.793 Acc@1 70.827 Acc@5 87.495
Test: [  0/196]	Time  4.387 ( 4.387)	Loss 9.6639e-01 (9.6639e-01)	Acc@1  77.34 ( 77.34)	Acc@5  92.97 ( 92.97)
* loss@1 1.141 Acc@1 73.174 Acc@5 90.580
Epoch: [69][   0/5005]	Time  3.736 ( 3.736)	Data  3.342 ( 3.342)	Loss 4.6523e+01 (4.6523e+01)	Acc@1  74.22 ( 74.22)	Acc@5  90.23 ( 90.23)
Epoch: [69][5000/5005]	Time  0.388 ( 0.393)	Data  0.006 ( 0.007)	Loss 6.3800e+00 (6.7490e+00)	Acc@1  71.09 ( 70.97)	Acc@5  88.67 ( 87.55)
* loss@1 6.749 Acc@1 70.975 Acc@5 87.555
Test: [  0/196]	Time  4.356 ( 4.356)	Loss 1.2628e+00 (1.2628e+00)	Acc@1  70.31 ( 70.31)	Acc@5  88.67 ( 88.67)
* loss@1 1.141 Acc@1 72.956 Acc@5 90.646
Epoch: [70][   0/5005]	Time  4.057 ( 4.057)	Data  3.669 ( 3.669)	Loss 4.6446e+01 (4.6446e+01)	Acc@1  74.22 ( 74.22)	Acc@5  87.89 ( 87.89)
Epoch: [70][5000/5005]	Time  0.390 ( 0.394)	Data  0.006 ( 0.007)	Loss 5.9091e+00 (6.7207e+00)	Acc@1  73.83 ( 71.02)	Acc@5  90.23 ( 87.63)
* loss@1 6.721 Acc@1 71.021 Acc@5 87.627
Test: [  0/196]	Time  4.503 ( 4.503)	Loss 1.1671e+00 (1.1671e+00)	Acc@1  69.92 ( 69.92)	Acc@5  91.80 ( 91.80)
* loss@1 1.140 Acc@1 72.976 Acc@5 90.630
Epoch: [71][   0/5005]	Time  3.972 ( 3.972)	Data  3.576 ( 3.576)	Loss 4.5495e+01 (4.5495e+01)	Acc@1  78.91 ( 78.91)	Acc@5  90.62 ( 90.62)
Epoch: [71][5000/5005]	Time  0.388 ( 0.393)	Data  0.006 ( 0.007)	Loss 6.4427e+00 (6.6777e+00)	Acc@1  73.05 ( 71.20)	Acc@5  87.50 ( 87.65)
* loss@1 6.678 Acc@1 71.196 Acc@5 87.647
Test: [  0/196]	Time  4.176 ( 4.176)	Loss 1.1261e+00 (1.1261e+00)	Acc@1  75.39 ( 75.39)	Acc@5  90.23 ( 90.23)
* loss@1 1.137 Acc@1 73.220 Acc@5 90.656
Epoch: [72][   0/5005]	Time  3.655 ( 3.655)	Data  3.262 ( 3.262)	Loss 4.6282e+01 (4.6282e+01)	Acc@1  71.09 ( 71.09)	Acc@5  85.94 ( 85.94)
Epoch: [72][5000/5005]	Time  0.389 ( 0.393)	Data  0.006 ( 0.007)	Loss 5.9132e+00 (6.6483e+00)	Acc@1  73.83 ( 71.23)	Acc@5  88.28 ( 87.73)
* loss@1 6.648 Acc@1 71.232 Acc@5 87.733
Test: [  0/196]	Time  4.404 ( 4.404)	Loss 1.2682e+00 (1.2682e+00)	Acc@1  71.09 ( 71.09)	Acc@5  86.72 ( 86.72)
* loss@1 1.138 Acc@1 73.028 Acc@5 90.594
Epoch: [73][   0/5005]	Time  3.730 ( 3.730)	Data  3.346 ( 3.346)	Loss 4.5879e+01 (4.5879e+01)	Acc@1  76.56 ( 76.56)	Acc@5  90.62 ( 90.62)
Epoch: [73][5000/5005]	Time  0.395 ( 0.394)	Data  0.006 ( 0.008)	Loss 7.6475e+00 (6.6193e+00)	Acc@1  66.41 ( 71.31)	Acc@5  82.03 ( 87.77)
* loss@1 6.619 Acc@1 71.308 Acc@5 87.769
Test: [  0/196]	Time  4.164 ( 4.164)	Loss 1.0397e+00 (1.0397e+00)	Acc@1  78.12 ( 78.12)	Acc@5  91.02 ( 91.02)
* loss@1 1.141 Acc@1 73.110 Acc@5 90.708
Epoch: [74][   0/5005]	Time  3.792 ( 3.792)	Data  3.411 ( 3.411)	Loss 4.6475e+01 (4.6475e+01)	Acc@1  70.31 ( 70.31)	Acc@5  83.20 ( 83.20)
Epoch: [74][5000/5005]	Time  0.391 ( 0.393)	Data  0.006 ( 0.007)	Loss 6.3979e+00 (6.5792e+00)	Acc@1  73.44 ( 71.45)	Acc@5  87.89 ( 87.83)
* loss@1 6.579 Acc@1 71.446 Acc@5 87.826
Test: [  0/196]	Time  4.389 ( 4.389)	Loss 1.3114e+00 (1.3114e+00)	Acc@1  69.92 ( 69.92)	Acc@5  89.45 ( 89.45)
* loss@1 1.140 Acc@1 72.998 Acc@5 90.706
Epoch: [75][   0/5005]	Time  3.705 ( 3.705)	Data  3.323 ( 3.323)	Loss 4.7135e+01 (4.7135e+01)	Acc@1  69.53 ( 69.53)	Acc@5  87.11 ( 87.11)
Epoch: [75][5000/5005]	Time  0.385 ( 0.394)	Data  0.006 ( 0.007)	Loss 6.8233e+00 (6.5364e+00)	Acc@1  74.22 ( 71.55)	Acc@5  87.89 ( 87.91)
* loss@1 6.536 Acc@1 71.548 Acc@5 87.913
Test: [  0/196]	Time  4.489 ( 4.489)	Loss 1.0503e+00 (1.0503e+00)	Acc@1  75.39 ( 75.39)	Acc@5  88.67 ( 88.67)
* loss@1 1.127 Acc@1 73.146 Acc@5 90.880
Epoch: [76][   0/5005]	Time  3.768 ( 3.768)	Data  3.185 ( 3.185)	Loss 4.6853e+01 (4.6853e+01)	Acc@1  70.70 ( 70.70)	Acc@5  89.84 ( 89.84)
Epoch: [76][5000/5005]	Time  0.391 ( 0.394)	Data  0.006 ( 0.007)	Loss 6.6537e+00 (6.5035e+00)	Acc@1  69.14 ( 71.64)	Acc@5  88.28 ( 87.96)
* loss@1 6.504 Acc@1 71.635 Acc@5 87.956
Test: [  0/196]	Time  4.192 ( 4.192)	Loss 1.3043e+00 (1.3043e+00)	Acc@1  68.36 ( 68.36)	Acc@5  90.62 ( 90.62)
* loss@1 1.125 Acc@1 73.316 Acc@5 90.916
Epoch: [77][   0/5005]	Time  3.286 ( 3.286)	Data  2.898 ( 2.898)	Loss 4.5699e+01 (4.5699e+01)	Acc@1  70.31 ( 70.31)	Acc@5  85.94 ( 85.94)
Epoch: [77][5000/5005]	Time  0.388 ( 0.394)	Data  0.006 ( 0.007)	Loss 6.4147e+00 (6.4545e+00)	Acc@1  73.44 ( 71.75)	Acc@5  89.06 ( 88.04)
* loss@1 6.454 Acc@1 71.750 Acc@5 88.042
Test: [  0/196]	Time  4.262 ( 4.262)	Loss 1.1527e+00 (1.1527e+00)	Acc@1  74.61 ( 74.61)	Acc@5  91.41 ( 91.41)
* loss@1 1.122 Acc@1 73.292 Acc@5 90.940
Epoch: [78][   0/5005]	Time  3.741 ( 3.741)	Data  3.353 ( 3.353)	Loss 4.5514e+01 (4.5514e+01)	Acc@1  71.48 ( 71.48)	Acc@5  89.45 ( 89.45)
Epoch: [78][5000/5005]	Time  0.390 ( 0.393)	Data  0.008 ( 0.007)	Loss 7.0196e+00 (6.4305e+00)	Acc@1  68.36 ( 71.83)	Acc@5  87.11 ( 88.07)
* loss@1 6.430 Acc@1 71.826 Acc@5 88.068
Test: [  0/196]	Time  4.340 ( 4.340)	Loss 1.1879e+00 (1.1879e+00)	Acc@1  72.27 ( 72.27)	Acc@5  90.62 ( 90.62)
* loss@1 1.117 Acc@1 73.640 Acc@5 90.912
Epoch: [79][   0/5005]	Time  3.490 ( 3.490)	Data  3.107 ( 3.107)	Loss 4.5791e+01 (4.5791e+01)	Acc@1  73.44 ( 73.44)	Acc@5  89.84 ( 89.84)
Epoch: [79][5000/5005]	Time  0.384 ( 0.393)	Data  0.006 ( 0.007)	Loss 6.6971e+00 (6.4066e+00)	Acc@1  68.75 ( 71.90)	Acc@5  81.25 ( 88.10)
* loss@1 6.406 Acc@1 71.898 Acc@5 88.100
Test: [  0/196]	Time  4.451 ( 4.451)	Loss 9.4411e-01 (9.4411e-01)	Acc@1  72.27 ( 72.27)	Acc@5  94.92 ( 94.92)
* loss@1 1.114 Acc@1 73.494 Acc@5 91.110
Epoch: [80][   0/5005]	Time  4.303 ( 4.303)	Data  3.508 ( 3.508)	Loss 4.5354e+01 (4.5354e+01)	Acc@1  73.83 ( 73.83)	Acc@5  91.41 ( 91.41)
Epoch: [80][5000/5005]	Time  0.391 ( 0.393)	Data  0.006 ( 0.007)	Loss 7.2661e+00 (6.3627e+00)	Acc@1  68.36 ( 72.02)	Acc@5  85.16 ( 88.19)
* loss@1 6.363 Acc@1 72.017 Acc@5 88.191
Test: [  0/196]	Time  4.296 ( 4.296)	Loss 9.6617e-01 (9.6617e-01)	Acc@1  75.00 ( 75.00)	Acc@5  92.97 ( 92.97)
* loss@1 1.109 Acc@1 73.720 Acc@5 91.098
Epoch: [81][   0/5005]	Time  3.382 ( 3.382)	Data  2.997 ( 2.997)	Loss 4.4948e+01 (4.4948e+01)	Acc@1  78.12 ( 78.12)	Acc@5  90.62 ( 90.62)
Epoch: [81][5000/5005]	Time  0.384 ( 0.395)	Data  0.006 ( 0.008)	Loss 5.7749e+00 (6.3360e+00)	Acc@1  76.17 ( 72.09)	Acc@5  87.89 ( 88.19)
* loss@1 6.336 Acc@1 72.092 Acc@5 88.186
Test: [  0/196]	Time  4.113 ( 4.113)	Loss 1.1434e+00 (1.1434e+00)	Acc@1  73.44 ( 73.44)	Acc@5  92.58 ( 92.58)
* loss@1 1.113 Acc@1 73.774 Acc@5 91.012
Epoch: [82][   0/5005]	Time  3.656 ( 3.656)	Data  3.265 ( 3.265)	Loss 4.4556e+01 (4.4556e+01)	Acc@1  77.34 ( 77.34)	Acc@5  88.28 ( 88.28)
Epoch: [82][5000/5005]	Time  0.391 ( 0.392)	Data  0.006 ( 0.007)	Loss 6.7484e+00 (6.2949e+00)	Acc@1  69.53 ( 72.24)	Acc@5  89.06 ( 88.28)
* loss@1 6.295 Acc@1 72.235 Acc@5 88.275
Test: [  0/196]	Time  4.134 ( 4.134)	Loss 1.0655e+00 (1.0655e+00)	Acc@1  74.22 ( 74.22)	Acc@5  91.02 ( 91.02)
* loss@1 1.115 Acc@1 73.756 Acc@5 90.942
Epoch: [83][   0/5005]	Time  4.086 ( 4.086)	Data  3.522 ( 3.522)	Loss 4.5235e+01 (4.5235e+01)	Acc@1  75.39 ( 75.39)	Acc@5  91.02 ( 91.02)
Epoch: [83][5000/5005]	Time  0.384 ( 0.393)	Data  0.006 ( 0.007)	Loss 6.6292e+00 (6.2534e+00)	Acc@1  72.66 ( 72.32)	Acc@5  88.28 ( 88.31)
* loss@1 6.254 Acc@1 72.322 Acc@5 88.314
Test: [  0/196]	Time  4.329 ( 4.329)	Loss 1.2706e+00 (1.2706e+00)	Acc@1  72.27 ( 72.27)	Acc@5  88.67 ( 88.67)
* loss@1 1.108 Acc@1 73.722 Acc@5 91.076
Epoch: [84][   0/5005]	Time  4.107 ( 4.107)	Data  3.721 ( 3.721)	Loss 4.5080e+01 (4.5080e+01)	Acc@1  71.88 ( 71.88)	Acc@5  86.72 ( 86.72)
Epoch: [84][5000/5005]	Time  0.389 ( 0.395)	Data  0.006 ( 0.007)	Loss 6.4515e+00 (6.2381e+00)	Acc@1  73.44 ( 72.39)	Acc@5  85.16 ( 88.37)
* loss@1 6.238 Acc@1 72.388 Acc@5 88.374
Test: [  0/196]	Time  4.602 ( 4.602)	Loss 1.2722e+00 (1.2722e+00)	Acc@1  73.05 ( 73.05)	Acc@5  89.06 ( 89.06)
* loss@1 1.111 Acc@1 73.656 Acc@5 91.156
Epoch: [85][   0/5005]	Time  3.878 ( 3.878)	Data  3.490 ( 3.490)	Loss 4.4494e+01 (4.4494e+01)	Acc@1  74.22 ( 74.22)	Acc@5  89.45 ( 89.45)
Epoch: [85][5000/5005]	Time  0.393 ( 0.394)	Data  0.006 ( 0.008)	Loss 6.5195e+00 (6.1948e+00)	Acc@1  75.00 ( 72.48)	Acc@5  89.06 ( 88.41)
* loss@1 6.195 Acc@1 72.483 Acc@5 88.404
Test: [  0/196]	Time  4.457 ( 4.457)	Loss 1.1634e+00 (1.1634e+00)	Acc@1  73.05 ( 73.05)	Acc@5  89.84 ( 89.84)
* loss@1 1.099 Acc@1 73.956 Acc@5 91.140
Epoch: [86][   0/5005]	Time  3.773 ( 3.773)	Data  3.387 ( 3.387)	Loss 4.4074e+01 (4.4074e+01)	Acc@1  75.39 ( 75.39)	Acc@5  90.23 ( 90.23)
Epoch: [86][5000/5005]	Time  0.385 ( 0.393)	Data  0.006 ( 0.007)	Loss 5.8525e+00 (6.1748e+00)	Acc@1  73.83 ( 72.54)	Acc@5  86.72 ( 88.40)
* loss@1 6.175 Acc@1 72.540 Acc@5 88.402
Test: [  0/196]	Time  4.318 ( 4.318)	Loss 1.0473e+00 (1.0473e+00)	Acc@1  70.70 ( 70.70)	Acc@5  92.97 ( 92.97)
* loss@1 1.099 Acc@1 74.000 Acc@5 91.196
Epoch: [87][   0/5005]	Time  3.653 ( 3.653)	Data  3.269 ( 3.269)	Loss 4.5324e+01 (4.5324e+01)	Acc@1  72.27 ( 72.27)	Acc@5  87.50 ( 87.50)
Epoch: [87][5000/5005]	Time  0.388 ( 0.393)	Data  0.006 ( 0.007)	Loss 6.6211e+00 (6.1320e+00)	Acc@1  66.41 ( 72.71)	Acc@5  86.33 ( 88.51)
* loss@1 6.132 Acc@1 72.710 Acc@5 88.511
Test: [  0/196]	Time  4.250 ( 4.250)	Loss 1.0546e+00 (1.0546e+00)	Acc@1  76.95 ( 76.95)	Acc@5  91.02 ( 91.02)
* loss@1 1.096 Acc@1 74.170 Acc@5 91.194
Epoch: [88][   0/5005]	Time  3.675 ( 3.675)	Data  3.282 ( 3.282)	Loss 4.5626e+01 (4.5626e+01)	Acc@1  73.83 ( 73.83)	Acc@5  88.28 ( 88.28)
Epoch: [88][5000/5005]	Time  0.389 ( 0.393)	Data  0.005 ( 0.007)	Loss 5.7854e+00 (6.0933e+00)	Acc@1  74.22 ( 72.77)	Acc@5  87.89 ( 88.54)
* loss@1 6.093 Acc@1 72.775 Acc@5 88.536
Test: [  0/196]	Time  4.244 ( 4.244)	Loss 1.2186e+00 (1.2186e+00)	Acc@1  71.88 ( 71.88)	Acc@5  91.02 ( 91.02)
* loss@1 1.098 Acc@1 74.016 Acc@5 91.242
Epoch: [89][   0/5005]	Time  3.908 ( 3.908)	Data  3.121 ( 3.121)	Loss 4.5500e+01 (4.5500e+01)	Acc@1  66.02 ( 66.02)	Acc@5  87.50 ( 87.50)
Epoch: [89][5000/5005]	Time  0.391 ( 0.393)	Data  0.006 ( 0.007)	Loss 5.3433e+00 (6.0574e+00)	Acc@1  72.27 ( 72.88)	Acc@5  89.84 ( 88.60)
* loss@1 6.057 Acc@1 72.880 Acc@5 88.601
Test: [  0/196]	Time  4.218 ( 4.218)	Loss 1.0038e+00 (1.0038e+00)	Acc@1  77.34 ( 77.34)	Acc@5  94.53 ( 94.53)
* loss@1 1.101 Acc@1 73.934 Acc@5 91.258
Epoch: [90][   0/5005]	Time  3.835 ( 3.835)	Data  3.446 ( 3.446)	Loss 4.5438e+01 (4.5438e+01)	Acc@1  70.31 ( 70.31)	Acc@5  90.23 ( 90.23)
Epoch: [90][5000/5005]	Time  0.389 ( 0.394)	Data  0.006 ( 0.008)	Loss 5.8741e+00 (6.0360e+00)	Acc@1  72.66 ( 72.96)	Acc@5  87.89 ( 88.66)
* loss@1 6.036 Acc@1 72.965 Acc@5 88.659
Test: [  0/196]	Time  4.135 ( 4.135)	Loss 1.0800e+00 (1.0800e+00)	Acc@1  75.39 ( 75.39)	Acc@5  91.41 ( 91.41)
* loss@1 1.094 Acc@1 74.020 Acc@5 91.316
Epoch: [91][   0/5005]	Time  3.791 ( 3.791)	Data  3.405 ( 3.405)	Loss 4.4687e+01 (4.4687e+01)	Acc@1  74.61 ( 74.61)	Acc@5  88.28 ( 88.28)
Epoch: [91][5000/5005]	Time  0.384 ( 0.393)	Data  0.006 ( 0.007)	Loss 5.8398e+00 (6.0130e+00)	Acc@1  73.83 ( 73.06)	Acc@5  90.23 ( 88.67)
* loss@1 6.013 Acc@1 73.060 Acc@5 88.668
Test: [  0/196]	Time  4.389 ( 4.389)	Loss 1.5838e+00 (1.5838e+00)	Acc@1  64.45 ( 64.45)	Acc@5  84.77 ( 84.77)
* loss@1 1.103 Acc@1 73.910 Acc@5 91.210
Epoch: [92][   0/5005]	Time  3.950 ( 3.950)	Data  3.369 ( 3.369)	Loss 4.4649e+01 (4.4649e+01)	Acc@1  78.52 ( 78.52)	Acc@5  91.02 ( 91.02)
Epoch: [92][5000/5005]	Time  0.382 ( 0.393)	Data  0.006 ( 0.007)	Loss 5.4802e+00 (5.9862e+00)	Acc@1  75.39 ( 73.06)	Acc@5  92.58 ( 88.70)
* loss@1 5.986 Acc@1 73.057 Acc@5 88.703
Test: [  0/196]	Time  4.298 ( 4.298)	Loss 9.5170e-01 (9.5170e-01)	Acc@1  78.12 ( 78.12)	Acc@5  92.58 ( 92.58)
* loss@1 1.085 Acc@1 74.286 Acc@5 91.368
Epoch: [93][   0/5005]	Time  3.573 ( 3.573)	Data  3.179 ( 3.179)	Loss 4.4521e+01 (4.4521e+01)	Acc@1  71.88 ( 71.88)	Acc@5  87.11 ( 87.11)
Epoch: [93][5000/5005]	Time  0.387 ( 0.394)	Data  0.008 ( 0.007)	Loss 6.1947e+00 (5.9619e+00)	Acc@1  70.70 ( 73.14)	Acc@5  88.28 ( 88.70)
* loss@1 5.962 Acc@1 73.138 Acc@5 88.700
Test: [  0/196]	Time  4.303 ( 4.303)	Loss 1.1708e+00 (1.1708e+00)	Acc@1  74.61 ( 74.61)	Acc@5  89.84 ( 89.84)
* loss@1 1.083 Acc@1 74.408 Acc@5 91.374
Epoch: [94][   0/5005]	Time  3.512 ( 3.512)	Data  3.122 ( 3.122)	Loss 4.3842e+01 (4.3842e+01)	Acc@1  73.44 ( 73.44)	Acc@5  89.06 ( 89.06)
Epoch: [94][5000/5005]	Time  0.391 ( 0.393)	Data  0.006 ( 0.007)	Loss 5.4189e+00 (5.9273e+00)	Acc@1  70.70 ( 73.27)	Acc@5  85.55 ( 88.82)
* loss@1 5.927 Acc@1 73.269 Acc@5 88.818
Test: [  0/196]	Time  4.295 ( 4.295)	Loss 1.0201e+00 (1.0201e+00)	Acc@1  75.00 ( 75.00)	Acc@5  91.02 ( 91.02)
* loss@1 1.086 Acc@1 74.340 Acc@5 91.438
Epoch: [95][   0/5005]	Time  3.999 ( 3.999)	Data  3.461 ( 3.461)	Loss 4.4480e+01 (4.4480e+01)	Acc@1  78.91 ( 78.91)	Acc@5  91.02 ( 91.02)
Epoch: [95][5000/5005]	Time  0.387 ( 0.393)	Data  0.006 ( 0.007)	Loss 5.6118e+00 (5.8994e+00)	Acc@1  77.34 ( 73.34)	Acc@5  89.84 ( 88.83)
* loss@1 5.900 Acc@1 73.338 Acc@5 88.833
Test: [  0/196]	Time  4.205 ( 4.205)	Loss 1.3186e+00 (1.3186e+00)	Acc@1  70.31 ( 70.31)	Acc@5  92.19 ( 92.19)
* loss@1 1.082 Acc@1 74.306 Acc@5 91.534
Epoch: [96][   0/5005]	Time  3.820 ( 3.820)	Data  3.372 ( 3.372)	Loss 4.4244e+01 (4.4244e+01)	Acc@1  75.78 ( 75.78)	Acc@5  90.62 ( 90.62)
Epoch: [96][5000/5005]	Time  0.391 ( 0.394)	Data  0.006 ( 0.008)	Loss 5.4355e+00 (5.8746e+00)	Acc@1  76.95 ( 73.40)	Acc@5  90.23 ( 88.85)
* loss@1 5.875 Acc@1 73.398 Acc@5 88.854
Test: [  0/196]	Time  4.403 ( 4.403)	Loss 8.4123e-01 (8.4123e-01)	Acc@1  83.59 ( 83.59)	Acc@5  92.58 ( 92.58)
* loss@1 1.086 Acc@1 74.338 Acc@5 91.320
Epoch: [97][   0/5005]	Time  3.747 ( 3.747)	Data  3.169 ( 3.169)	Loss 4.4314e+01 (4.4314e+01)	Acc@1  69.53 ( 69.53)	Acc@5  86.72 ( 86.72)
Epoch: [97][5000/5005]	Time  0.385 ( 0.396)	Data  0.006 ( 0.007)	Loss 5.3953e+00 (5.8562e+00)	Acc@1  74.61 ( 73.47)	Acc@5  89.84 ( 88.89)
* loss@1 5.856 Acc@1 73.464 Acc@5 88.886
Test: [  0/196]	Time  4.263 ( 4.263)	Loss 1.0460e+00 (1.0460e+00)	Acc@1  75.78 ( 75.78)	Acc@5  90.62 ( 90.62)
* loss@1 1.080 Acc@1 74.410 Acc@5 91.528
Epoch: [98][   0/5005]	Time  3.793 ( 3.793)	Data  3.403 ( 3.403)	Loss 4.5103e+01 (4.5103e+01)	Acc@1  71.48 ( 71.48)	Acc@5  85.94 ( 85.94)
Epoch: [98][5000/5005]	Time  0.380 ( 0.393)	Data  0.006 ( 0.007)	Loss 5.0076e+00 (5.8363e+00)	Acc@1  79.30 ( 73.54)	Acc@5  92.97 ( 88.92)
* loss@1 5.836 Acc@1 73.535 Acc@5 88.923
Test: [  0/196]	Time  4.161 ( 4.161)	Loss 1.1677e+00 (1.1677e+00)	Acc@1  69.53 ( 69.53)	Acc@5  91.41 ( 91.41)
* loss@1 1.077 Acc@1 74.422 Acc@5 91.558
Epoch: [99][   0/5005]	Time  3.680 ( 3.680)	Data  3.283 ( 3.283)	Loss 4.4447e+01 (4.4447e+01)	Acc@1  71.48 ( 71.48)	Acc@5  89.45 ( 89.45)
Epoch: [99][5000/5005]	Time  0.382 ( 0.393)	Data  0.006 ( 0.007)	Loss 5.6294e+00 (5.8028e+00)	Acc@1  72.66 ( 73.63)	Acc@5  88.28 ( 89.01)
* loss@1 5.803 Acc@1 73.627 Acc@5 89.008
Test: [  0/196]	Time  4.626 ( 4.626)	Loss 9.1560e-01 (9.1560e-01)	Acc@1  75.78 ( 75.78)	Acc@5  92.19 ( 92.19)
* loss@1 1.082 Acc@1 74.354 Acc@5 91.408
Epoch: [100][   0/5005]	Time  3.732 ( 3.732)	Data  3.344 ( 3.344)	Loss 4.5030e+01 (4.5030e+01)	Acc@1  70.31 ( 70.31)	Acc@5  86.33 ( 86.33)
Epoch: [100][5000/5005]	Time  0.384 ( 0.395)	Data  0.006 ( 0.007)	Loss 6.0301e+00 (5.7824e+00)	Acc@1  76.56 ( 73.72)	Acc@5  90.62 ( 89.01)
* loss@1 5.782 Acc@1 73.721 Acc@5 89.008
Test: [  0/196]	Time  4.270 ( 4.270)	Loss 1.2467e+00 (1.2467e+00)	Acc@1  69.92 ( 69.92)	Acc@5  87.89 ( 87.89)
* loss@1 1.081 Acc@1 74.388 Acc@5 91.544
Epoch: [101][   0/5005]	Time  3.718 ( 3.718)	Data  3.272 ( 3.272)	Loss 4.4306e+01 (4.4306e+01)	Acc@1  77.34 ( 77.34)	Acc@5  86.33 ( 86.33)
Epoch: [101][5000/5005]	Time  0.379 ( 0.393)	Data  0.006 ( 0.007)	Loss 4.6312e+00 (5.7665e+00)	Acc@1  80.47 ( 73.68)	Acc@5  89.45 ( 88.99)
* loss@1 5.767 Acc@1 73.678 Acc@5 88.987
Test: [  0/196]	Time  4.395 ( 4.395)	Loss 9.3227e-01 (9.3227e-01)	Acc@1  79.30 ( 79.30)	Acc@5  92.19 ( 92.19)
* loss@1 1.078 Acc@1 74.258 Acc@5 91.424
Epoch: [102][   0/5005]	Time  3.951 ( 3.951)	Data  3.572 ( 3.572)	Loss 4.4610e+01 (4.4610e+01)	Acc@1  75.00 ( 75.00)	Acc@5  91.41 ( 91.41)
Epoch: [102][5000/5005]	Time  0.400 ( 0.393)	Data  0.006 ( 0.007)	Loss 4.7263e+00 (5.7461e+00)	Acc@1  76.56 ( 73.78)	Acc@5  91.02 ( 89.08)
* loss@1 5.746 Acc@1 73.778 Acc@5 89.084
Test: [  0/196]	Time  4.539 ( 4.539)	Loss 1.0749e+00 (1.0749e+00)	Acc@1  75.78 ( 75.78)	Acc@5  90.23 ( 90.23)
* loss@1 1.073 Acc@1 74.544 Acc@5 91.562
Epoch: [103][   0/5005]	Time  3.203 ( 3.203)	Data  2.810 ( 2.810)	Loss 4.4025e+01 (4.4025e+01)	Acc@1  72.66 ( 72.66)	Acc@5  87.11 ( 87.11)
Epoch: [103][5000/5005]	Time  0.383 ( 0.392)	Data  0.006 ( 0.007)	Loss 5.2611e+00 (5.7405e+00)	Acc@1  74.61 ( 73.78)	Acc@5  89.45 ( 89.08)
* loss@1 5.740 Acc@1 73.783 Acc@5 89.083
Test: [  0/196]	Time  4.294 ( 4.294)	Loss 1.2445e+00 (1.2445e+00)	Acc@1  75.78 ( 75.78)	Acc@5  88.67 ( 88.67)
* loss@1 1.072 Acc@1 74.570 Acc@5 91.558
Epoch: [104][   0/5005]	Time  3.639 ( 3.639)	Data  3.261 ( 3.261)	Loss 4.4171e+01 (4.4171e+01)	Acc@1  72.66 ( 72.66)	Acc@5  85.94 ( 85.94)
Epoch: [104][5000/5005]	Time  0.385 ( 0.392)	Data  0.005 ( 0.007)	Loss 6.1900e+00 (5.7192e+00)	Acc@1  70.70 ( 73.85)	Acc@5  87.50 ( 89.11)
* loss@1 5.719 Acc@1 73.848 Acc@5 89.107
Test: [  0/196]	Time  4.188 ( 4.188)	Loss 1.2037e+00 (1.2037e+00)	Acc@1  72.66 ( 72.66)	Acc@5  89.06 ( 89.06)
* loss@1 1.077 Acc@1 74.662 Acc@5 91.520
Epoch: [105][   0/5005]	Time  3.616 ( 3.616)	Data  3.231 ( 3.231)	Loss 4.5064e+01 (4.5064e+01)	Acc@1  66.02 ( 66.02)	Acc@5  83.59 ( 83.59)
Epoch: [105][5000/5005]	Time  0.393 ( 0.393)	Data  0.008 ( 0.007)	Loss 5.1757e+00 (5.7046e+00)	Acc@1  79.30 ( 73.92)	Acc@5  93.75 ( 89.13)
* loss@1 5.705 Acc@1 73.916 Acc@5 89.131
Test: [  0/196]	Time  4.225 ( 4.225)	Loss 1.0841e+00 (1.0841e+00)	Acc@1  75.39 ( 75.39)	Acc@5  91.41 ( 91.41)
* loss@1 1.075 Acc@1 74.488 Acc@5 91.466
Epoch: [106][   0/5005]	Time  4.009 ( 4.009)	Data  3.553 ( 3.553)	Loss 4.4668e+01 (4.4668e+01)	Acc@1  76.95 ( 76.95)	Acc@5  91.02 ( 91.02)
Epoch: [106][5000/5005]	Time  0.389 ( 0.393)	Data  0.006 ( 0.007)	Loss 5.3338e+00 (5.6841e+00)	Acc@1  78.52 ( 73.98)	Acc@5  90.62 ( 89.16)
* loss@1 5.684 Acc@1 73.981 Acc@5 89.156
Test: [  0/196]	Time  4.485 ( 4.485)	Loss 1.0047e+00 (1.0047e+00)	Acc@1  75.39 ( 75.39)	Acc@5  91.02 ( 91.02)
* loss@1 1.074 Acc@1 74.518 Acc@5 91.510
Epoch: [107][   0/5005]	Time  3.696 ( 3.696)	Data  3.252 ( 3.252)	Loss 4.5093e+01 (4.5093e+01)	Acc@1  70.70 ( 70.70)	Acc@5  87.11 ( 87.11)
Epoch: [107][5000/5005]	Time  0.391 ( 0.393)	Data  0.006 ( 0.007)	Loss 5.9985e+00 (5.6788e+00)	Acc@1  70.70 ( 73.98)	Acc@5  87.11 ( 89.17)
* loss@1 5.679 Acc@1 73.980 Acc@5 89.166
Test: [  0/196]	Time  4.304 ( 4.304)	Loss 1.0691e+00 (1.0691e+00)	Acc@1  75.39 ( 75.39)	Acc@5  91.02 ( 91.02)
* loss@1 1.083 Acc@1 74.522 Acc@5 91.410
Epoch: [108][   0/5005]	Time  3.733 ( 3.733)	Data  3.339 ( 3.339)	Loss 4.3982e+01 (4.3982e+01)	Acc@1  77.73 ( 77.73)	Acc@5  90.62 ( 90.62)
Epoch: [108][5000/5005]	Time  0.391 ( 0.394)	Data  0.006 ( 0.007)	Loss 5.4494e+00 (5.6599e+00)	Acc@1  73.05 ( 74.06)	Acc@5  89.45 ( 89.19)
* loss@1 5.660 Acc@1 74.057 Acc@5 89.191
Test: [  0/196]	Time  4.372 ( 4.372)	Loss 1.1059e+00 (1.1059e+00)	Acc@1  73.44 ( 73.44)	Acc@5  92.19 ( 92.19)
* loss@1 1.071 Acc@1 74.686 Acc@5 91.480
Epoch: [109][   0/5005]	Time  3.553 ( 3.553)	Data  3.163 ( 3.163)	Loss 4.4235e+01 (4.4235e+01)	Acc@1  73.83 ( 73.83)	Acc@5  91.02 ( 91.02)
Epoch: [109][5000/5005]	Time  0.385 ( 0.393)	Data  0.006 ( 0.007)	Loss 5.5303e+00 (5.6541e+00)	Acc@1  75.00 ( 74.08)	Acc@5  89.06 ( 89.21)
* loss@1 5.654 Acc@1 74.077 Acc@5 89.211
Test: [  0/196]	Time  4.240 ( 4.240)	Loss 8.7198e-01 (8.7198e-01)	Acc@1  76.17 ( 76.17)	Acc@5  94.14 ( 94.14)
* loss@1 1.073 Acc@1 74.536 Acc@5 91.470
Epoch: [110][   0/5005]	Time  3.628 ( 3.628)	Data  3.239 ( 3.239)	Loss 4.3888e+01 (4.3888e+01)	Acc@1  76.95 ( 76.95)	Acc@5  89.84 ( 89.84)
Epoch: [110][5000/5005]	Time  0.388 ( 0.393)	Data  0.006 ( 0.007)	Loss 5.2583e+00 (5.6477e+00)	Acc@1  76.56 ( 74.07)	Acc@5  87.89 ( 89.22)
* loss@1 5.648 Acc@1 74.072 Acc@5 89.216
Test: [  0/196]	Time  4.356 ( 4.356)	Loss 1.1149e+00 (1.1149e+00)	Acc@1  70.70 ( 70.70)	Acc@5  92.58 ( 92.58)
* loss@1 1.076 Acc@1 74.410 Acc@5 91.490
Epoch: [111][   0/5005]	Time  3.999 ( 3.999)	Data  3.607 ( 3.607)	Loss 4.4163e+01 (4.4163e+01)	Acc@1  74.22 ( 74.22)	Acc@5  90.62 ( 90.62)
Epoch: [111][5000/5005]	Time  0.380 ( 0.393)	Data  0.006 ( 0.007)	Loss 5.2887e+00 (5.6325e+00)	Acc@1  74.22 ( 74.09)	Acc@5  90.62 ( 89.21)
* loss@1 5.633 Acc@1 74.090 Acc@5 89.213
Test: [  0/196]	Time  4.287 ( 4.287)	Loss 1.0440e+00 (1.0440e+00)	Acc@1  72.27 ( 72.27)	Acc@5  91.02 ( 91.02)
* loss@1 1.078 Acc@1 74.702 Acc@5 91.454
Epoch: [112][   0/5005]	Time  3.349 ( 3.349)	Data  2.962 ( 2.962)	Loss 4.4180e+01 (4.4180e+01)	Acc@1  75.39 ( 75.39)	Acc@5  89.06 ( 89.06)
Epoch: [112][5000/5005]	Time  0.391 ( 0.392)	Data  0.006 ( 0.007)	Loss 5.2523e+00 (5.6327e+00)	Acc@1  79.30 ( 74.15)	Acc@5  93.36 ( 89.26)
* loss@1 5.633 Acc@1 74.154 Acc@5 89.259
Test: [  0/196]	Time  4.106 ( 4.106)	Loss 9.4799e-01 (9.4799e-01)	Acc@1  78.12 ( 78.12)	Acc@5  92.19 ( 92.19)
* loss@1 1.079 Acc@1 74.520 Acc@5 91.452
Epoch: [113][   0/5005]	Time  4.441 ( 4.441)	Data  4.056 ( 4.056)	Loss 4.3658e+01 (4.3658e+01)	Acc@1  76.95 ( 76.95)	Acc@5  91.02 ( 91.02)
Epoch: [113][5000/5005]	Time  0.384 ( 0.393)	Data  0.006 ( 0.007)	Loss 4.8858e+00 (5.6118e+00)	Acc@1  78.12 ( 74.16)	Acc@5  92.97 ( 89.26)
* loss@1 5.612 Acc@1 74.161 Acc@5 89.266
Test: [  0/196]	Time  4.165 ( 4.165)	Loss 9.6829e-01 (9.6829e-01)	Acc@1  73.44 ( 73.44)	Acc@5  93.36 ( 93.36)
* loss@1 1.087 Acc@1 74.242 Acc@5 91.338
Epoch: [114][   0/5005]	Time  3.999 ( 3.999)	Data  3.603 ( 3.603)	Loss 4.3935e+01 (4.3935e+01)	Acc@1  70.31 ( 70.31)	Acc@5  86.72 ( 86.72)
Epoch: [114][5000/5005]	Time  0.384 ( 0.394)	Data  0.006 ( 0.008)	Loss 6.2546e+00 (5.6046e+00)	Acc@1  69.53 ( 74.19)	Acc@5  86.72 ( 89.24)
* loss@1 5.605 Acc@1 74.190 Acc@5 89.242
Test: [  0/196]	Time  4.607 ( 4.607)	Loss 1.1308e+00 (1.1308e+00)	Acc@1  69.53 ( 69.53)	Acc@5  91.41 ( 91.41)
* loss@1 1.081 Acc@1 74.358 Acc@5 91.408
Epoch: [115][   0/5005]	Time  3.925 ( 3.925)	Data  3.489 ( 3.489)	Loss 4.4560e+01 (4.4560e+01)	Acc@1  73.44 ( 73.44)	Acc@5  89.84 ( 89.84)
Epoch: [115][5000/5005]	Time  0.386 ( 0.395)	Data  0.006 ( 0.007)	Loss 5.9597e+00 (5.6076e+00)	Acc@1  74.22 ( 74.19)	Acc@5  87.89 ( 89.25)
* loss@1 5.608 Acc@1 74.195 Acc@5 89.251
Test: [  0/196]	Time  4.484 ( 4.484)	Loss 8.9736e-01 (8.9736e-01)	Acc@1  73.83 ( 73.83)	Acc@5  94.14 ( 94.14)
* loss@1 1.081 Acc@1 74.474 Acc@5 91.404
Epoch: [116][   0/5005]	Time  3.785 ( 3.785)	Data  3.182 ( 3.182)	Loss 4.3573e+01 (4.3573e+01)	Acc@1  72.27 ( 72.27)	Acc@5  87.11 ( 87.11)
Epoch: [116][5000/5005]	Time  0.389 ( 0.393)	Data  0.006 ( 0.007)	Loss 5.2386e+00 (5.6056e+00)	Acc@1  77.73 ( 74.20)	Acc@5  91.02 ( 89.28)
* loss@1 5.605 Acc@1 74.199 Acc@5 89.278
Test: [  0/196]	Time  4.260 ( 4.260)	Loss 1.0164e+00 (1.0164e+00)	Acc@1  71.09 ( 71.09)	Acc@5  93.36 ( 93.36)
* loss@1 1.091 Acc@1 74.156 Acc@5 91.358
Epoch: [117][   0/5005]	Time  4.007 ( 4.007)	Data  3.337 ( 3.337)	Loss 4.4512e+01 (4.4512e+01)	Acc@1  73.44 ( 73.44)	Acc@5  86.72 ( 86.72)
Epoch: [117][5000/5005]	Time  0.387 ( 0.393)	Data  0.006 ( 0.007)	Loss 4.6853e+00 (5.6037e+00)	Acc@1  77.34 ( 74.20)	Acc@5  90.62 ( 89.26)
* loss@1 5.604 Acc@1 74.200 Acc@5 89.257
Test: [  0/196]	Time  4.190 ( 4.190)	Loss 1.2371e+00 (1.2371e+00)	Acc@1  69.92 ( 69.92)	Acc@5  88.28 ( 88.28)
* loss@1 1.096 Acc@1 74.228 Acc@5 91.166
Epoch: [118][   0/5005]	Time  3.747 ( 3.747)	Data  3.186 ( 3.186)	Loss 4.5108e+01 (4.5108e+01)	Acc@1  67.97 ( 67.97)	Acc@5  85.55 ( 85.55)
Epoch: [118][5000/5005]	Time  0.389 ( 0.395)	Data  0.006 ( 0.008)	Loss 5.4001e+00 (5.6045e+00)	Acc@1  74.22 ( 74.17)	Acc@5  88.28 ( 89.27)
* loss@1 5.605 Acc@1 74.170 Acc@5 89.266
Test: [  0/196]	Time  4.277 ( 4.277)	Loss 1.1995e+00 (1.1995e+00)	Acc@1  71.48 ( 71.48)	Acc@5  92.97 ( 92.97)
* loss@1 1.084 Acc@1 74.442 Acc@5 91.310
Epoch: [119][   0/5005]	Time  4.080 ( 4.080)	Data  3.692 ( 3.692)	Loss 4.3879e+01 (4.3879e+01)	Acc@1  77.73 ( 77.73)	Acc@5  88.67 ( 88.67)
Epoch: [119][5000/5005]	Time  0.389 ( 0.393)	Data  0.006 ( 0.007)	Loss 4.9994e+00 (5.5975e+00)	Acc@1  75.78 ( 74.23)	Acc@5  89.84 ( 89.25)
* loss@1 5.598 Acc@1 74.226 Acc@5 89.251
Test: [  0/196]	Time  4.307 ( 4.307)	Loss 1.1510e+00 (1.1510e+00)	Acc@1  71.48 ( 71.48)	Acc@5  92.19 ( 92.19)
* loss@1 1.101 Acc@1 74.056 Acc@5 91.138